#
# A fatal error has been detected by the Java Runtime Environment:
#
#  Internal Error (jvmciRuntime.cpp:1609), pid=31, tid=45
#  fatal error: Fatal exception in JVMCI: Error calling jdk.vm.ci.services.Services.serializeSavedProperties
#
# JRE version: OpenJDK Runtime Environment GraalVM CE 22.3.0 (17.0.5+8) (build 17.0.5+8-jvmci-22.3-b08)
# Java VM: OpenJDK 64-Bit Server VM GraalVM CE 22.3.0 (17.0.5+8-jvmci-22.3-b08, mixed mode, sharing, tiered, jvmci, jvmci compiler, compressed oops, compressed class ptrs, parallel gc, linux-amd64)
# Problematic frame:
# V  [libjvm.so+0x972714]  JVMCIRuntime::fatal_exception(JVMCIEnv*, char const*)+0x74
#
# Core dump will be written. Default location: Core dumps may be processed with "/usr/share/apport/apport -p%p -s%s -c%c -d%d -P%P -u%u -g%g -- %E" (or dumping to /home/runner/PredatorPrey/core.31)
#
# If you would like to submit a bug report, please visit:
#   https://github.com/oracle/graal/issues
#

---------------  S U M M A R Y ------------

Command Line: -XX:ThreadPriorityPolicy=1 -XX:+UnlockExperimentalVMOptions -XX:+EnableJVMCIProduct -XX:JVMCIThreadsPerNativeLibraryRuntime=1 -XX:-UnlockExperimentalVMOptions -Declipse.application=org.eclipse.jdt.ls.core.id1 -Dosgi.bundles.defaultStartLevel=4 -Declipse.product=org.eclipse.jdt.ls.core.product -Dlog.level=ALL -Xverify:none -XX:+UseParallelGC -XX:GCTimeRatio=4 -XX:AdaptiveSizePolicyWeight=90 -Dsun.zip.disableMemoryMapping=true -Xmx512m -Xms100m /nix/store/m6gcpi1ii6rghy04cjwjddcavv7i90df-jdt-language-server-1.9.0/share/java/plugins/org.eclipse.equinox.launcher_1.6.400.v20210924-0641.jar --add-modules=ALL-SYSTEM --add-opens java.base/java.util=ALL-UNNAMED --add-opens java.base/java.lang=ALL-UNNAMED -configuration /home/runner/.cache/jdt-language-server/config -data /home/runner/.cache/jdt-language-server/data/home/runner/PredatorPrey

Host: AMD EPYC 7B12, 8 cores, 1G, Ubuntu 20.04.2 LTS
Time: Mon Mar  6 20:06:14 2023 UTC elapsed time: 1208.666252 seconds (0d 0h 20m 8s)

---------------  T H R E A D  ---------------

Current thread (0x00007f8a700b2210):  JavaThread "JVMCI-native CompilerThread0" daemon [_thread_in_vm, id=45, stack(0x00007f8a7431a000,0x00007f8a7451a000)]


Current CompileTask:
JVMCI-native:1208669 8088       4       org.eclipse.jdt.internal.compiler.parser.Scanner::scanIdentifierOrKeyword (196 bytes)

Stack: [0x00007f8a7431a000,0x00007f8a7451a000],  sp=0x00007f8a74518380,  free space=2040k
Native frames: (J=compiled Java code, j=interpreted, Vv=VM code, C=native code)
V  [libjvm.so+0x972714]  JVMCIRuntime::fatal_exception(JVMCIEnv*, char const*)+0x74
V  [libjvm.so+0x93e2fe]  JVMCIEnv::copy_saved_properties()+0x14e
V  [libjvm.so+0x9732a9]  JVMCIRuntime::initialize(JVMCIEnv*)+0xb19
V  [libjvm.so+0x9738a2]  JVMCIRuntime::get_HotSpotJVMCIRuntime(JVMCIEnv*)+0x12
V  [libjvm.so+0x9749f2]  JVMCIRuntime::compile_method(JVMCIEnv*, JVMCICompiler*, methodHandle const&, int)+0xd2
V  [libjvm.so+0x5b0d20]  CompileBroker::invoke_compiler_on_method(CompileTask*)+0x1470
V  [libjvm.so+0x5b12e8]  CompileBroker::compiler_thread_loop()+0x528
V  [libjvm.so+0xd82460]  JavaThread::thread_main_inner()+0xd0
V  [libjvm.so+0xd85a40]  Thread::call_run()+0xc0
V  [libjvm.so+0xbdb1e1]  thread_native_entry(Thread*)+0xe1

Register to memory mapping:

RAX=0x00007f8a774ac000 points into unknown readable memory: 0x0000000000000058 | 58 00 00 00 00 00 00 00
RBX=0x00007f8a785a7398: <offset 0x0000000000ef5398> in /nix/store/gpxl5qgg8kicmcvivwmybwjlpf7wh20l-graalvm17-ce-22.3.0/lib/server/libjvm.so at 0x00007f8a776b2000
RCX=0x00007f8a7855f1e8: <offset 0x0000000000ead1e8> in /nix/store/gpxl5qgg8kicmcvivwmybwjlpf7wh20l-graalvm17-ce-22.3.0/lib/server/libjvm.so at 0x00007f8a776b2000
RDX=0x0000000000000649 is an unknown value
RSP=0x00007f8a74518380 is pointing into the stack for thread: 0x00007f8a700b2210
RBP=0x00007f8a745183a0 is pointing into the stack for thread: 0x00007f8a700b2210
RSI=0x00007f8a785a7c48: <offset 0x0000000000ef5c48> in /nix/store/gpxl5qgg8kicmcvivwmybwjlpf7wh20l-graalvm17-ce-22.3.0/lib/server/libjvm.so at 0x00007f8a776b2000
RDI=0x00000000e0000000 is an oop: [Ljava.security.cert.Certificate; 
{0x00000000e0000000} - klass: 'java/security/cert/Certificate'[]
 - length: 3
R8 =0x00007f8a785a7398: <offset 0x0000000000ef5398> in /nix/store/gpxl5qgg8kicmcvivwmybwjlpf7wh20l-graalvm17-ce-22.3.0/lib/server/libjvm.so at 0x00007f8a776b2000
R9 =0x00007f8a74518330 is pointing into the stack for thread: 0x00007f8a700b2210
R10=0x00007f8a74519948 is pointing into the stack for thread: 0x00007f8a700b2210
R11=0x0000000000000293 is an unknown value
R12=0x0 is NULL
R13=0x00007f8a700b2210 is a thread
R14=0x00007f8a70000b80 points into unknown readable memory: 0x00007f8a787d8a38 | 38 8a 7d 78 8a 7f 00 00
R15=0x00007f8a788e6e40: <offset 0x0000000001234e40> in /nix/store/gpxl5qgg8kicmcvivwmybwjlpf7wh20l-graalvm17-ce-22.3.0/lib/server/libjvm.so at 0x00007f8a776b2000


Registers:
RAX=0x00007f8a774ac000, RBX=0x00007f8a785a7398, RCX=0x00007f8a7855f1e8, RDX=0x0000000000000649
RSP=0x00007f8a74518380, RBP=0x00007f8a745183a0, RSI=0x00007f8a785a7c48, RDI=0x00000000e0000000
R8 =0x00007f8a785a7398, R9 =0x00007f8a74518330, R10=0x00007f8a74519948, R11=0x0000000000000293
R12=0x0000000000000000, R13=0x00007f8a700b2210, R14=0x00007f8a70000b80, R15=0x00007f8a788e6e40
RIP=0x00007f8a78024714, EFLAGS=0x0000000000010206, CSGSFS=0x002b000000000033, ERR=0x0000000000000006
  TRAPNO=0x000000000000000e

Top of Stack: (sp=0x00007f8a74518380)
0x00007f8a74518380:   00007f8a74518940 00007f8a700b2210
0x00007f8a74518390:   00007f8a75e3d8c8 0000000800c417a0
0x00007f8a745183a0:   00007f8a74518500 00007f8a77ff02fe
0x00007f8a745183b0:   00007f8a745183e0 00007f8a74518440 

Instructions: (pc=0x00007f8a78024714)
0x00007f8a78024614:   30 e8 f6 cf e8 ff 4c 89 e7 e8 2e 48 d1 ff 84 db
0x00007f8a78024624:   75 2a 4d 85 ed 74 04 4d 8b 6d 00 48 83 c4 08 44
0x00007f8a78024634:   89 f9 4c 89 f2 4c 89 ee 5b 4c 89 e7 41 5c 41 5d
0x00007f8a78024644:   41 5e 41 5f 5d e9 e2 47 d1 ff 66 90 48 83 c4 08
0x00007f8a78024654:   5b 41 5c 41 5d 41 5e 41 5f 5d c3 90 31 d2 be 08
0x00007f8a78024664:   00 00 00 4c 89 ff e8 b1 78 a3 ff 49 89 c5 e9 37
0x00007f8a78024674:   ff ff ff 66 0f 1f 84 00 00 00 00 00 48 8b 7a 08
0x00007f8a78024684:   e9 6d ff ff ff 0f 1f 80 00 00 00 00 e8 5b 48 0a
0x00007f8a78024694:   00 84 c0 75 89 e9 6a ff ff ff 66 90 55 48 89 e5
0x00007f8a780246a4:   41 56 41 55 41 54 49 89 fc 53 48 89 f3 66 48 8d
0x00007f8a780246b4:   3d 27 5e 85 00 66 66 48 e8 df 43 8d ff 4c 8b 28
0x00007f8a780246c4:   8b 05 be 72 8a 00 85 c0 75 14 ba 01 00 00 00 48
0x00007f8a780246d4:   8d 0d ae 72 8a 00 f0 0f b1 11 85 c0 74 4e be c8
0x00007f8a780246e4:   00 00 00 4c 89 ef e8 01 0b 41 00 48 8d 05 12 ac
0x00007f8a780246f4:   85 00 49 89 d8 48 8d 0d e8 aa 53 00 ba 49 06 00
0x00007f8a78024704:   00 48 8d 35 3c 35 58 00 bf 00 00 00 e0 48 8b 00
0x00007f8a78024714:   c6 00 58 31 c0 e8 e2 91 c6 ff 5b 41 5c 41 5d 41
0x00007f8a78024724:   5e 5d e9 55 34 26 00 0f 1f 44 00 00 48 8d 05 81
0x00007f8a78024734:   a3 8b 00 48 89 df 4c 8b 30 e8 9e 43 8d ff 48 89
0x00007f8a78024744:   de 48 89 c2 49 8b 06 4c 89 f7 ff 50 08 4c 89 f7
0x00007f8a78024754:   e8 a7 5c 27 00 4d 85 e4 74 12 be 01 00 00 00 4c
0x00007f8a78024764:   89 e7 e8 35 43 fc ff eb 82 0f 1f 00 be 01 00 00
0x00007f8a78024774:   00 4c 89 ef e8 d3 fd ff ff e9 6d ff ff ff 66 66
0x00007f8a78024784:   2e 0f 1f 84 00 00 00 00 00 0f 1f 00 55 48 89 e5
0x00007f8a78024794:   41 57 41 56 41 55 41 54 53 48 81 ec 08 02 00 00
0x00007f8a780247a4:   64 48 8b 04 25 28 00 00 00 48 89 45 c8 8b 07 83
0x00007f8a780247b4:   f8 02 0f 84 11 04 00 00 4c 8b 6f 18 49 89 ff 49
0x00007f8a780247c4:   89 f4 4d 85 ed 74 14 4c 89 ef e8 5d 57 22 00 41
0x00007f8a780247d4:   8b 07 83 f8 02 0f 84 19 04 00 00 48 8d 1d 9a 06
0x00007f8a780247e4:   8a 00 4c 8d 35 0b 3c 58 00 eb 38 90 48 85 d2 7f
0x00007f8a780247f4:   0d 48 8d 05 b4 c0 85 00 48 83 38 00 7e 0e 41 8b
0x00007f8a78024804:   77 2c 4c 89 f7 31 c0 e8 a0 b2 f7 ff 49 8b 7f 18 


Stack slot to memory mapping:
stack at sp + 0 slots: 0x00007f8a74518940 is pointing into the stack for thread: 0x00007f8a700b2210
stack at sp + 1 slots: 0x00007f8a700b2210 is a thread
stack at sp + 2 slots: 0x00007f8a75e3d8c8 points into unknown readable memory: 0x6573001880c9ffff | ff ff c9 80 18 00 73 65
stack at sp + 3 slots: 0x0000000800c417a0 is a pointer to class: 
jdk.vm.ci.services.Services {0x0000000800c417a0}
 - instance size:     2
 - klass size:        65
 - access:            public final synchronized 
 - state:             fully_initialized
 - name:              'jdk/vm/ci/services/Services'
 - super:             'java/lang/Object'
 - sub:               
 - arrays:            NULL
 - methods:           Array<T>(0x00007f8a74c41c70)
 - method ordering:   Array<T>(0x0000000800928960)
 - default_methods:   Array<T>(0x0000000000000000)
 - local interfaces:  Array<T>(0x00000008005ce810)
 - trans. interfaces: Array<T>(0x00000008005ce810)
 - constants:         constant pool [427] {0x00007f8a74c40d50} for 'jdk/vm/ci/services/Services' cache=0x00007f8a74c42f40
 - class loader data:  loader data: 0x00007f8a700283f0 of 'bootstrap'
 - source file:       'Services.java'
 - class annotations:       Array<T>(0x0000000000000000)
 - class type annotations:  Array<T>(0x0000000000000000)
 - field annotations:       Array<T>(0x0000000000000000)
 - field type annotations:  Array<T>(0x0000000000000000)
 - inner classes:     Array<T>(0x00007f8a74c42f10)
 - nest members:     Array<T>(0x00007f8a74c42f30)
 - permitted subclasses:     Array<T>(0x00000008005ce7a0)
 - java mirror:       a 'java/lang/Class'{0x00000000e017b528} = 'jdk/vm/ci/services/Services'
 - vtable length      5  (start addr: 0x0000000800c41970)
 - itable length      2 (start addr: 0x0000000800c41998)
 - ---- static fields (3 words):
 - public static final 'IS_BUILDING_NATIVE_IMAGE' 'Z' @128 
 - public static final 'IS_IN_NATIVE_IMAGE' 'Z' @129 
 - private static volatile 'savedProperties' 'Ljava/util/Map;' @112 
 - static final 'JVMCI_ENABLED' 'Z' @130 
 - private static final 'servicesCache' 'Ljava/util/Map;' @116 
 - private static final 'MAX_UNICODE_IN_UTF8_LENGTH' 'I' @120 
 - private static final 'MAX_UTF8_PROPERTY_STRING_LENGTH' 'I' @124 
 - ---- non-static fields (0 words):
 - non-static oop maps: 
stack at sp + 4 slots: 0x00007f8a74518500 is pointing into the stack for thread: 0x00007f8a700b2210
stack at sp + 5 slots: 0x00007f8a77ff02fe: <offset 0x000000000093e2fe> in /nix/store/gpxl5qgg8kicmcvivwmybwjlpf7wh20l-graalvm17-ce-22.3.0/lib/server/libjvm.so at 0x00007f8a776b2000
stack at sp + 6 slots: 0x00007f8a745183e0 is pointing into the stack for thread: 0x00007f8a700b2210
stack at sp + 7 slots: 0x00007f8a74518440 is pointing into the stack for thread: 0x00007f8a700b2210


---------------  P R O C E S S  ---------------

Threads class SMR info:
_java_thread_list=0x00007f89d81a0210, length=30, elements={
0x00007f8a70026690, 0x00007f8a700a64d0, 0x00007f8a700a7910, 0x00007f8a700ae080,
0x00007f8a700af430, 0x00007f8a700b0820, 0x00007f8a700b2210, 0x00007f8a700b3720,
0x00007f8a700b4b70, 0x00007f8a700d7ab0, 0x00007f8a7011f550, 0x00007f8a703340c0,
0x00007f8a70367b20, 0x00007f8a70369af0, 0x00007f8a7034e2c0, 0x00007f8a08016dc0,
0x00007f8a082c99a0, 0x00007f8a0832ae40, 0x00007f89f00010d0, 0x00007f8a084a75b0,
0x00007f8a08644be0, 0x00007f8a703afc40, 0x00007f89e4001130, 0x00007f89dc000ff0,
0x00007f89d8031640, 0x00007f89d8030d80, 0x00007f89d81a7ff0, 0x00007f89d81a8570,
0x00007f89e0000ff0, 0x00007f89d8039db0
}

Java Threads: ( => current thread )
  0x00007f8a70026690 JavaThread "main" [_thread_blocked, id=37, stack(0x00007f8a774cd000,0x00007f8a775cd000)]
  0x00007f8a700a64d0 JavaThread "Reference Handler" daemon [_thread_blocked, id=40, stack(0x00007f8a754e4000,0x00007f8a755e4000)]
  0x00007f8a700a7910 JavaThread "Finalizer" daemon [_thread_blocked, id=41, stack(0x00007f8a74b00000,0x00007f8a74c00000)]
  0x00007f8a700ae080 JavaThread "Signal Dispatcher" daemon [_thread_blocked, id=42, stack(0x00007f8a7471a000,0x00007f8a7481a000)]
  0x00007f8a700af430 JavaThread "Service Thread" daemon [_thread_blocked, id=43, stack(0x00007f8a7461a000,0x00007f8a7471a000)]
  0x00007f8a700b0820 JavaThread "Monitor Deflation Thread" daemon [_thread_blocked, id=44, stack(0x00007f8a7451a000,0x00007f8a7461a000)]
=>0x00007f8a700b2210 JavaThread "JVMCI-native CompilerThread0" daemon [_thread_in_vm, id=45, stack(0x00007f8a7431a000,0x00007f8a7451a000)]
  0x00007f8a700b3720 JavaThread "C1 CompilerThread0" daemon [_thread_blocked, id=46, stack(0x00007f8a7411a000,0x00007f8a7431a000)]
  0x00007f8a700b4b70 JavaThread "Sweeper thread" daemon [_thread_blocked, id=47, stack(0x00007f8a7401a000,0x00007f8a7411a000)]
  0x00007f8a700d7ab0 JavaThread "Common-Cleaner" daemon [_thread_blocked, id=48, stack(0x00007f8a573b3000,0x00007f8a574b3000)]
  0x00007f8a7011f550 JavaThread "Notification Thread" daemon [_thread_blocked, id=49, stack(0x00007f8a572b3000,0x00007f8a573b3000)]
  0x00007f8a703340c0 JavaThread "Active Thread: Equinox Container: 407c8577-10e8-475b-8f10-59ee81b0d3e9" [_thread_blocked, id=63, stack(0x00007f8a54d00000,0x00007f8a54e00000)]
  0x00007f8a70367b20 JavaThread "Framework Event Dispatcher: Equinox Container: 407c8577-10e8-475b-8f10-59ee81b0d3e9" daemon [_thread_blocked, id=64, stack(0x00007f8a54b00000,0x00007f8a54c00000)]
  0x00007f8a70369af0 JavaThread "Start Level: Equinox Container: 407c8577-10e8-475b-8f10-59ee81b0d3e9" daemon [_thread_blocked, id=65, stack(0x00007f8a54900000,0x00007f8a54a00000)]
  0x00007f8a7034e2c0 JavaThread "Refresh Thread: Equinox Container: 407c8577-10e8-475b-8f10-59ee81b0d3e9" daemon [_thread_blocked, id=66, stack(0x00007f8a54700000,0x00007f8a54800000)]
  0x00007f8a08016dc0 JavaThread "SCR Component Actor" daemon [_thread_blocked, id=75, stack(0x00007f8a54600000,0x00007f8a54700000)]
  0x00007f8a082c99a0 JavaThread "Worker-JM" [_thread_blocked, id=78, stack(0x00007f8a54300000,0x00007f8a54400000)]
  0x00007f8a0832ae40 JavaThread "Worker-0: Java indexing... " [_thread_blocked, id=82, stack(0x00007f8a54100000,0x00007f8a54200000)]
  0x00007f89f00010d0 JavaThread "Worker-1" [_thread_blocked, id=88, stack(0x00007f8a1ed00000,0x00007f8a1ee00000)]
  0x00007f8a084a75b0 JavaThread "Java indexing" daemon [_thread_blocked, id=89, stack(0x00007f8a1eb00000,0x00007f8a1ec00000)]
  0x00007f8a08644be0 JavaThread "Bundle File Closer" daemon [_thread_blocked, id=90, stack(0x00007f8a1e900000,0x00007f8a1ea00000)]
  0x00007f8a703afc40 JavaThread "pool-2-thread-1" [_thread_blocked, id=101, stack(0x00007f8a1e300000,0x00007f8a1e400000)]
  0x00007f89e4001130 JavaThread "Worker-3" [_thread_blocked, id=102, stack(0x00007f8a1e100000,0x00007f8a1e200000)]
  0x00007f89dc000ff0 JavaThread "Worker-5: Periodic workspace save." [_thread_blocked, id=1027, stack(0x00007f8a1df00000,0x00007f8a1e000000)]
  0x00007f89d8031640 JavaThread "Thread-4" [_thread_blocked, id=2090, stack(0x00007f8a1e500000,0x00007f8a1e600000)]
  0x00007f89d8030d80 JavaThread "Thread-5" [_thread_blocked, id=2230, stack(0x00007f8a54500000,0x00007f8a54600000)]
  0x00007f89d81a7ff0 JavaThread "Thread-6" [_thread_blocked, id=2424, stack(0x00007f8a1dd00000,0x00007f8a1de00000)]
  0x00007f89d81a8570 JavaThread "Thread-7" [_thread_blocked, id=2473, stack(0x00007f8a1db00000,0x00007f8a1dc00000)]
  0x00007f89e0000ff0 JavaThread "pool-3-thread-2" [_thread_blocked, id=3178, stack(0x00007f8a54c00000,0x00007f8a54d00000)]
  0x00007f89d8039db0 JavaThread "Thread-8" [_thread_blocked, id=3387, stack(0x00007f8a1e700000,0x00007f8a1e800000)]

Other Threads:
  0x00007f8a700a1c10 VMThread "VM Thread" [stack: 0x00007f8a755e6000,0x00007f8a756e6000] [id=39] _threads_hazard_ptr=0x00007f89d81a0210
  0x00007f8a70120ef0 WatcherThread [stack: 0x00007f8a571b3000,0x00007f8a572b3000] [id=50]
  0x00007f8a7003df30 GCTaskThread "GC Thread#0" [stack: 0x00007f8a77090000,0x00007f8a77190000] [id=38]

Threads with active compile tasks:
JVMCI-native CompilerThread0  1208726 8088       4       org.eclipse.jdt.internal.compiler.parser.Scanner::scanIdentifierOrKeyword (196 bytes)

VM state: synchronizing (normal execution)

VM Mutex/Monitor currently owned by a thread:  ([mutex/lock_event])
[0x00007f8a70023840] Threads_lock - owner thread: 0x00007f8a700a1c10
[0x00007f8a70023ff0] Heap_lock - owner thread: 0x00007f8a084a75b0

OutOfMemory and StackOverflow Exception counts:
OutOfMemoryError java_heap_errors=9
LinkageErrors=53

Heap address: 0x00000000e0000000, size: 512 MB, Compressed Oops mode: 32-bit

CDS archive(s) mapped at: [0x0000000800000000-0x0000000800bc8000-0x0000000800bc8000), size 12353536, SharedBaseAddress: 0x0000000800000000, ArchiveRelocationMode: 0.
Compressed class space mapped at: 0x0000000800c00000-0x0000000840c00000, reserved size: 1073741824
Narrow klass base: 0x0000000800000000, Narrow klass shift: 0, Narrow klass range: 0x100000000

GC Precious Log:
 CPUs: 8 total, 1 available
 Memory: 1024M
 Large Page Support: Disabled
 NUMA Support: Disabled
 Compressed Oops: Enabled (32-bit)
 Alignments: Space 512K, Generation 512K, Heap 2M
 Heap Min Capacity: 100M
 Heap Initial Capacity: 100M
 Heap Max Capacity: 512M
 Pre-touch: Disabled
 Parallel Workers: 1

Heap:
 PSYoungGen      total 41472K, used 25087K [0x00000000f5580000, 0x00000000f8f00000, 0x0000000100000000)
  eden space 25088K, 99% used [0x00000000f5580000,0x00000000f6dffff0,0x00000000f6e00000)
  from space 16384K, 0% used [0x00000000f7280000,0x00000000f7280000,0x00000000f8280000)
  to   space 10240K, 0% used [0x00000000f8500000,0x00000000f8500000,0x00000000f8f00000)
 ParOldGen       total 349696K, used 349696K [0x00000000e0000000, 0x00000000f5580000, 0x00000000f5580000)
  object space 349696K, 100% used [0x00000000e0000000,0x00000000f5580000,0x00000000f5580000)
 Metaspace       used 54910K, committed 55744K, reserved 1105920K
  class space    used 5454K, committed 5824K, reserved 1048576K

Card table byte_map: [0x00007f8a77190000,0x00007f8a77291000] _byte_map_base: 0x00007f8a76a90000

Marking Bits: (ParMarkBitMap*) 0x00007f8a788e04c0
 Begin Bits: [0x00007f8a75fe3000, 0x00007f8a767e3000)
 End Bits:   [0x00007f8a767e3000, 0x00007f8a76fe3000)

Polling page: 0x00007f8a774aa000

Metaspace:

Usage:
  Non-class:     48.30 MB used.
      Class:      5.33 MB used.
       Both:     53.62 MB used.

Virtual space:
  Non-class space:       56.00 MB reserved,      48.75 MB ( 87%) committed,  7 nodes.
      Class space:        1.00 GB reserved,       5.69 MB ( <1%) committed,  1 nodes.
             Both:        1.05 GB reserved,      54.44 MB (  5%) committed. 

Chunk freelists:
   Non-Class:  2.56 MB
       Class:  2.36 MB
        Both:  4.92 MB

MaxMetaspaceSize: unlimited
CompressedClassSpaceSize: 1.00 GB
Initial GC threshold: 21.00 MB
Current GC threshold: 90.75 MB
CDS: on
MetaspaceReclaimPolicy: balanced
 - commit_granule_bytes: 65536.
 - commit_granule_words: 8192.
 - virtual_space_node_default_size: 1048576.
 - enlarge_chunks_in_place: 1.
 - new_chunks_are_fully_committed: 0.
 - uncommit_free_chunks: 1.
 - use_allocation_guard: 0.
 - handle_deallocations: 1.


Internal statistics:

num_allocs_failed_limit: 6.
num_arena_births: 382.
num_arena_deaths: 78.
num_vsnodes_births: 8.
num_vsnodes_deaths: 0.
num_space_committed: 869.
num_space_uncommitted: 0.
num_chunks_returned_to_freelist: 106.
num_chunks_taken_from_freelist: 2463.
num_chunk_merges: 34.
num_chunk_splits: 1605.
num_chunks_enlarged: 1012.
num_purges: 10.
num_inconsistent_stats: 0.

CodeHeap 'non-profiled nmethods': size=120036Kb used=2232Kb max_used=2232Kb free=117804Kb
 bounds [0x00007f8a5ef7a000, 0x00007f8a5f1ea000, 0x00007f8a664b3000]
CodeHeap 'profiled nmethods': size=120032Kb used=12157Kb max_used=14525Kb free=107874Kb
 bounds [0x00007f8a57a42000, 0x00007f8a58872000, 0x00007f8a5ef7a000]
CodeHeap 'non-nmethods': size=5692Kb used=1391Kb max_used=1411Kb free=4300Kb
 bounds [0x00007f8a574b3000, 0x00007f8a57723000, 0x00007f8a57a42000]
 total_blobs=6655 nmethods=5928 adapters=618
 compilation: enabled
              stopped_count=0, restarted_count=0
 full_count=0

JVMCI Events (20 events):
Event: 1015.843 Thread 0x00007f8a700b2210 destroyed JavaVM[10]@0x00007f8a1d59e340 for JVMCI runtime 0
Event: 1015.843 Thread 0x00007f8a700b2210 compacted oop handles in JVMCI runtime 0 from 83 to 83
Event: 1015.843 Thread 0x00007f8a700b2210 releasing handles for JVMCI runtime 0: oop handles=83, metadata handles={total=224, live=210, blocks=34}
Event: 1015.843 Thread 0x00007f8a700b2210 detached from JVMCI runtime 0
Event: 1064.356 Thread 0x00007f8a700b2210 attached to JVMCI runtime 0
Event: 1064.358 Thread 0x00007f8a700b2210 created JavaVM[11]@0x00007f8a1d59e340 for JVMCI runtime 0
Event: 1065.656 Thread 0x00007f8a700b2210 initializing JVMCI runtime 0
Event: 1065.656 Thread 0x00007f8a700b2210 done waiting for JavaVM references initialization in JVMCI runtime 0
Event: 1081.331 Thread 0x00007f8a700b2210 initialized JVMCI runtime 0
Event: 1082.644 Thread 0x00007f8a700b2210 detaching from JVMCI runtime 0: releasing idle compiler thread (0 other threads still attached)
Event: 1082.644 Thread 0x00007f8a700b2210 shutting down HotSpotJVMCIRuntime for JVMCI runtime 0
Event: 1085.055 Thread 0x00007f8a700b2210 shut down JVMCI runtime 0
Event: 1086.326 Thread 0x00007f8a700b2210 destroyed JavaVM[11]@0x00007f8a1d59e340 for JVMCI runtime 0
Event: 1086.326 Thread 0x00007f8a700b2210 compacted oop handles in JVMCI runtime 0 from 42 to 42
Event: 1086.326 Thread 0x00007f8a700b2210 releasing handles for JVMCI runtime 0: oop handles=42, metadata handles={total=86, live=75, blocks=34}
Event: 1086.326 Thread 0x00007f8a700b2210 detached from JVMCI runtime 0
Event: 1177.447 Thread 0x00007f8a700b2210 attached to JVMCI runtime 0
Event: 1177.448 Thread 0x00007f8a700b2210 created JavaVM[12]@0x00007f8a1d59e340 for JVMCI runtime 0
Event: 1178.938 Thread 0x00007f8a700b2210 initializing JVMCI runtime 0
Event: 1178.938 Thread 0x00007f8a700b2210 done waiting for JavaVM references initialization in JVMCI runtime 0

Compilation events (20 events):
Event: 1057.569 Thread 0x00007f8a700b3720 nmethod 8079 0x00007f8a57b69910 code [0x00007f8a57b69aa0, 0x00007f8a57b69bb0]
Event: 1064.356 Thread 0x00007f8a700b2210 8080       4       org.eclipse.core.runtime.Assert::isNotNull (29 bytes)
Event: 1081.331 Thread 0x00007f8a700b3720 8081       3       java.lang.invoke.VarHandleReferences$FieldInstanceReadWrite::set (35 bytes)
Event: 1081.332 Thread 0x00007f8a700b3720 nmethod 8081 0x00007f8a57bea790 code [0x00007f8a57bea9c0, 0x00007f8a57beb300]
Event: 1081.340 Thread 0x00007f8a700b2210 nmethod 8080 0x00007f8a5f1a7a10 code [0x00007f8a5f1a7b80, 0x00007f8a5f1a7bd0]
Event: 1103.346 Thread 0x00007f8a700b3720 8082       3       java.util.concurrent.ThreadPoolExecutor::workerCountOf (5 bytes)
Event: 1103.346 Thread 0x00007f8a700b3720 nmethod 8082 0x00007f8a57bb3d90 code [0x00007f8a57bb3f20, 0x00007f8a57bb4010]
Event: 1117.153 Thread 0x00007f8a700b3720 8083       3       org.eclipse.core.internal.localstore.SafeChunkyInputStream::compare (45 bytes)
Event: 1119.252 Thread 0x00007f8a700b3720 nmethod 8083 0x00007f8a57a76010 code [0x00007f8a57a761c0, 0x00007f8a57a76450]
Event: 1119.252 Thread 0x00007f8a700b3720 8084       3       org.eclipse.core.internal.localstore.SafeChunkyInputStream::read (71 bytes)
Event: 1120.362 Thread 0x00007f8a700b3720 nmethod 8084 0x00007f8a58363010 code [0x00007f8a58363220, 0x00007f8a583636d0]
Event: 1132.856 Thread 0x00007f8a700b3720 8085       3       java.util.concurrent.ScheduledThreadPoolExecutor$DelayedWorkQueue::setIndex (16 bytes)
Event: 1132.856 Thread 0x00007f8a700b3720 nmethod 8085 0x00007f8a5857d610 code [0x00007f8a5857d7c0, 0x00007f8a5857dd90]
Event: 1163.552 Thread 0x00007f8a700b3720 8086       1       java.util.concurrent.ThreadPoolExecutor::getQueue (5 bytes)
Event: 1163.552 Thread 0x00007f8a700b3720 nmethod 8086 0x00007f8a5f1a7d10 code [0x00007f8a5f1a7ea0, 0x00007f8a5f1a7f70]
Event: 1167.062 Thread 0x00007f8a700b3720 8087       3       java.lang.StringBuffer::<init> (6 bytes)
Event: 1167.062 Thread 0x00007f8a700b3720 nmethod 8087 0x00007f8a57b6a210 code [0x00007f8a57b6a3c0, 0x00007f8a57b6a500]
Event: 1177.447 Thread 0x00007f8a700b2210 8088       4       org.eclipse.jdt.internal.compiler.parser.Scanner::scanIdentifierOrKeyword (196 bytes)
Event: 1197.140 Thread 0x00007f8a700b3720 8089       3       java.util.concurrent.locks.AbstractQueuedSynchronizer$ConditionObject::canReacquire (28 bytes)
Event: 1197.140 Thread 0x00007f8a700b3720 nmethod 8089 0x00007f8a5848f210 code [0x00007f8a5848f3c0, 0x00007f8a5848f710]

GC Heap History (20 events):
Event: 1197.147 GC heap before
{Heap before GC invocations=1155 (full 1020):
 PSYoungGen      total 41472K, used 25087K [0x00000000f5580000, 0x00000000f8f00000, 0x0000000100000000)
  eden space 25088K, 99% used [0x00000000f5580000,0x00000000f6dffff8,0x00000000f6e00000)
  from space 16384K, 0% used [0x00000000f7280000,0x00000000f7280000,0x00000000f8280000)
  to   space 10240K, 0% used [0x00000000f8500000,0x00000000f8500000,0x00000000f8f00000)
 ParOldGen       total 349696K, used 349695K [0x00000000e0000000, 0x00000000f5580000, 0x00000000f5580000)
  object space 349696K, 99% used [0x00000000e0000000,0x00000000f557ffe8,0x00000000f5580000)
 Metaspace       used 54907K, committed 55744K, reserved 1105920K
  class space    used 5453K, committed 5824K, reserved 1048576K
}
Event: 1198.415 GC heap after
{Heap after GC invocations=1155 (full 1020):
 PSYoungGen      total 35328K, used 25087K [0x00000000f5580000, 0x00000000f8f00000, 0x0000000100000000)
  eden space 25088K, 99% used [0x00000000f5580000,0x00000000f6dfffe0,0x00000000f6e00000)
  from space 10240K, 0% used [0x00000000f8500000,0x00000000f8500000,0x00000000f8f00000)
  to   space 16384K, 0% used [0x00000000f7280000,0x00000000f7280000,0x00000000f8280000)
 ParOldGen       total 349696K, used 349695K [0x00000000e0000000, 0x00000000f5580000, 0x00000000f5580000)
  object space 349696K, 99% used [0x00000000e0000000,0x00000000f557fd28,0x00000000f5580000)
 Metaspace       used 54907K, committed 55744K, reserved 1105920K
  class space    used 5453K, committed 5824K, reserved 1048576K
}
Event: 1198.429 GC heap before
{Heap before GC invocations=1156 (full 1021):
 PSYoungGen      total 35328K, used 25088K [0x00000000f5580000, 0x00000000f8f00000, 0x0000000100000000)
  eden space 25088K, 100% used [0x00000000f5580000,0x00000000f6e00000,0x00000000f6e00000)
  from space 10240K, 0% used [0x00000000f8500000,0x00000000f8500000,0x00000000f8f00000)
  to   space 16384K, 0% used [0x00000000f7280000,0x00000000f7280000,0x00000000f8280000)
 ParOldGen       total 349696K, used 349695K [0x00000000e0000000, 0x00000000f5580000, 0x00000000f5580000)
  object space 349696K, 99% used [0x00000000e0000000,0x00000000f557fd28,0x00000000f5580000)
 Metaspace       used 54907K, committed 55744K, reserved 1105920K
  class space    used 5453K, committed 5824K, reserved 1048576K
}
Event: 1199.544 GC heap after
{Heap after GC invocations=1156 (full 1021):
 PSYoungGen      total 41472K, used 25088K [0x00000000f5580000, 0x00000000f8f00000, 0x0000000100000000)
  eden space 25088K, 100% used [0x00000000f5580000,0x00000000f6e00000,0x00000000f6e00000)
  from space 16384K, 0% used [0x00000000f7280000,0x00000000f7280000,0x00000000f8280000)
  to   space 10240K, 0% used [0x00000000f8500000,0x00000000f8500000,0x00000000f8f00000)
 ParOldGen       total 349696K, used 349695K [0x00000000e0000000, 0x00000000f5580000, 0x00000000f5580000)
  object space 349696K, 99% used [0x00000000e0000000,0x00000000f557fd28,0x00000000f5580000)
 Metaspace       used 54907K, committed 55744K, reserved 1105920K
  class space    used 5453K, committed 5824K, reserved 1048576K
}
Event: 1199.545 GC heap before
{Heap before GC invocations=1157 (full 1022):
 PSYoungGen      total 41472K, used 25088K [0x00000000f5580000, 0x00000000f8f00000, 0x0000000100000000)
  eden space 25088K, 100% used [0x00000000f5580000,0x00000000f6e00000,0x00000000f6e00000)
  from space 16384K, 0% used [0x00000000f7280000,0x00000000f7280000,0x00000000f8280000)
  to   space 10240K, 0% used [0x00000000f8500000,0x00000000f8500000,0x00000000f8f00000)
 ParOldGen       total 349696K, used 349695K [0x00000000e0000000, 0x00000000f5580000, 0x00000000f5580000)
  object space 349696K, 99% used [0x00000000e0000000,0x00000000f557ffe0,0x00000000f5580000)
 Metaspace       used 54907K, committed 55744K, reserved 1105920K
  class space    used 5453K, committed 5824K, reserved 1048576K
}
Event: 1200.684 GC heap after
{Heap after GC invocations=1157 (full 1022):
 PSYoungGen      total 35328K, used 25087K [0x00000000f5580000, 0x00000000f8f00000, 0x0000000100000000)
  eden space 25088K, 99% used [0x00000000f5580000,0x00000000f6dfffe0,0x00000000f6e00000)
  from space 10240K, 0% used [0x00000000f8500000,0x00000000f8500000,0x00000000f8f00000)
  to   space 16384K, 0% used [0x00000000f7280000,0x00000000f7280000,0x00000000f8280000)
 ParOldGen       total 349696K, used 349694K [0x00000000e0000000, 0x00000000f5580000, 0x00000000f5580000)
  object space 349696K, 99% used [0x00000000e0000000,0x00000000f557fbd8,0x00000000f5580000)
 Metaspace       used 54907K, committed 55744K, reserved 1105920K
  class space    used 5453K, committed 5824K, reserved 1048576K
}
Event: 1200.684 GC heap before
{Heap before GC invocations=1158 (full 1023):
 PSYoungGen      total 35328K, used 25087K [0x00000000f5580000, 0x00000000f8f00000, 0x0000000100000000)
  eden space 25088K, 99% used [0x00000000f5580000,0x00000000f6dffff0,0x00000000f6e00000)
  from space 10240K, 0% used [0x00000000f8500000,0x00000000f8500000,0x00000000f8f00000)
  to   space 16384K, 0% used [0x00000000f7280000,0x00000000f7280000,0x00000000f8280000)
 ParOldGen       total 349696K, used 349695K [0x00000000e0000000, 0x00000000f5580000, 0x00000000f5580000)
  object space 349696K, 99% used [0x00000000e0000000,0x00000000f557fd98,0x00000000f5580000)
 Metaspace       used 54910K, committed 55744K, reserved 1105920K
  class space    used 5454K, committed 5824K, reserved 1048576K
}
Event: 1201.771 GC heap after
{Heap after GC invocations=1158 (full 1023):
 PSYoungGen      total 41472K, used 25087K [0x00000000f5580000, 0x00000000f8f00000, 0x0000000100000000)
  eden space 25088K, 99% used [0x00000000f5580000,0x00000000f6dffff0,0x00000000f6e00000)
  from space 16384K, 0% used [0x00000000f7280000,0x00000000f7280000,0x00000000f8280000)
  to   space 10240K, 0% used [0x00000000f8500000,0x00000000f8500000,0x00000000f8f00000)
 ParOldGen       total 349696K, used 349695K [0x00000000e0000000, 0x00000000f5580000, 0x00000000f5580000)
  object space 349696K, 99% used [0x00000000e0000000,0x00000000f557fd28,0x00000000f5580000)
 Metaspace       used 54910K, committed 55744K, reserved 1105920K
  class space    used 5454K, committed 5824K, reserved 1048576K
}
Event: 1201.771 GC heap before
{Heap before GC invocations=1159 (full 1024):
 PSYoungGen      total 41472K, used 25087K [0x00000000f5580000, 0x00000000f8f00000, 0x0000000100000000)
  eden space 25088K, 99% used [0x00000000f5580000,0x00000000f6dffff0,0x00000000f6e00000)
  from space 16384K, 0% used [0x00000000f7280000,0x00000000f7280000,0x00000000f8280000)
  to   space 10240K, 0% used [0x00000000f8500000,0x00000000f8500000,0x00000000f8f00000)
 ParOldGen       total 349696K, used 349695K [0x00000000e0000000, 0x00000000f5580000, 0x00000000f5580000)
  object space 349696K, 99% used [0x00000000e0000000,0x00000000f557fd28,0x00000000f5580000)
 Metaspace       used 54910K, committed 55744K, reserved 1105920K
  class space    used 5454K, committed 5824K, reserved 1048576K
}
Event: 1202.954 GC heap after
{Heap after GC invocations=1159 (full 1024):
 PSYoungGen      total 35328K, used 25087K [0x00000000f5580000, 0x00000000f8f00000, 0x0000000100000000)
  eden space 25088K, 99% used [0x00000000f5580000,0x00000000f6dffff0,0x00000000f6e00000)
  from space 10240K, 0% used [0x00000000f8500000,0x00000000f8500000,0x00000000f8f00000)
  to   space 16384K, 0% used [0x00000000f7280000,0x00000000f7280000,0x00000000f8280000)
 ParOldGen       total 349696K, used 349695K [0x00000000e0000000, 0x00000000f5580000, 0x00000000f5580000)
  object space 349696K, 99% used [0x00000000e0000000,0x00000000f557fd28,0x00000000f5580000)
 Metaspace       used 54910K, committed 55744K, reserved 1105920K
  class space    used 5454K, committed 5824K, reserved 1048576K
}
Event: 1202.955 GC heap before
{Heap before GC invocations=1160 (full 1025):
 PSYoungGen      total 35328K, used 25088K [0x00000000f5580000, 0x00000000f8f00000, 0x0000000100000000)
  eden space 25088K, 100% used [0x00000000f5580000,0x00000000f6e00000,0x00000000f6e00000)
  from space 10240K, 0% used [0x00000000f8500000,0x00000000f8500000,0x00000000f8f00000)
  to   space 16384K, 0% used [0x00000000f7280000,0x00000000f7280000,0x00000000f8280000)
 ParOldGen       total 349696K, used 349695K [0x00000000e0000000, 0x00000000f5580000, 0x00000000f5580000)
  object space 349696K, 99% used [0x00000000e0000000,0x00000000f557fff0,0x00000000f5580000)
 Metaspace       used 54910K, committed 55744K, reserved 1105920K
  class space    used 5454K, committed 5824K, reserved 1048576K
}
Event: 1204.141 GC heap after
{Heap after GC invocations=1160 (full 1025):
 PSYoungGen      total 41472K, used 25087K [0x00000000f5580000, 0x00000000f8f00000, 0x0000000100000000)
  eden space 25088K, 99% used [0x00000000f5580000,0x00000000f6dffff0,0x00000000f6e00000)
  from space 16384K, 0% used [0x00000000f7280000,0x00000000f7280000,0x00000000f8280000)
  to   space 10240K, 0% used [0x00000000f8500000,0x00000000f8500000,0x00000000f8f00000)
 ParOldGen       total 349696K, used 349695K [0x00000000e0000000, 0x00000000f5580000, 0x00000000f5580000)
  object space 349696K, 99% used [0x00000000e0000000,0x00000000f557fcf0,0x00000000f5580000)
 Metaspace       used 54910K, committed 55744K, reserved 1105920K
  class space    used 5454K, committed 5824K, reserved 1048576K
}
Event: 1204.141 GC heap before
{Heap before GC invocations=1161 (full 1026):
 PSYoungGen      total 41472K, used 25087K [0x00000000f5580000, 0x00000000f8f00000, 0x0000000100000000)
  eden space 25088K, 99% used [0x00000000f5580000,0x00000000f6dffff0,0x00000000f6e00000)
  from space 16384K, 0% used [0x00000000f7280000,0x00000000f7280000,0x00000000f8280000)
  to   space 10240K, 0% used [0x00000000f8500000,0x00000000f8500000,0x00000000f8f00000)
 ParOldGen       total 349696K, used 349695K [0x00000000e0000000, 0x00000000f5580000, 0x00000000f5580000)
  object space 349696K, 99% used [0x00000000e0000000,0x00000000f557fea0,0x00000000f5580000)
 Metaspace       used 54910K, committed 55744K, reserved 1105920K
  class space    used 5454K, committed 5824K, reserved 1048576K
}
Event: 1205.330 GC heap after
{Heap after GC invocations=1161 (full 1026):
 PSYoungGen      total 35328K, used 25087K [0x00000000f5580000, 0x00000000f8f00000, 0x0000000100000000)
  eden space 25088K, 99% used [0x00000000f5580000,0x00000000f6dffff0,0x00000000f6e00000)
  from space 10240K, 0% used [0x00000000f8500000,0x00000000f8500000,0x00000000f8f00000)
  to   space 16384K, 0% used [0x00000000f7280000,0x00000000f7280000,0x00000000f8280000)
 ParOldGen       total 349696K, used 349695K [0x00000000e0000000, 0x00000000f5580000, 0x00000000f5580000)
  object space 349696K, 99% used [0x00000000e0000000,0x00000000f557fea0,0x00000000f5580000)
 Metaspace       used 54910K, committed 55744K, reserved 1105920K
  class space    used 5454K, committed 5824K, reserved 1048576K
}
Event: 1205.330 GC heap before
{Heap before GC invocations=1162 (full 1027):
 PSYoungGen      total 35328K, used 25087K [0x00000000f5580000, 0x00000000f8f00000, 0x0000000100000000)
  eden space 25088K, 99% used [0x00000000f5580000,0x00000000f6dffff0,0x00000000f6e00000)
  from space 10240K, 0% used [0x00000000f8500000,0x00000000f8500000,0x00000000f8f00000)
  to   space 16384K, 0% used [0x00000000f7280000,0x00000000f7280000,0x00000000f8280000)
 ParOldGen       total 349696K, used 349695K [0x00000000e0000000, 0x00000000f5580000, 0x00000000f5580000)
  object space 349696K, 99% used [0x00000000e0000000,0x00000000f557fff8,0x00000000f5580000)
 Metaspace       used 54910K, committed 55744K, reserved 1105920K
  class space    used 5454K, committed 5824K, reserved 1048576K
}
Event: 1206.597 GC heap after
{Heap after GC invocations=1162 (full 1027):
 PSYoungGen      total 41472K, used 25087K [0x00000000f5580000, 0x00000000f8f00000, 0x0000000100000000)
  eden space 25088K, 99% used [0x00000000f5580000,0x00000000f6dffff0,0x00000000f6e00000)
  from space 16384K, 0% used [0x00000000f7280000,0x00000000f7280000,0x00000000f8280000)
  to   space 10240K, 0% used [0x00000000f8500000,0x00000000f8500000,0x00000000f8f00000)
 ParOldGen       total 349696K, used 349695K [0x00000000e0000000, 0x00000000f5580000, 0x00000000f5580000)
  object space 349696K, 99% used [0x00000000e0000000,0x00000000f557fe18,0x00000000f5580000)
 Metaspace       used 54910K, committed 55744K, reserved 1105920K
  class space    used 5454K, committed 5824K, reserved 1048576K
}
Event: 1206.597 GC heap before
{Heap before GC invocations=1163 (full 1028):
 PSYoungGen      total 41472K, used 25088K [0x00000000f5580000, 0x00000000f8f00000, 0x0000000100000000)
  eden space 25088K, 100% used [0x00000000f5580000,0x00000000f6e00000,0x00000000f6e00000)
  from space 16384K, 0% used [0x00000000f7280000,0x00000000f7280000,0x00000000f8280000)
  to   space 10240K, 0% used [0x00000000f8500000,0x00000000f8500000,0x00000000f8f00000)
 ParOldGen       total 349696K, used 349695K [0x00000000e0000000, 0x00000000f5580000, 0x00000000f5580000)
  object space 349696K, 99% used [0x00000000e0000000,0x00000000f557ffa8,0x00000000f5580000)
 Metaspace       used 54910K, committed 55744K, reserved 1105920K
  class space    used 5454K, committed 5824K, reserved 1048576K
}
Event: 1207.630 GC heap after
{Heap after GC invocations=1163 (full 1028):
 PSYoungGen      total 35328K, used 25087K [0x00000000f5580000, 0x00000000f8f00000, 0x0000000100000000)
  eden space 25088K, 99% used [0x00000000f5580000,0x00000000f6dffff0,0x00000000f6e00000)
  from space 10240K, 0% used [0x00000000f8500000,0x00000000f8500000,0x00000000f8f00000)
  to   space 16384K, 0% used [0x00000000f7280000,0x00000000f7280000,0x00000000f8280000)
 ParOldGen       total 349696K, used 349695K [0x00000000e0000000, 0x00000000f5580000, 0x00000000f5580000)
  object space 349696K, 99% used [0x00000000e0000000,0x00000000f557fea8,0x00000000f5580000)
 Metaspace       used 54910K, committed 55744K, reserved 1105920K
  class space    used 5454K, committed 5824K, reserved 1048576K
}
Event: 1207.631 GC heap before
{Heap before GC invocations=1164 (full 1029):
 PSYoungGen      total 35328K, used 25087K [0x00000000f5580000, 0x00000000f8f00000, 0x0000000100000000)
  eden space 25088K, 99% used [0x00000000f5580000,0x00000000f6dffff0,0x00000000f6e00000)
  from space 10240K, 0% used [0x00000000f8500000,0x00000000f8500000,0x00000000f8f00000)
  to   space 16384K, 0% used [0x00000000f7280000,0x00000000f7280000,0x00000000f8280000)
 ParOldGen       total 349696K, used 349695K [0x00000000e0000000, 0x00000000f5580000, 0x00000000f5580000)
  object space 349696K, 99% used [0x00000000e0000000,0x00000000f557fea8,0x00000000f5580000)
 Metaspace       used 54910K, committed 55744K, reserved 1105920K
  class space    used 5454K, committed 5824K, reserved 1048576K
}
Event: 1208.639 GC heap after
{Heap after GC invocations=1164 (full 1029):
 PSYoungGen      total 41472K, used 25087K [0x00000000f5580000, 0x00000000f8f00000, 0x0000000100000000)
  eden space 25088K, 99% used [0x00000000f5580000,0x00000000f6dffff0,0x00000000f6e00000)
  from space 16384K, 0% used [0x00000000f7280000,0x00000000f7280000,0x00000000f8280000)
  to   space 10240K, 0% used [0x00000000f8500000,0x00000000f8500000,0x00000000f8f00000)
 ParOldGen       total 349696K, used 349695K [0x00000000e0000000, 0x00000000f5580000, 0x00000000f5580000)
  object space 349696K, 99% used [0x00000000e0000000,0x00000000f557fea8,0x00000000f5580000)
 Metaspace       used 54910K, committed 55744K, reserved 1105920K
  class space    used 5454K, committed 5824K, reserved 1048576K
}

Dll operation events (9 events):
Event: 0.003 Loaded shared library /nix/store/gpxl5qgg8kicmcvivwmybwjlpf7wh20l-graalvm17-ce-22.3.0/lib/libjava.so
Event: 0.009 Loaded shared library /nix/store/gpxl5qgg8kicmcvivwmybwjlpf7wh20l-graalvm17-ce-22.3.0/lib/libjsvml.so
Event: 0.181 Loaded shared library /nix/store/gpxl5qgg8kicmcvivwmybwjlpf7wh20l-graalvm17-ce-22.3.0/lib/libnio.so
Event: 0.185 Loaded shared library /nix/store/gpxl5qgg8kicmcvivwmybwjlpf7wh20l-graalvm17-ce-22.3.0/lib/libzip.so
Event: 0.187 Loaded shared library /nix/store/gpxl5qgg8kicmcvivwmybwjlpf7wh20l-graalvm17-ce-22.3.0/lib/libjvmcicompiler.so
Event: 0.579 Loaded shared library /nix/store/gpxl5qgg8kicmcvivwmybwjlpf7wh20l-graalvm17-ce-22.3.0/lib/libjimage.so
Event: 1.040 Loaded shared library /nix/store/gpxl5qgg8kicmcvivwmybwjlpf7wh20l-graalvm17-ce-22.3.0/lib/libnet.so
Event: 3.833 Loaded shared library /home/runner/.cache/jdt-language-server/config/org.eclipse.equinox.launcher/org.eclipse.equinox.launcher.gtk.linux.x86_64_1.2.400.v20211117-0650/eclipse_11600.so
Event: 12.120 Loaded shared library /nix/store/gpxl5qgg8kicmcvivwmybwjlpf7wh20l-graalvm17-ce-22.3.0/lib/libextnet.so

Deoptimization events (20 events):
Event: 482.761 Thread 0x00007f8a703afc40 Uncommon trap: trap_request=0xffffffed fr.pc=0x00007f8a5f1862e0 relative=0x0000000000000f00
Event: 482.761 Thread 0x00007f8a703afc40 Uncommon trap: reason=null_assert_or_unreached0 action=reinterpret pc=0x00007f8a5f1862e0 method=com.google.gson.stream.JsonReader.doPeek()I @ 0 jvmci
Event: 482.761 Thread 0x00007f8a703afc40 DEOPT PACKING pc=0x00007f8a5f1862e0 sp=0x00007f8a1e3fe3b0
Event: 482.761 Thread 0x00007f8a703afc40 DEOPT UNPACKING pc=0x00007f8a57505325 sp=0x00007f8a1e3fd878 mode 3
Event: 955.251 Thread 0x00007f89dc000ff0 Uncommon trap: trap_request=0xffffffcd fr.pc=0x00007f8a5f0f523b relative=0x0000000000000efb
Event: 955.251 Thread 0x00007f89dc000ff0 Uncommon trap: reason=intrinsic_or_type_checked_inlining action=reinterpret pc=0x00007f8a5f0f523b method=java.io.DataOutputStream.write([BII)V @ 0 jvmci
Event: 955.251 Thread 0x00007f89dc000ff0 DEOPT PACKING pc=0x00007f8a5f0f523b sp=0x00007f8a1dffe3e0
Event: 955.251 Thread 0x00007f89dc000ff0 DEOPT UNPACKING pc=0x00007f8a57505325 sp=0x00007f8a1dffd810 mode 3
Event: 995.231 Thread 0x00007f89d8030d80 DEOPT PACKING pc=0x00007f8a5f1874fc sp=0x00007f8a545fde10
Event: 995.231 Thread 0x00007f89d8030d80 DEOPT UNPACKING pc=0x00007f8a57505325 sp=0x00007f8a545fd2b0 mode 1
Event: 1019.255 Thread 0x00007f89d81a8570 Uncommon trap: trap_request=0xffffff8f fr.pc=0x00007f8a5f135b14 relative=0x00000000000009d4
Event: 1019.255 Thread 0x00007f89d81a8570 Uncommon trap: reason=constraint action=none pc=0x00007f8a5f135b14 method=java.util.Hashtable.addEntry(ILjava/lang/Object;Ljava/lang/Object;I)V @ 42 jvmci
Event: 1019.255 Thread 0x00007f89d81a8570 DEOPT PACKING pc=0x00007f8a5f135b14 sp=0x00007f8a1dbfdf60
Event: 1019.255 Thread 0x00007f89d81a8570 DEOPT UNPACKING pc=0x00007f8a57505325 sp=0x00007f8a1dbfd388 mode 3
Event: 1136.359 Thread 0x00007f89d8031640 Uncommon trap: trap_request=0xffffffcd fr.pc=0x00007f8a5f137d70 relative=0x0000000000001010
Event: 1136.359 Thread 0x00007f89d8031640 Uncommon trap: reason=intrinsic_or_type_checked_inlining action=reinterpret pc=0x00007f8a5f137d70 method=org.eclipse.jdt.internal.compiler.parser.Scanner.getNextToken0()I @ 2842 jvmci
Event: 1136.359 Thread 0x00007f89d8031640 DEOPT PACKING pc=0x00007f8a5f137d70 sp=0x00007f8a1e5fddb0
Event: 1136.359 Thread 0x00007f89d8031640 DEOPT UNPACKING pc=0x00007f8a57505325 sp=0x00007f8a1e5fd1f0 mode 3
Event: 1197.145 Thread 0x00007f8a703afc40 DEOPT PACKING pc=0x00007f8a5f0a1750 sp=0x00007f8a1e3fcf80
Event: 1197.145 Thread 0x00007f8a703afc40 DEOPT UNPACKING pc=0x00007f8a57505325 sp=0x00007f8a1e3fc368 mode 1

Classes unloaded (20 events):
Event: 66.366 Thread 0x00007f8a700a1c10 Unloading class 0x0000000800d98400 'java/lang/invoke/LambdaForm$MH+0x0000000800d98400'
Event: 66.366 Thread 0x00007f8a700a1c10 Unloading class 0x0000000800d98000 'jdk/internal/reflect/GeneratedConstructorAccessor3'
Event: 66.366 Thread 0x00007f8a700a1c10 Unloading class 0x0000000800d06800 'java/lang/invoke/LambdaForm$MH+0x0000000800d06800'
Event: 66.366 Thread 0x00007f8a700a1c10 Unloading class 0x0000000800d06000 'java/lang/invoke/LambdaForm$MH+0x0000000800d06000'
Event: 66.366 Thread 0x00007f8a700a1c10 Unloading class 0x0000000800d05c00 'java/lang/invoke/LambdaForm$MH+0x0000000800d05c00'
Event: 66.367 Thread 0x00007f8a700a1c10 Unloading class 0x0000000800d05800 'java/lang/invoke/LambdaForm$MH+0x0000000800d05800'
Event: 66.367 Thread 0x00007f8a700a1c10 Unloading class 0x0000000800d05000 'java/lang/invoke/LambdaForm$MH+0x0000000800d05000'
Event: 66.367 Thread 0x00007f8a700a1c10 Unloading class 0x0000000800d04c00 'java/lang/invoke/LambdaForm$MH+0x0000000800d04c00'
Event: 66.367 Thread 0x00007f8a700a1c10 Unloading class 0x0000000800d04800 'java/lang/invoke/LambdaForm$MH+0x0000000800d04800'
Event: 66.367 Thread 0x00007f8a700a1c10 Unloading class 0x0000000800d04000 'java/lang/invoke/LambdaForm$MH+0x0000000800d04000'
Event: 66.367 Thread 0x00007f8a700a1c10 Unloading class 0x0000000800c1d000 'jdk/internal/reflect/GeneratedMethodAccessor5'
Event: 66.367 Thread 0x00007f8a700a1c10 Unloading class 0x0000000800c1cc00 'jdk/internal/reflect/GeneratedMethodAccessor4'
Event: 66.367 Thread 0x00007f8a700a1c10 Unloading class 0x0000000800c1c800 'jdk/internal/reflect/GeneratedMethodAccessor3'
Event: 66.367 Thread 0x00007f8a700a1c10 Unloading class 0x0000000800c1c400 'jdk/internal/reflect/GeneratedMethodAccessor2'
Event: 66.367 Thread 0x00007f8a700a1c10 Unloading class 0x0000000800c1c000 'jdk/internal/reflect/GeneratedMethodAccessor1'
Event: 66.367 Thread 0x00007f8a700a1c10 Unloading class 0x0000000800c01c00 'java/lang/invoke/LambdaForm$DMH+0x0000000800c01c00'
Event: 803.868 Thread 0x00007f8a700a1c10 Unloading class 0x0000000801063800 'jdk/internal/reflect/GeneratedSerializationConstructorAccessor6'
Event: 803.868 Thread 0x00007f8a700a1c10 Unloading class 0x000000080119c000 'jdk/internal/reflect/GeneratedSerializationConstructorAccessor5'
Event: 825.964 Thread 0x00007f8a700a1c10 Unloading class 0x0000000801062400 'jdk/internal/reflect/GeneratedSerializationConstructorAccessor7'
Event: 936.324 Thread 0x00007f8a700a1c10 Unloading class 0x0000000800ef1000 'jdk/internal/reflect/GeneratedSerializationConstructorAccessor8'

Classes redefined (0 events):
No events

Internal exceptions (20 events):
Event: 30.746 Thread 0x00007f89f00010d0 Exception <a 'sun/nio/fs/UnixException'{0x00000000f58421d8}> (0x00000000f58421d8) 
thrown [src/hotspot/share/prims/jni.cpp, line 516]
Event: 31.538 Thread 0x00007f89dc000ff0 Exception <a 'java/lang/NoSuchMethodError'{0x00000000f5846fc8}: 'java.lang.Object java.lang.invoke.DirectMethodHandle$Holder.invokeStatic(java.lang.Object, java.lang.Object, java.lang.Object, long)'> (0x00000000f5846fc8) 
thrown [src/hotspot/share/interpreter/linkResolver.cpp, line 758]
Event: 31.539 Thread 0x00007f89dc000ff0 Exception <a 'java/lang/NoSuchMethodError'{0x00000000f5885708}: 'java.lang.Object java.lang.invoke.DirectMethodHandle$Holder.newInvokeSpecial(java.lang.Object, java.lang.Object, java.lang.Object, long)'> (0x00000000f5885708) 
thrown [src/hotspot/share/interpreter/linkResolver.cpp, line 758]
Event: 31.540 Thread 0x00007f89dc000ff0 Exception <a 'java/lang/NoSuchMethodError'{0x00000000f5899d78}: 'java.lang.Object java.lang.invoke.DirectMethodHandle$Holder.invokeSpecial(java.lang.Object, java.lang.Object, java.lang.Object, java.lang.Object, long)'> (0x00000000f5899d78) 
thrown [src/hotspot/share/interpreter/linkResolver.cpp, line 758]
Event: 31.540 Thread 0x00007f89dc000ff0 Exception <a 'java/lang/NoSuchMethodError'{0x00000000f58b4a48}: 'java.lang.Object java.lang.invoke.Invokers$Holder.linkToTargetMethod(java.lang.Object, java.lang.Object, long, java.lang.Object)'> (0x00000000f58b4a48) 
thrown [src/hotspot/share/interpreter/linkResolver.cpp, line 758]
Event: 32.225 Thread 0x00007f89d8031640 Exception <a 'java/lang/NoSuchMethodError'{0x00000000f5939580}: 'void java.lang.invoke.DirectMethodHandle$Holder.invokeSpecial(java.lang.Object, java.lang.Object, int)'> (0x00000000f5939580) 
thrown [src/hotspot/share/interpreter/linkResolver.cpp, line 758]
Event: 32.325 Thread 0x00007f89d8030b00 Exception <a 'java/lang/NoSuchMethodError'{0x00000000f5bb52a8}: 'java.lang.Object java.lang.invoke.DirectMethodHandle$Holder.invokeStatic(java.lang.Object, int, java.lang.Object, java.lang.Object, java.lang.Object, java.lang.Object)'> (0x00000000f5bb52a8) 
thrown [src/hotspot/share/interpreter/linkResolver.cpp, line 758]
Event: 34.926 Thread 0x00007f89d8031640 Exception <a 'java/lang/NoSuchMethodError'{0x00000000f571f8f0}: 'int java.lang.invoke.DirectMethodHandle$Holder.invokeSpecialIFC(java.lang.Object, java.lang.Object, java.lang.Object, java.lang.Object)'> (0x00000000f571f8f0) 
thrown [src/hotspot/share/interpreter/linkResolver.cpp, line 758]
Event: 41.225 Thread 0x00007f8a084a75b0 Implicit null exception at 0x00007f8a5f14af56 to 0x00007f8a5f151874
Event: 43.435 Thread 0x00007f8a084a75b0 Implicit null exception at 0x00007f8a5f170ebd to 0x00007f8a5f17134f
Event: 995.231 Thread 0x00007f89d8030d80 Exception <a 'java/lang/OutOfMemoryError'{0x00000000e000fa88}> (0x00000000e000fa88) 
thrown [src/hotspot/share/gc/shared/memAllocator.cpp, line 136]
Event: 1019.255 Thread 0x00007f89d81a8570 Exception <a 'java/lang/OutOfMemoryError'{0x00000000e0010028}> (0x00000000e0010028) 
thrown [src/hotspot/share/gc/shared/memAllocator.cpp, line 138]
Event: 1019.255 Thread 0x00007f89d81a8570 Implicit null exception at 0x00007f8a5f135603 to 0x00007f8a5f135af9
Event: 1024.031 Thread 0x00007f8a701e7460 Exception <a 'java/lang/OutOfMemoryError'{0x00000000e0010078}> (0x00000000e0010078) 
thrown [src/hotspot/share/gc/shared/memAllocator.cpp, line 136]
Event: 1033.124 Thread 0x00007f89d81a8570 Exception <a 'java/lang/OutOfMemoryError'{0x00000000e0010078}> (0x00000000e0010078) 
thrown [src/hotspot/share/gc/shared/memAllocator.cpp, line 136]
Event: 1123.678 Thread 0x00007f89dc000ff0 Exception <a 'java/lang/OutOfMemoryError'{0x00000000e0010078}> (0x00000000e0010078) 
thrown [src/hotspot/share/gc/shared/memAllocator.cpp, line 136]
Event: 1184.990 Thread 0x00007f89d8031640 Exception <a 'java/lang/OutOfMemoryError'{0x00000000e0010078}> (0x00000000e0010078) 
thrown [src/hotspot/share/gc/shared/memAllocator.cpp, line 136]
Event: 1197.145 Thread 0x00007f8a703afc40 Exception <a 'java/lang/OutOfMemoryError'{0x00000000e0010078}> (0x00000000e0010078) 
thrown [src/hotspot/share/gc/shared/memAllocator.cpp, line 136]
Event: 1202.955 Thread 0x00007f89dc000ff0 Exception <a 'java/lang/OutOfMemoryError'{0x00000000e0010078}> (0x00000000e0010078) 
thrown [src/hotspot/share/gc/shared/memAllocator.cpp, line 136]
Event: 1208.639 Thread 0x00007f8a700b2210 Exception <a 'java/lang/OutOfMemoryError'{0x00000000e0010078}> (0x00000000e0010078) 
thrown [src/hotspot/share/gc/shared/memAllocator.cpp, line 136]

VM Operations (20 events):
Event: 1193.352 Executing VM operation: ParallelGCFailedAllocation
Event: 1194.619 Executing VM operation: ParallelGCFailedAllocation done
Event: 1194.619 Executing VM operation: ParallelGCFailedAllocation
Event: 1197.144 Executing VM operation: ParallelGCFailedAllocation done
Event: 1197.146 Executing VM operation: ParallelGCFailedAllocation
Event: 1198.415 Executing VM operation: ParallelGCFailedAllocation done
Event: 1198.415 Executing VM operation: ParallelGCFailedAllocation
Event: 1199.544 Executing VM operation: ParallelGCFailedAllocation done
Event: 1199.545 Executing VM operation: ParallelGCFailedAllocation
Event: 1200.684 Executing VM operation: ParallelGCFailedAllocation done
Event: 1200.684 Executing VM operation: ParallelGCFailedAllocation
Event: 1202.954 Executing VM operation: ParallelGCFailedAllocation done
Event: 1202.955 Executing VM operation: ParallelGCFailedAllocation
Event: 1204.141 Executing VM operation: ParallelGCFailedAllocation done
Event: 1204.141 Executing VM operation: ParallelGCFailedAllocation
Event: 1205.330 Executing VM operation: ParallelGCFailedAllocation done
Event: 1205.330 Executing VM operation: ParallelGCFailedAllocation
Event: 1206.597 Executing VM operation: ParallelGCFailedAllocation done
Event: 1206.597 Executing VM operation: ParallelGCFailedAllocation
Event: 1208.639 Executing VM operation: ParallelGCFailedAllocation done

Events (20 events):
Event: 1109.865 loading class java/util/logging/LogRecord done
Event: 1132.856 loading class java/util/logging/ConsoleHandler
Event: 1132.856 loading class java/util/logging/StreamHandler
Event: 1132.856 loading class java/util/logging/StreamHandler done
Event: 1132.856 loading class java/util/logging/ConsoleHandler done
Event: 1132.856 loading class java/util/logging/SimpleFormatter
Event: 1132.856 loading class java/util/logging/Formatter
Event: 1132.856 loading class java/util/logging/Formatter done
Event: 1132.856 loading class java/util/logging/SimpleFormatter done
Event: 1139.788 Thread 0x00007f89d8039db0 Thread added: 0x00007f89d8039db0
Event: 1139.789 Protecting memory [0x00007f8a1e700000,0x00007f8a1e704000] with protection modes 0
Event: 1144.348 loading class jdk/internal/logger/SurrogateLogger
Event: 1144.348 loading class jdk/internal/logger/SimpleConsoleLogger
Event: 1169.525 loading class jdk/internal/logger/SimpleConsoleLogger done
Event: 1169.525 loading class jdk/internal/logger/SurrogateLogger done
Event: 1170.664 loading class jdk/internal/logger/SimpleConsoleLogger$Formatting
Event: 1170.664 loading class jdk/internal/logger/SimpleConsoleLogger$Formatting done
Event: 1170.664 loading class java/util/logging/ErrorManager
Event: 1174.024 loading class java/util/logging/ErrorManager done
Event: 1200.684 loading class java/lang/AssertionError


Dynamic libraries:
e0000000-f5580000 rw-p 00000000 00:00 0 
f5580000-f8f00000 rw-p 00000000 00:00 0 
f8f00000-100000000 ---p 00000000 00:00 0 
800000000-800449000 rw-p 00001000 00:f14 4611686019135357769             /nix/store/gpxl5qgg8kicmcvivwmybwjlpf7wh20l-graalvm17-ce-22.3.0/lib/server/classes.jsa
800449000-800bc8000 r--p 0044a000 00:f14 4611686019135357769             /nix/store/gpxl5qgg8kicmcvivwmybwjlpf7wh20l-graalvm17-ce-22.3.0/lib/server/classes.jsa
800bc8000-800c00000 ---p 00000000 00:00 0 
800c00000-800c20000 rw-p 00000000 00:00 0 
800c20000-800c40000 rw-p 00000000 00:00 0 
800c40000-800cc0000 rw-p 00000000 00:00 0 
800cc0000-800d00000 rw-p 00000000 00:00 0 
800d00000-800dc0000 rw-p 00000000 00:00 0 
800dc0000-800e00000 rw-p 00000000 00:00 0 
800e00000-800f40000 rw-p 00000000 00:00 0 
800f40000-800fc0000 rw-p 00000000 00:00 0 
800fc0000-801000000 rw-p 00000000 00:00 0 
801000000-8011b0000 rw-p 00000000 00:00 0 
8011b0000-840c00000 ---p 00000000 00:00 0 
556c5dd56000-556c5dd57000 r-xp 00000000 00:f14 4611686019099417844       /nix/store/gpxl5qgg8kicmcvivwmybwjlpf7wh20l-graalvm17-ce-22.3.0/bin/.java-wrapped
556c5dd58000-556c5dd59000 r--p 00001000 00:f14 4611686019099417844       /nix/store/gpxl5qgg8kicmcvivwmybwjlpf7wh20l-graalvm17-ce-22.3.0/bin/.java-wrapped
556c5dd59000-556c5dd5a000 rw-p 00002000 00:f14 4611686019099417844       /nix/store/gpxl5qgg8kicmcvivwmybwjlpf7wh20l-graalvm17-ce-22.3.0/bin/.java-wrapped
556c5dd5a000-556c5dd5b000 rw-p 00004000 00:f14 4611686019099417844       /nix/store/gpxl5qgg8kicmcvivwmybwjlpf7wh20l-graalvm17-ce-22.3.0/bin/.java-wrapped
556c5dd5b000-556c5dd5c000 rw-p 00005000 00:f14 4611686019099417844       /nix/store/gpxl5qgg8kicmcvivwmybwjlpf7wh20l-graalvm17-ce-22.3.0/bin/.java-wrapped
556c5e69d000-556c5e6e5000 rw-p 00000000 00:00 0                          [heap]
7f89c0000000-7f89c0051000 rw-p 00000000 00:00 0 
7f89c0051000-7f89c4000000 ---p 00000000 00:00 0 
7f89c5000000-7f89c5180000 rw-p 00000000 00:00 0 
7f89c5180000-7f89c5800000 ---p 00000000 00:00 0 
7f89c64b3000-7f89d0000000 r--s 00000000 00:f14 4611686019135192581       /nix/store/gpxl5qgg8kicmcvivwmybwjlpf7wh20l-graalvm17-ce-22.3.0/lib/modules
7f89d0000000-7f89d0021000 rw-p 00000000 00:00 0 
7f89d0021000-7f89d4000000 ---p 00000000 00:00 0 
7f89d4000000-7f89d4137000 rw-p 00000000 00:00 0 
7f89d4137000-7f89d8000000 ---p 00000000 00:00 0 
7f89d8000000-7f89d81cf000 rw-p 00000000 00:00 0 
7f89d81cf000-7f89dc000000 ---p 00000000 00:00 0 
7f89dc000000-7f89dc0f7000 rw-p 00000000 00:00 0 
7f89dc0f7000-7f89e0000000 ---p 00000000 00:00 0 
7f89e0000000-7f89e0021000 rw-p 00000000 00:00 0 
7f89e0021000-7f89e4000000 ---p 00000000 00:00 0 
7f89e4000000-7f89e419c000 rw-p 00000000 00:00 0 
7f89e419c000-7f89e8000000 ---p 00000000 00:00 0 
7f89e8000000-7f89e8067000 rw-p 00000000 00:00 0 
7f89e8067000-7f89ec000000 ---p 00000000 00:00 0 
7f89ec000000-7f89ec021000 rw-p 00000000 00:00 0 
7f89ec021000-7f89f0000000 ---p 00000000 00:00 0 
7f89f0000000-7f89f0322000 rw-p 00000000 00:00 0 
7f89f0322000-7f89f4000000 ---p 00000000 00:00 0 
7f89f4000000-7f89f406e000 rw-p 00000000 00:00 0 
7f89f406e000-7f89f8000000 ---p 00000000 00:00 0 
7f89f8000000-7f89f807a000 rw-p 00000000 00:00 0 
7f89f807a000-7f89fc000000 ---p 00000000 00:00 0 
7f89fc000000-7f89fc021000 rw-p 00000000 00:00 0 
7f89fc021000-7f8a00000000 ---p 00000000 00:00 0 
7f8a00000000-7f8a00021000 rw-p 00000000 00:00 0 
7f8a00021000-7f8a04000000 ---p 00000000 00:00 0 
7f8a04c00000-7f8a04f00000 rw-p 00000000 00:00 0 
7f8a04f00000-7f8a04f40000 rw-p 00000000 00:00 0 
7f8a04f40000-7f8a05000000 ---p 00000000 00:00 0 
7f8a05000000-7f8a05400000 rw-p 00000000 00:00 0 
7f8a05400000-7f8a05600000 rw-p 00000000 00:00 0 
7f8a05600000-7f8a05aa0000 rw-p 00000000 00:00 0 
7f8a05aa0000-7f8a05c00000 rw-p 00000000 00:00 0 
7f8a05c00000-7f8a05d00000 rw-p 00000000 00:00 0 
7f8a05d00000-7f8a05e00000 rw-p 00000000 00:00 0 
7f8a05e00000-7f8a05f00000 rw-p 00000000 00:00 0 
7f8a05f00000-7f8a06000000 rw-p 00000000 00:00 0 
7f8a06000000-7f8a06100000 rw-p 00000000 00:00 0 
7f8a06100000-7f8a06200000 rw-p 00000000 00:00 0 
7f8a06200000-7f8a06400000 rw-p 00000000 00:00 0 
7f8a06400000-7f8a06500000 rw-p 00000000 00:00 0 
7f8a06500000-7f8a06600000 rw-p 00000000 00:00 0 
7f8a06600000-7f8a06b80000 rw-p 00000000 00:00 0 
7f8a06b80000-7f8a06c00000 rw-p 00000000 00:00 0 
7f8a06c00000-7f8a06d00000 rw-p 00000000 00:00 0 
7f8a06d00000-7f8a06e00000 rw-p 00000000 00:00 0 
7f8a06e00000-7f8a07100000 rw-p 00000000 00:00 0 
7f8a07100000-7f8a07200000 rw-p 00000000 00:00 0 
7f8a07200000-7f8a07400000 rw-p 00000000 00:00 0 
7f8a08000000-7f8a088e1000 rw-p 00000000 00:00 0 
7f8a088e1000-7f8a0c000000 ---p 00000000 00:00 0 
7f8a0c000000-7f8a0c026000 rw-p 00000000 00:00 0 
7f8a0c026000-7f8a10000000 ---p 00000000 00:00 0 
7f8a10000000-7f8a10021000 rw-p 00000000 00:00 0 
7f8a10021000-7f8a14000000 ---p 00000000 00:00 0 
7f8a14000000-7f8a14021000 rw-p 00000000 00:00 0 
7f8a14021000-7f8a18000000 ---p 00000000 00:00 0 
7f8a18000000-7f8a18021000 rw-p 00000000 00:00 0 
7f8a18021000-7f8a1c000000 ---p 00000000 00:00 0 
7f8a1c400000-7f8a1c410000 r-xp 00000000 00:e7c 353                       /home/runner/.cache/jdt-language-server/config/org.eclipse.equinox.launcher/org.eclipse.equinox.launcher.gtk.linux.x86_64_1.2.400.v20211117-0650/eclipse_11600.so
7f8a1c410000-7f8a1c60f000 ---p 00010000 00:e7c 353                       /home/runner/.cache/jdt-language-server/config/org.eclipse.equinox.launcher/org.eclipse.equinox.launcher.gtk.linux.x86_64_1.2.400.v20211117-0650/eclipse_11600.so
7f8a1c60f000-7f8a1c610000 r--p 0000f000 00:e7c 353                       /home/runner/.cache/jdt-language-server/config/org.eclipse.equinox.launcher/org.eclipse.equinox.launcher.gtk.linux.x86_64_1.2.400.v20211117-0650/eclipse_11600.so
7f8a1c610000-7f8a1c611000 rw-p 00010000 00:e7c 353                       /home/runner/.cache/jdt-language-server/config/org.eclipse.equinox.launcher/org.eclipse.equinox.launcher.gtk.linux.x86_64_1.2.400.v20211117-0650/eclipse_11600.so
7f8a1c900000-7f8a1ca00000 ---p 00000000 00:00 0 
7f8a1ca00000-7f8a1cfaf000 r--p 01122000 00:f14 4611686019135190040       /nix/store/gpxl5qgg8kicmcvivwmybwjlpf7wh20l-graalvm17-ce-22.3.0/lib/libjvmcicompiler.so
7f8a1cfaf000-7f8a1d100000 r--p 00000000 00:00 0 
7f8a1d100000-7f8a1d13d000 rw-p 00000000 00:00 0 
7f8a1d13d000-7f8a1d65d000 rw-p 0185f000 00:f14 4611686019135190040       /nix/store/gpxl5qgg8kicmcvivwmybwjlpf7wh20l-graalvm17-ce-22.3.0/lib/libjvmcicompiler.so
7f8a1d65d000-7f8a1da44000 r--p 01d7f000 00:f14 4611686019135190040       /nix/store/gpxl5qgg8kicmcvivwmybwjlpf7wh20l-graalvm17-ce-22.3.0/lib/libjvmcicompiler.so
7f8a1db00000-7f8a1db04000 ---p 00000000 00:00 0 
7f8a1db04000-7f8a1dc00000 rw-p 00000000 00:00 0 
7f8a1dd00000-7f8a1dd04000 ---p 00000000 00:00 0 
7f8a1dd04000-7f8a1de00000 rw-p 00000000 00:00 0 
7f8a1df00000-7f8a1df04000 ---p 00000000 00:00 0 
7f8a1df04000-7f8a1e000000 rw-p 00000000 00:00 0 
7f8a1e100000-7f8a1e104000 ---p 00000000 00:00 0 
7f8a1e104000-7f8a1e200000 rw-p 00000000 00:00 0 
7f8a1e300000-7f8a1e304000 ---p 00000000 00:00 0 
7f8a1e304000-7f8a1e400000 rw-p 00000000 00:00 0 
7f8a1e500000-7f8a1e504000 ---p 00000000 00:00 0 
7f8a1e504000-7f8a1e600000 rw-p 00000000 00:00 0 
7f8a1e700000-7f8a1e704000 ---p 00000000 00:00 0 
7f8a1e704000-7f8a1e800000 rw-p 00000000 00:00 0 
7f8a1e900000-7f8a1e904000 ---p 00000000 00:00 0 
7f8a1e904000-7f8a1ea00000 rw-p 00000000 00:00 0 
7f8a1eb00000-7f8a1eb04000 ---p 00000000 00:00 0 
7f8a1eb04000-7f8a1ec00000 rw-p 00000000 00:00 0 
7f8a1ed00000-7f8a1ed04000 ---p 00000000 00:00 0 
7f8a1ed04000-7f8a1ee00000 rw-p 00000000 00:00 0 
7f8a1fa68000-7f8a1ff00000 rw-p 00000000 00:00 0 
7f8a20000000-7f8a20021000 rw-p 00000000 00:00 0 
7f8a20021000-7f8a24000000 ---p 00000000 00:00 0 
7f8a24000000-7f8a24021000 rw-p 00000000 00:00 0 
7f8a24021000-7f8a28000000 ---p 00000000 00:00 0 
7f8a28000000-7f8a28021000 rw-p 00000000 00:00 0 
7f8a28021000-7f8a2c000000 ---p 00000000 00:00 0 
7f8a2c000000-7f8a2c021000 rw-p 00000000 00:00 0 
7f8a2c021000-7f8a30000000 ---p 00000000 00:00 0 
7f8a30000000-7f8a300fb000 rw-p 00000000 00:00 0 
7f8a300fb000-7f8a34000000 ---p 00000000 00:00 0 
7f8a34000000-7f8a34a74000 rw-p 00000000 00:00 0 
7f8a34a74000-7f8a38000000 ---p 00000000 00:00 0 
7f8a38000000-7f8a38021000 rw-p 00000000 00:00 0 
7f8a38021000-7f8a3c000000 ---p 00000000 00:00 0 
7f8a3c000000-7f8a3c021000 rw-p 00000000 00:00 0 
7f8a3c021000-7f8a40000000 ---p 00000000 00:00 0 
7f8a40000000-7f8a40021000 rw-p 00000000 00:00 0 
7f8a40021000-7f8a44000000 ---p 00000000 00:00 0 
7f8a44000000-7f8a44021000 rw-p 00000000 00:00 0 
7f8a44021000-7f8a48000000 ---p 00000000 00:00 0 
7f8a48000000-7f8a48021000 rw-p 00000000 00:00 0 
7f8a48021000-7f8a4c000000 ---p 00000000 00:00 0 
7f8a4c000000-7f8a4c021000 rw-p 00000000 00:00 0 
7f8a4c021000-7f8a50000000 ---p 00000000 00:00 0 
7f8a50000000-7f8a501cd000 rw-p 00000000 00:00 0 
7f8a501cd000-7f8a54000000 ---p 00000000 00:00 0 
7f8a54100000-7f8a54104000 ---p 00000000 00:00 0 
7f8a54104000-7f8a54200000 rw-p 00000000 00:00 0 
7f8a54300000-7f8a54304000 ---p 00000000 00:00 0 
7f8a54304000-7f8a54400000 rw-p 00000000 00:00 0 
7f8a54500000-7f8a54504000 ---p 00000000 00:00 0 
7f8a54504000-7f8a54600000 rw-p 00000000 00:00 0 
7f8a54600000-7f8a54604000 ---p 00000000 00:00 0 
7f8a54604000-7f8a54700000 rw-p 00000000 00:00 0 
7f8a54700000-7f8a54704000 ---p 00000000 00:00 0 
7f8a54704000-7f8a54800000 rw-p 00000000 00:00 0 
7f8a54900000-7f8a54904000 ---p 00000000 00:00 0 
7f8a54904000-7f8a54a00000 rw-p 00000000 00:00 0 
7f8a54b00000-7f8a54b04000 ---p 00000000 00:00 0 
7f8a54b04000-7f8a54c00000 rw-p 00000000 00:00 0 
7f8a54c00000-7f8a54c04000 ---p 00000000 00:00 0 
7f8a54c04000-7f8a54d00000 rw-p 00000000 00:00 0 
7f8a54d00000-7f8a54d04000 ---p 00000000 00:00 0 
7f8a54d04000-7f8a54e00000 rw-p 00000000 00:00 0 
7f8a54e00000-7f8a56f6a000 r-xp 00000000 00:f14 4611686019135190040       /nix/store/gpxl5qgg8kicmcvivwmybwjlpf7wh20l-graalvm17-ce-22.3.0/lib/libjvmcicompiler.so
7f8a56f6a000-7f8a57169000 ---p 0216a000 00:f14 4611686019135190040       /nix/store/gpxl5qgg8kicmcvivwmybwjlpf7wh20l-graalvm17-ce-22.3.0/lib/libjvmcicompiler.so
7f8a57169000-7f8a5716a000 r--p 02169000 00:f14 4611686019135190040       /nix/store/gpxl5qgg8kicmcvivwmybwjlpf7wh20l-graalvm17-ce-22.3.0/lib/libjvmcicompiler.so
7f8a5716a000-7f8a5716c000 rw-p 0216a000 00:f14 4611686019135190040       /nix/store/gpxl5qgg8kicmcvivwmybwjlpf7wh20l-graalvm17-ce-22.3.0/lib/libjvmcicompiler.so
7f8a5716c000-7f8a5716d000 rw-p 00000000 00:00 0 
7f8a5716d000-7f8a57172000 rw-p 023c3000 00:f14 4611686019135190040       /nix/store/gpxl5qgg8kicmcvivwmybwjlpf7wh20l-graalvm17-ce-22.3.0/lib/libjvmcicompiler.so
7f8a571b1000-7f8a571b2000 ---p 00000000 00:00 0 
7f8a571b2000-7f8a572b3000 rw-p 00000000 00:00 0 
7f8a572b3000-7f8a572b7000 ---p 00000000 00:00 0 
7f8a572b7000-7f8a573b3000 rw-p 00000000 00:00 0 
7f8a573b3000-7f8a573b7000 ---p 00000000 00:00 0 
7f8a573b7000-7f8a574b3000 rw-p 00000000 00:00 0 
7f8a574b3000-7f8a57723000 rwxp 00000000 00:00 0 
7f8a57723000-7f8a57a42000 ---p 00000000 00:00 0 
7f8a57a42000-7f8a58872000 rwxp 00000000 00:00 0 
7f8a58872000-7f8a5ef7a000 ---p 00000000 00:00 0 
7f8a5ef7a000-7f8a5f1ea000 rwxp 00000000 00:00 0 
7f8a5f1ea000-7f8a664b3000 ---p 00000000 00:00 0 
7f8a664b3000-7f8a70000000 r--s 00000000 00:f14 4611686019135192581       /nix/store/gpxl5qgg8kicmcvivwmybwjlpf7wh20l-graalvm17-ce-22.3.0/lib/modules
7f8a70000000-7f8a70633000 rw-p 00000000 00:00 0 
7f8a70633000-7f8a74000000 ---p 00000000 00:00 0 
7f8a7401a000-7f8a7401e000 ---p 00000000 00:00 0 
7f8a7401e000-7f8a7411a000 rw-p 00000000 00:00 0 
7f8a7411a000-7f8a7411e000 ---p 00000000 00:00 0 
7f8a7411e000-7f8a7431a000 rw-p 00000000 00:00 0 
7f8a7431a000-7f8a7431e000 ---p 00000000 00:00 0 
7f8a7431e000-7f8a7451a000 rw-p 00000000 00:00 0 
7f8a7451a000-7f8a7451e000 ---p 00000000 00:00 0 
7f8a7451e000-7f8a7461a000 rw-p 00000000 00:00 0 
7f8a7461a000-7f8a7461e000 ---p 00000000 00:00 0 
7f8a7461e000-7f8a7471a000 rw-p 00000000 00:00 0 
7f8a7471a000-7f8a7471e000 ---p 00000000 00:00 0 
7f8a7471e000-7f8a7481a000 rw-p 00000000 00:00 0 
7f8a7481a000-7f8a74b00000 r--p 00000000 00:b84 28444448                  /usr/lib/locale/locale-archive
7f8a74b00000-7f8a74b04000 ---p 00000000 00:00 0 
7f8a74b04000-7f8a75000000 rw-p 00000000 00:00 0 
7f8a75000000-7f8a75300000 rw-p 00000000 00:00 0 
7f8a75300000-7f8a75400000 rw-p 00000000 00:00 0 
7f8a7547c000-7f8a7547e000 r-xp 00000000 00:f14 4611686019135190017       /nix/store/gpxl5qgg8kicmcvivwmybwjlpf7wh20l-graalvm17-ce-22.3.0/lib/libextnet.so
7f8a7547e000-7f8a7547f000 r--p 00001000 00:f14 4611686019135190017       /nix/store/gpxl5qgg8kicmcvivwmybwjlpf7wh20l-graalvm17-ce-22.3.0/lib/libextnet.so
7f8a7547f000-7f8a75480000 rw-p 00002000 00:f14 4611686019135190017       /nix/store/gpxl5qgg8kicmcvivwmybwjlpf7wh20l-graalvm17-ce-22.3.0/lib/libextnet.so
7f8a75480000-7f8a75481000 rw-p 00004000 00:f14 4611686019135190017       /nix/store/gpxl5qgg8kicmcvivwmybwjlpf7wh20l-graalvm17-ce-22.3.0/lib/libextnet.so
7f8a75481000-7f8a75485000 ---p 00000000 00:00 0 
7f8a75485000-7f8a754a3000 rw-p 00000000 00:00 0 
7f8a754a3000-7f8a754aa000 r-xp 00000000 00:f14 4611686019135192580       /nix/store/gpxl5qgg8kicmcvivwmybwjlpf7wh20l-graalvm17-ce-22.3.0/lib/libzip.so
7f8a754aa000-7f8a754ab000 ---p 00007000 00:f14 4611686019135192580       /nix/store/gpxl5qgg8kicmcvivwmybwjlpf7wh20l-graalvm17-ce-22.3.0/lib/libzip.so
7f8a754ab000-7f8a754ac000 r--p 00007000 00:f14 4611686019135192580       /nix/store/gpxl5qgg8kicmcvivwmybwjlpf7wh20l-graalvm17-ce-22.3.0/lib/libzip.so
7f8a754ac000-7f8a754ad000 rw-p 00008000 00:f14 4611686019135192580       /nix/store/gpxl5qgg8kicmcvivwmybwjlpf7wh20l-graalvm17-ce-22.3.0/lib/libzip.so
7f8a754ad000-7f8a754af000 rw-p 0000b000 00:f14 4611686019135192580       /nix/store/gpxl5qgg8kicmcvivwmybwjlpf7wh20l-graalvm17-ce-22.3.0/lib/libzip.so
7f8a754af000-7f8a754c4000 r-xp 00000000 00:f14 4611686019135192570       /nix/store/gpxl5qgg8kicmcvivwmybwjlpf7wh20l-graalvm17-ce-22.3.0/lib/libnet.so
7f8a754c4000-7f8a754c5000 ---p 00015000 00:f14 4611686019135192570       /nix/store/gpxl5qgg8kicmcvivwmybwjlpf7wh20l-graalvm17-ce-22.3.0/lib/libnet.so
7f8a754c5000-7f8a754c6000 r--p 00015000 00:f14 4611686019135192570       /nix/store/gpxl5qgg8kicmcvivwmybwjlpf7wh20l-graalvm17-ce-22.3.0/lib/libnet.so
7f8a754c6000-7f8a754c7000 rw-p 00016000 00:f14 4611686019135192570       /nix/store/gpxl5qgg8kicmcvivwmybwjlpf7wh20l-graalvm17-ce-22.3.0/lib/libnet.so
7f8a754c7000-7f8a754ca000 rw-p 0001b000 00:f14 4611686019135192570       /nix/store/gpxl5qgg8kicmcvivwmybwjlpf7wh20l-graalvm17-ce-22.3.0/lib/libnet.so
7f8a754ca000-7f8a754dd000 r-xp 00000000 00:f14 4611686019135192571       /nix/store/gpxl5qgg8kicmcvivwmybwjlpf7wh20l-graalvm17-ce-22.3.0/lib/libnio.so
7f8a754dd000-7f8a754de000 r--p 00012000 00:f14 4611686019135192571       /nix/store/gpxl5qgg8kicmcvivwmybwjlpf7wh20l-graalvm17-ce-22.3.0/lib/libnio.so
7f8a754de000-7f8a754df000 rw-p 00013000 00:f14 4611686019135192571       /nix/store/gpxl5qgg8kicmcvivwmybwjlpf7wh20l-graalvm17-ce-22.3.0/lib/libnio.so
7f8a754df000-7f8a754e4000 rw-p 00019000 00:f14 4611686019135192571       /nix/store/gpxl5qgg8kicmcvivwmybwjlpf7wh20l-graalvm17-ce-22.3.0/lib/libnio.so
7f8a754e4000-7f8a754e8000 ---p 00000000 00:00 0 
7f8a754e8000-7f8a755e4000 rw-p 00000000 00:00 0 
7f8a755e4000-7f8a755e5000 ---p 00000000 00:00 0 
7f8a755e5000-7f8a756e6000 rw-p 00000000 00:00 0 
7f8a756e6000-7f8a757b4000 r-xp 00000000 00:f14 4611686019135190036       /nix/store/gpxl5qgg8kicmcvivwmybwjlpf7wh20l-graalvm17-ce-22.3.0/lib/libjsvml.so
7f8a757b4000-7f8a757b5000 r--p 000cd000 00:f14 4611686019135190036       /nix/store/gpxl5qgg8kicmcvivwmybwjlpf7wh20l-graalvm17-ce-22.3.0/lib/libjsvml.so
7f8a757b5000-7f8a757b6000 rw-p 000ce000 00:f14 4611686019135190036       /nix/store/gpxl5qgg8kicmcvivwmybwjlpf7wh20l-graalvm17-ce-22.3.0/lib/libjsvml.so
7f8a757b6000-7f8a7708e000 rw-p 00000000 00:00 0 
7f8a7708e000-7f8a7708f000 ---p 00000000 00:00 0 
7f8a7708f000-7f8a7723a000 rw-p 00000000 00:00 0 
7f8a7723a000-7f8a77258000 rw-p 00000000 00:00 0 
7f8a77258000-7f8a77290000 ---p 00000000 00:00 0 
7f8a77290000-7f8a77296000 rw-p 00000000 00:00 0 
7f8a77296000-7f8a7737c000 ---p 00000000 00:00 0 
7f8a7737c000-7f8a77399000 rw-p 00000000 00:00 0 
7f8a77399000-7f8a77467000 ---p 00000000 00:00 0 
7f8a77467000-7f8a7746c000 rw-p 00000000 00:00 0 
7f8a7746c000-7f8a77473000 ---p 00000000 00:00 0 
7f8a77473000-7f8a77497000 r-xp 00000000 00:f14 4611686019135190028       /nix/store/gpxl5qgg8kicmcvivwmybwjlpf7wh20l-graalvm17-ce-22.3.0/lib/libjava.so
7f8a77497000-7f8a77498000 ---p 00024000 00:f14 4611686019135190028       /nix/store/gpxl5qgg8kicmcvivwmybwjlpf7wh20l-graalvm17-ce-22.3.0/lib/libjava.so
7f8a77498000-7f8a77499000 r--p 00024000 00:f14 4611686019135190028       /nix/store/gpxl5qgg8kicmcvivwmybwjlpf7wh20l-graalvm17-ce-22.3.0/lib/libjava.so
7f8a77499000-7f8a7749a000 rw-p 00025000 00:f14 4611686019135190028       /nix/store/gpxl5qgg8kicmcvivwmybwjlpf7wh20l-graalvm17-ce-22.3.0/lib/libjava.so
7f8a7749a000-7f8a7749b000 rw-p 00000000 00:00 0 
7f8a7749b000-7f8a774a2000 rw-p 0002f000 00:f14 4611686019135190028       /nix/store/gpxl5qgg8kicmcvivwmybwjlpf7wh20l-graalvm17-ce-22.3.0/lib/libjava.so
7f8a774a2000-7f8a774aa000 rw-s 00000000 00:749 350                       /tmp/hsperfdata_runner/31
7f8a774aa000-7f8a774ab000 ---p 00000000 00:00 0 
7f8a774ab000-7f8a774ac000 r--p 00000000 00:00 0 
7f8a774ac000-7f8a774ad000 rwxp 00000000 00:00 0 
7f8a774ad000-7f8a774c8000 r-xp 00000000 00:f14 4611686019135190032       /nix/store/gpxl5qgg8kicmcvivwmybwjlpf7wh20l-graalvm17-ce-22.3.0/lib/libjimage.so
7f8a774c8000-7f8a774c9000 ---p 0001b000 00:f14 4611686019135190032       /nix/store/gpxl5qgg8kicmcvivwmybwjlpf7wh20l-graalvm17-ce-22.3.0/lib/libjimage.so
7f8a774c9000-7f8a774cb000 r--p 0001b000 00:f14 4611686019135190032       /nix/store/gpxl5qgg8kicmcvivwmybwjlpf7wh20l-graalvm17-ce-22.3.0/lib/libjimage.so
7f8a774cb000-7f8a774cc000 rw-p 0001d000 00:f14 4611686019135190032       /nix/store/gpxl5qgg8kicmcvivwmybwjlpf7wh20l-graalvm17-ce-22.3.0/lib/libjimage.so
7f8a774cc000-7f8a774cd000 rw-p 00024000 00:f14 4611686019135190032       /nix/store/gpxl5qgg8kicmcvivwmybwjlpf7wh20l-graalvm17-ce-22.3.0/lib/libjimage.so
7f8a774cd000-7f8a774d1000 ---p 00000000 00:00 0 
7f8a774d1000-7f8a775cd000 rw-p 00000000 00:00 0 
7f8a775cd000-7f8a775db000 r--p 00000000 00:f14 4611686019027979927       /nix/store/4nlgxhb09sdr51nc9hdm8az5b08vzkgx-glibc-2.35-163/lib/libm.so.6
7f8a775db000-7f8a7764e000 r-xp 0000e000 00:f14 4611686019027979927       /nix/store/4nlgxhb09sdr51nc9hdm8az5b08vzkgx-glibc-2.35-163/lib/libm.so.6
7f8a7764e000-7f8a776ab000 r--p 00081000 00:f14 4611686019027979927       /nix/store/4nlgxhb09sdr51nc9hdm8az5b08vzkgx-glibc-2.35-163/lib/libm.so.6
7f8a776ab000-7f8a776ac000 r--p 000dd000 00:f14 4611686019027979927       /nix/store/4nlgxhb09sdr51nc9hdm8az5b08vzkgx-glibc-2.35-163/lib/libm.so.6
7f8a776ac000-7f8a776ad000 rw-p 000de000 00:f14 4611686019027979927       /nix/store/4nlgxhb09sdr51nc9hdm8az5b08vzkgx-glibc-2.35-163/lib/libm.so.6
7f8a776ad000-7f8a776ae000 r--p 00000000 00:f14 4611686019027979946       /nix/store/4nlgxhb09sdr51nc9hdm8az5b08vzkgx-glibc-2.35-163/lib/librt.so.1
7f8a776ae000-7f8a776af000 r-xp 00001000 00:f14 4611686019027979946       /nix/store/4nlgxhb09sdr51nc9hdm8az5b08vzkgx-glibc-2.35-163/lib/librt.so.1
7f8a776af000-7f8a776b0000 r--p 00002000 00:f14 4611686019027979946       /nix/store/4nlgxhb09sdr51nc9hdm8az5b08vzkgx-glibc-2.35-163/lib/librt.so.1
7f8a776b0000-7f8a776b1000 r--p 00002000 00:f14 4611686019027979946       /nix/store/4nlgxhb09sdr51nc9hdm8az5b08vzkgx-glibc-2.35-163/lib/librt.so.1
7f8a776b1000-7f8a776b2000 rw-p 00003000 00:f14 4611686019027979946       /nix/store/4nlgxhb09sdr51nc9hdm8az5b08vzkgx-glibc-2.35-163/lib/librt.so.1
7f8a776b2000-7f8a787c5000 r-xp 00000000 00:f14 4611686019135360866       /nix/store/gpxl5qgg8kicmcvivwmybwjlpf7wh20l-graalvm17-ce-22.3.0/lib/server/libjvm.so
7f8a787c5000-7f8a787c6000 ---p 01113000 00:f14 4611686019135360866       /nix/store/gpxl5qgg8kicmcvivwmybwjlpf7wh20l-graalvm17-ce-22.3.0/lib/server/libjvm.so
7f8a787c6000-7f8a7887b000 r--p 01113000 00:f14 4611686019135360866       /nix/store/gpxl5qgg8kicmcvivwmybwjlpf7wh20l-graalvm17-ce-22.3.0/lib/server/libjvm.so
7f8a7887b000-7f8a788af000 rw-p 011c8000 00:f14 4611686019135360866       /nix/store/gpxl5qgg8kicmcvivwmybwjlpf7wh20l-graalvm17-ce-22.3.0/lib/server/libjvm.so
7f8a788af000-7f8a7890b000 rw-p 00000000 00:00 0 
7f8a7890b000-7f8a78933000 r--p 00000000 00:f14 4611686019027979918       /nix/store/4nlgxhb09sdr51nc9hdm8az5b08vzkgx-glibc-2.35-163/lib/libc.so.6
7f8a78933000-7f8a78aa9000 r-xp 00028000 00:f14 4611686019027979918       /nix/store/4nlgxhb09sdr51nc9hdm8az5b08vzkgx-glibc-2.35-163/lib/libc.so.6
7f8a78aa9000-7f8a78b01000 r--p 0019e000 00:f14 4611686019027979918       /nix/store/4nlgxhb09sdr51nc9hdm8az5b08vzkgx-glibc-2.35-163/lib/libc.so.6
7f8a78b01000-7f8a78b05000 r--p 001f6000 00:f14 4611686019027979918       /nix/store/4nlgxhb09sdr51nc9hdm8az5b08vzkgx-glibc-2.35-163/lib/libc.so.6
7f8a78b05000-7f8a78b07000 rw-p 001fa000 00:f14 4611686019027979918       /nix/store/4nlgxhb09sdr51nc9hdm8az5b08vzkgx-glibc-2.35-163/lib/libc.so.6
7f8a78b07000-7f8a78b16000 rw-p 00000000 00:00 0 
7f8a78b16000-7f8a78b17000 r--p 00000000 00:f14 4611686019027979923       /nix/store/4nlgxhb09sdr51nc9hdm8az5b08vzkgx-glibc-2.35-163/lib/libdl.so.2
7f8a78b17000-7f8a78b18000 r-xp 00001000 00:f14 4611686019027979923       /nix/store/4nlgxhb09sdr51nc9hdm8az5b08vzkgx-glibc-2.35-163/lib/libdl.so.2
7f8a78b18000-7f8a78b19000 r--p 00002000 00:f14 4611686019027979923       /nix/store/4nlgxhb09sdr51nc9hdm8az5b08vzkgx-glibc-2.35-163/lib/libdl.so.2
7f8a78b19000-7f8a78b1a000 r--p 00002000 00:f14 4611686019027979923       /nix/store/4nlgxhb09sdr51nc9hdm8az5b08vzkgx-glibc-2.35-163/lib/libdl.so.2
7f8a78b1a000-7f8a78b1b000 rw-p 00003000 00:f14 4611686019027979923       /nix/store/4nlgxhb09sdr51nc9hdm8az5b08vzkgx-glibc-2.35-163/lib/libdl.so.2
7f8a78b1b000-7f8a78b1c000 r--p 00000000 00:f14 4611686019027979942       /nix/store/4nlgxhb09sdr51nc9hdm8az5b08vzkgx-glibc-2.35-163/lib/libpthread.so.0
7f8a78b1c000-7f8a78b1d000 r-xp 00001000 00:f14 4611686019027979942       /nix/store/4nlgxhb09sdr51nc9hdm8az5b08vzkgx-glibc-2.35-163/lib/libpthread.so.0
7f8a78b1d000-7f8a78b1e000 r--p 00002000 00:f14 4611686019027979942       /nix/store/4nlgxhb09sdr51nc9hdm8az5b08vzkgx-glibc-2.35-163/lib/libpthread.so.0
7f8a78b1e000-7f8a78b1f000 r--p 00002000 00:f14 4611686019027979942       /nix/store/4nlgxhb09sdr51nc9hdm8az5b08vzkgx-glibc-2.35-163/lib/libpthread.so.0
7f8a78b1f000-7f8a78b20000 rw-p 00003000 00:f14 4611686019027979942       /nix/store/4nlgxhb09sdr51nc9hdm8az5b08vzkgx-glibc-2.35-163/lib/libpthread.so.0
7f8a78b20000-7f8a78b2e000 r-xp 00000000 00:f14 4611686019135190033       /nix/store/gpxl5qgg8kicmcvivwmybwjlpf7wh20l-graalvm17-ce-22.3.0/lib/libjli.so
7f8a78b2e000-7f8a78b2f000 ---p 0000e000 00:f14 4611686019135190033       /nix/store/gpxl5qgg8kicmcvivwmybwjlpf7wh20l-graalvm17-ce-22.3.0/lib/libjli.so
7f8a78b2f000-7f8a78b30000 r--p 0000e000 00:f14 4611686019135190033       /nix/store/gpxl5qgg8kicmcvivwmybwjlpf7wh20l-graalvm17-ce-22.3.0/lib/libjli.so
7f8a78b30000-7f8a78b31000 rw-p 0000f000 00:f14 4611686019135190033       /nix/store/gpxl5qgg8kicmcvivwmybwjlpf7wh20l-graalvm17-ce-22.3.0/lib/libjli.so
7f8a78b31000-7f8a78b32000 rw-p 00012000 00:f14 4611686019135190033       /nix/store/gpxl5qgg8kicmcvivwmybwjlpf7wh20l-graalvm17-ce-22.3.0/lib/libjli.so
7f8a78b32000-7f8a78b35000 r--p 00000000 00:f14 4611686019106210071       /nix/store/026hln0aq1hyshaxsdvhg0kmcm6yf45r-zlib-1.2.13/lib/libz.so.1.2.13
7f8a78b35000-7f8a78b47000 r-xp 00003000 00:f14 4611686019106210071       /nix/store/026hln0aq1hyshaxsdvhg0kmcm6yf45r-zlib-1.2.13/lib/libz.so.1.2.13
7f8a78b47000-7f8a78b4e000 r--p 00015000 00:f14 4611686019106210071       /nix/store/026hln0aq1hyshaxsdvhg0kmcm6yf45r-zlib-1.2.13/lib/libz.so.1.2.13
7f8a78b4e000-7f8a78b4f000 r--p 0001b000 00:f14 4611686019106210071       /nix/store/026hln0aq1hyshaxsdvhg0kmcm6yf45r-zlib-1.2.13/lib/libz.so.1.2.13
7f8a78b4f000-7f8a78b50000 rw-p 0001c000 00:f14 4611686019106210071       /nix/store/026hln0aq1hyshaxsdvhg0kmcm6yf45r-zlib-1.2.13/lib/libz.so.1.2.13
7f8a78b50000-7f8a78b52000 rw-p 00000000 00:00 0 
7f8a78b52000-7f8a78b54000 r--p 00000000 00:f14 4611686019027979912       /nix/store/4nlgxhb09sdr51nc9hdm8az5b08vzkgx-glibc-2.35-163/lib/ld-linux-x86-64.so.2
7f8a78b54000-7f8a78b7b000 r-xp 00002000 00:f14 4611686019027979912       /nix/store/4nlgxhb09sdr51nc9hdm8az5b08vzkgx-glibc-2.35-163/lib/ld-linux-x86-64.so.2
7f8a78b7b000-7f8a78b87000 r--p 00029000 00:f14 4611686019027979912       /nix/store/4nlgxhb09sdr51nc9hdm8az5b08vzkgx-glibc-2.35-163/lib/ld-linux-x86-64.so.2
7f8a78b87000-7f8a78b89000 r--p 00034000 00:f14 4611686019027979912       /nix/store/4nlgxhb09sdr51nc9hdm8az5b08vzkgx-glibc-2.35-163/lib/ld-linux-x86-64.so.2
7f8a78b89000-7f8a78b8b000 rw-p 00036000 00:f14 4611686019027979912       /nix/store/4nlgxhb09sdr51nc9hdm8az5b08vzkgx-glibc-2.35-163/lib/ld-linux-x86-64.so.2
7fff9e693000-7fff9e6b7000 rw-p 00000000 00:00 0                          [stack]
7fff9e720000-7fff9e724000 r--p 00000000 00:00 0                          [vvar]
7fff9e724000-7fff9e726000 r-xp 00000000 00:00 0                          [vdso]
ffffffffff600000-ffffffffff601000 --xp 00000000 00:00 0                  [vsyscall]


VM Arguments:
jvm_args: -XX:ThreadPriorityPolicy=1 -XX:+UnlockExperimentalVMOptions -XX:+EnableJVMCIProduct -XX:JVMCIThreadsPerNativeLibraryRuntime=1 -XX:-UnlockExperimentalVMOptions -Declipse.application=org.eclipse.jdt.ls.core.id1 -Dosgi.bundles.defaultStartLevel=4 -Declipse.product=org.eclipse.jdt.ls.core.product -Dlog.level=ALL -Xverify:none -XX:+UseParallelGC -XX:GCTimeRatio=4 -XX:AdaptiveSizePolicyWeight=90 -Dsun.zip.disableMemoryMapping=true -Xmx512m -Xms100m 
java_command: /nix/store/m6gcpi1ii6rghy04cjwjddcavv7i90df-jdt-language-server-1.9.0/share/java/plugins/org.eclipse.equinox.launcher_1.6.400.v20210924-0641.jar --add-modules=ALL-SYSTEM --add-opens java.base/java.util=ALL-UNNAMED --add-opens java.base/java.lang=ALL-UNNAMED -configuration /home/runner/.cache/jdt-language-server/config -data /home/runner/.cache/jdt-language-server/data/home/runner/PredatorPrey
java_class_path (initial): /nix/store/m6gcpi1ii6rghy04cjwjddcavv7i90df-jdt-language-server-1.9.0/share/java/plugins/org.eclipse.equinox.launcher_1.6.400.v20210924-0641.jar
Launcher Type: SUN_STANDARD

[Global flags]
    uintx AdaptiveSizePolicyWeight                 = 90                                        {product} {command line}
     intx CICompilerCount                          = 2                                         {product} {ergonomic}
     bool EnableJVMCIProduct                       = true                                {JVMCI product} {jimage}
    uintx GCTimeRatio                              = 4                                         {product} {command line}
   size_t InitialHeapSize                          = 104857600                                 {product} {command line}
     uint JVMCIThreadsPerNativeLibraryRuntime      = 1                                   {JVMCI product} {jimage}
   size_t MaxHeapSize                              = 536870912                                 {product} {command line}
   size_t MaxNewSize                               = 178782208                                 {product} {ergonomic}
   size_t MinHeapDeltaBytes                        = 524288                                    {product} {ergonomic}
   size_t MinHeapSize                              = 104857600                                 {product} {command line}
   size_t NewSize                                  = 34603008                                  {product} {ergonomic}
    uintx NonNMethodCodeHeapSize                   = 5826188                                {pd product} {ergonomic}
    uintx NonProfiledCodeHeapSize                  = 122916026                              {pd product} {ergonomic}
   size_t OldSize                                  = 70254592                                  {product} {ergonomic}
    uintx ProfiledCodeHeapSize                     = 122916026                              {pd product} {ergonomic}
    uintx ReservedCodeCacheSize                    = 251658240                              {pd product} {ergonomic}
     bool SegmentedCodeCache                       = true                                      {product} {ergonomic}
   size_t SoftMaxHeapSize                          = 536870912                              {manageable} {ergonomic}
     intx ThreadPriorityPolicy                     = 1                                         {product} {jimage}
     bool UseCompressedClassPointers               = true                           {product lp64_product} {ergonomic}
     bool UseCompressedOops                        = true                           {product lp64_product} {ergonomic}
     bool UseParallelGC                            = true                                      {product} {command line}

Logging:
Log output configuration:
 #0: stdout all=warning uptime,level,tags
 #1: stderr all=off uptime,level,tags

Environment Variables:
JAVA_HOME=/nix/store/gpxl5qgg8kicmcvivwmybwjlpf7wh20l-graalvm17-ce-22.3.0
PATH=/nix/store/1d6ian3r8kdzspw8hacjhl3xkp40g1lj-binutils-wrapper-2.39/bin:/nix/store/dq0xwmsk1g0i2ayg6pb7y87na2knzylh-gcc-wrapper-11.3.0/bin:/nix/store/bap4d0lpcrhpwmpb8ayjcgkmvfj62lnq-bash-interactive-5.1-p16/bin:/nix/store/pr5n59mb4jzmfx6kanwxly0l07p861fg-patchelf-0.15.0/bin:/nix/store/1gf2flfqnpqbr1b4p4qz2f72y42bs56r-gcc-11.3.0/bin:/nix/store/57xv61c5zi8pphjbcwxxjlgc34p61ic9-glibc-2.35-163-bin/bin:/nix/store/a7gvj343m05j2s32xcnwr35v31ynlypr-coreutils-9.1/bin:/nix/store/039g378vc3pc3dvi9dzdlrd0i4q93qwf-binutils-2.39/bin:/nix/store/gpxl5qgg8kicmcvivwmybwjlpf7wh20l-graalvm17-ce-22.3.0/bin:/nix/store/6z9ag3ihc8mq2hzsw48lhbznvzny65nz-apache-maven-3.8.6/bin:/nix/store/m6gcpi1ii6rghy04cjwjddcavv7i90df-jdt-language-server-1.9.0/bin:/nix/store/84xs5alhs01zrbr4ywm05kxbjbp5590l-java-debug/bin:/nix/store/mydc6f4k2z73xlcz7ilif3v2lcaiqvza-findutils-4.9.0/bin:/nix/store/j9p3g8472iijd50vhdprx0nmk2fqn5gv-diffutils-3.8/bin:/nix/store/89zs7rms6x00xfq4dq6m7mjnhkr8a6r4-gnused-4.8/bin:/nix/store/86bp03jkmsl6f92w0yzg4s59g5mhxwmy-gnugrep-3.7/bin:/nix/store/hwcdqw4jrjnd37wxqgsd47hd0j8bnj09-gawk-5.1.1/bin:/nix/store/cfbhw8r8ags41vwqaz47r583d0p4h4a1-gnutar-1.34/bin:/nix/store/p3m1ndl1lapwrlh698bnb5lvvxh67378-gzip-1.12/bin:/nix/store/a8mhcagrsly7c7mpjrpsnaahk4aax056-bzip2-1.0.8-bin/bin:/nix/store/mblgz65m3zv9x548a3d5m96fj2pbwr09-gnumake-4.3/bin:/nix/store/dsd5gz46hdbdk2rfdimqddhq6m8m8fqs-bash-5.1-p16/bin:/nix/store/v7ljksji50mg3w61dykaa3n3y79n6nil-patch-2.7.6/bin:/nix/store/zlcnmqq14jz5x9439jf937mvayyl63da-xz-5.2.7-bin/bin:/nix/store/y6aj732zm9m87c82fpvf103a1xb22blp-file-5.43/bin:/nix/store/sgqd0ajghcv2axfl1lad0b1alyavp0dc-prybar-elisp-0.0.0-67f7a00/bin:/nix/store/p3hsvljpgs68jqwar41lc0jqhjj734lf-prybar-lua-0.0.0-67f7a00/bin:/nix/store/qzxs2gybds3s9kb1vkaflpgm2nwr85fh-prybar-python3-0.0.0-67f7a00/bin:/nix/store/km94z9mxp8w4m8gxxp5mbfpdf3nkfvd8-prybar-sqlite-0.0.0-67f7a00/bin:/nix/store/2pnc7b76asw0z59c4l6h6qy8arwqrii1-prybar-tcl-0.0.0-67f7a00/bin:/nix/store/hpbvrlwd5viqmvcaisb3x0118i913a9n-st
LD_LIBRARY_PATH=/nix/store/a4pff549sk2idnkpzk5nsfps3mdkdnvm-cups-2.4.2-lib/lib:/nix/store/72mqxxhh3cy5yifh92wh2yb8cl2hikyy-cairo-1.16.0/lib:/nix/store/2k366jrbsra97gjfxwvrhvixjfxdach5-glib-2.74.1/lib:/nix/store/2j2znigd8ak37rlwh9khz0ry3clqlw1l-gtk+3-3.24.34/lib:/nix/store/hisqvx32cd57apbpcsnkpx6k3549wql1-libglvnd-1.4.0/lib:/nix/store/p36pgcv991mq5srvg765b78yqpxvk3qs-mesa-21.3.3-drivers/lib:/nix/store/mav4251if1ahjq5vkpwycyyvnmy459c4-pulseaudio-14.2/lib
DISPLAY=:0
LANG=en_US.UTF-8

Signal Handlers:
   SIGSEGV: crash_handler in libjvm.so, mask=11100100010111111101111111111110, flags=SA_RESTART|SA_SIGINFO
    SIGBUS: crash_handler in libjvm.so, mask=11100100010111111101111111111110, flags=SA_RESTART|SA_SIGINFO
    SIGFPE: crash_handler in libjvm.so, mask=11100100010111111101111111111110, flags=SA_RESTART|SA_SIGINFO
   SIGPIPE: IsolateEnterStub_IgnoreSIGPIPEStartupHook_noopSignalHandler_8f19bff2f35b5f630d83b364d6b2339320d4ec70_216e8361c6bc87a8f89f58cc10d3b2fd4415bf87 in libjvmcicompiler.so, mask=00000000000000000000000000000000, flags=SA_RESTART
  *** Handler was modified!
  *** Expected: javaSignalHandler in libjvm.so, mask=11100100110111111111111111111110, flags=SA_RESTART|SA_SIGINFO
   SIGXFSZ: javaSignalHandler in libjvm.so, mask=11100100010111111101111111111110, flags=SA_RESTART|SA_SIGINFO
    SIGILL: crash_handler in libjvm.so, mask=11100100010111111101111111111110, flags=SA_RESTART|SA_SIGINFO
   SIGUSR2: SR_handler in libjvm.so, mask=00000000000000000000000000000000, flags=SA_RESTART|SA_SIGINFO
    SIGHUP: UserHandler in libjvm.so, mask=11100100010111111101111111111110, flags=SA_RESTART|SA_SIGINFO
    SIGINT: UserHandler in libjvm.so, mask=11100100010111111101111111111110, flags=SA_RESTART|SA_SIGINFO
   SIGTERM: UserHandler in libjvm.so, mask=11100100010111111101111111111110, flags=SA_RESTART|SA_SIGINFO
   SIGQUIT: UserHandler in libjvm.so, mask=11100100010111111101111111111110, flags=SA_RESTART|SA_SIGINFO
  *** Handler was modified!
  *** Expected: javaSignalHandler in libjvm.so, mask=11100100110111111111111111111110, flags=SA_RESTART|SA_SIGINFO
   SIGTRAP: crash_handler in libjvm.so, mask=11100100010111111101111111111110, flags=SA_RESTART|SA_SIGINFO


---------------  S Y S T E M  ---------------

OS:
DISTRIB_ID=Ubuntu
DISTRIB_RELEASE=20.04
DISTRIB_CODENAME=focal
DISTRIB_DESCRIPTION="Ubuntu 20.04.2 LTS"
uname: Linux 5.15.0-1030-gcp #37~20.04.1-Ubuntu SMP Mon Feb 20 04:30:57 UTC 2023 x86_64
OS uptime: 0 days 2:42 hours
libc: glibc 2.35 NPTL 2.35 
rlimit (soft/hard): STACK 8192k/infinity , CORE infinity/infinity , NPROC infinity/infinity , NOFILE 5242/5242 , AS infinity/infinity , CPU infinity/infinity , DATA infinity/infinity , FSIZE infinity/infinity , MEMLOCK 64k/64k
load average: 17.51 11.86 11.12

/proc/meminfo:
MemTotal:       65852728 kB
MemFree:        25603876 kB
MemAvailable:   44350992 kB
Buffers:         1381488 kB
Cached:         16378196 kB
SwapCached:            0 kB
Active:          6881436 kB
Inactive:       28934088 kB
Active(anon):      15664 kB
Inactive(anon): 17646444 kB
Active(file):    6865772 kB
Inactive(file): 11287644 kB
Unevictable:       42200 kB
Mlocked:           42200 kB
SwapTotal:             0 kB
SwapFree:              0 kB
Dirty:             14284 kB
Writeback:             0 kB
AnonPages:      17273640 kB
Mapped:          1862972 kB
Shmem:             35412 kB
KReclaimable:    1320300 kB
Slab:            3395240 kB
SReclaimable:    1320300 kB
SUnreclaim:      2074940 kB
KernelStack:      416716 kB
PageTables:       181444 kB
NFS_Unstable:          0 kB
Bounce:                0 kB
WritebackTmp:          0 kB
CommitLimit:    32926364 kB
Committed_AS:   81010180 kB
VmallocTotal:   34359738367 kB
VmallocUsed:      464968 kB
VmallocChunk:          0 kB
Percpu:            75520 kB
HardwareCorrupted:     0 kB
AnonHugePages:   1587200 kB
ShmemHugePages:        0 kB
ShmemPmdMapped:        0 kB
FileHugePages:         0 kB
FilePmdMapped:         0 kB
HugePages_Total:       0
HugePages_Free:        0
HugePages_Rsvd:        0
HugePages_Surp:        0
Hugepagesize:       2048 kB
Hugetlb:               0 kB
DirectMap4k:     3703616 kB
DirectMap2M:    37187584 kB
DirectMap1G:    28311552 kB

/sys/kernel/mm/transparent_hugepage/enabled: always [madvise] never
/sys/kernel/mm/transparent_hugepage/defrag (defrag/compaction efforts parameter): always defer defer+madvise [madvise] never

Process Memory:
Virtual Size: 4523096K (peak: 4608828K)
Resident Set Size: 748400K (peak: 782540K) (anon: 551428K, file: 196972K, shmem: 0K)
Swapped out: 0K
C-Heap outstanding allocations: 40923K, retained: 14568K
glibc malloc tunables: (default)

/proc/sys/kernel/threads-max (system-wide limit on the number of threads): 514406
/proc/sys/vm/max_map_count (maximum number of memory map areas a process may have): 65530
/proc/sys/kernel/pid_max (system-wide limit on number of process identifiers): 4194304

container (cgroup) information:
container_type: cgroupv1
cpu_cpuset_cpus: 2-7
cpu_memory_nodes: 0
active_processor_count: 1
cpu_quota: 50000
cpu_period: 100000
cpu_shares: 512
memory_limit_in_bytes: 1048576 k
memory_and_swap_limit_in_bytes: 1048576 k
memory_soft_limit_in_bytes: 524288 k
memory_usage_in_bytes: 595088 k
memory_max_usage_in_bytes: 650024 k
maximum number of tasks: 1000
current number of tasks: 53

KVM virtualization detected
Steal ticks since vm start: 0
Steal ticks percentage since vm start:  0.000

CPU: total 8 (initial active 1) (8 cores per cpu, 2 threads per core) family 23 model 49 stepping 0 microcode 0xffffffff, cx8, cmov, fxsr, ht, mmx, 3dnowpref, sse, sse2, sse3, ssse3, sse4a, sse4.1, sse4.2, popcnt, lzcnt, tsc, tscinvbit, avx, avx2, aes, clmul, bmi1, bmi2, adx, sha, fma, vzeroupper, clflush, clflushopt, hv
CPU Model and flags from /proc/cpuinfo:
model name	: AMD EPYC 7B12
flags		: fpu vme de pse tsc msr pae mce cx8 apic sep mtrr pge mca cmov pat pse36 clflush mmx fxsr sse sse2 ht syscall nx mmxext fxsr_opt pdpe1gb rdtscp lm constant_tsc rep_good nopl nonstop_tsc cpuid extd_apicid tsc_known_freq pni pclmulqdq ssse3 fma cx16 sse4_1 sse4_2 movbe popcnt aes xsave avx f16c rdrand hypervisor lahf_lm cmp_legacy cr8_legacy abm sse4a misalignsse 3dnowprefetch osvw topoext ssbd ibrs ibpb stibp vmmcall fsgsbase tsc_adjust bmi1 avx2 smep bmi2 rdseed adx smap clflushopt clwb sha_ni xsaveopt xsavec xgetbv1 clzero xsaveerptr arat npt nrip_save umip rdpid

Online cpus: 0-7
Offline cpus: 
BIOS frequency limitation: <Not Available>
Frequency switch latency (ns): <Not Available>
Available cpu frequencies: <Not Available>
Current governor: <Not Available>
Core performance/turbo boost: <Not Available>

Memory: 4k page, physical 1048576k(453480k free), swap 0k(0k free)
Page Sizes: 4k

vm_info: OpenJDK 64-Bit Server VM (17.0.5+8-jvmci-22.3-b08) for linux-amd64 JRE (17.0.5+8-jvmci-22.3-b08), built on Oct 19 2022 09:01:27 by "buildslave" with gcc 10.3.0

END.
