#
# A fatal error has been detected by the Java Runtime Environment:
#
#  Internal Error (jvmciRuntime.cpp:1609), pid=30, tid=44
#  fatal error: Fatal exception in JVMCI: Error calling jdk.vm.ci.services.Services.serializeSavedProperties
#
# JRE version: OpenJDK Runtime Environment GraalVM CE 22.3.0 (17.0.5+8) (build 17.0.5+8-jvmci-22.3-b08)
# Java VM: OpenJDK 64-Bit Server VM GraalVM CE 22.3.0 (17.0.5+8-jvmci-22.3-b08, mixed mode, sharing, tiered, jvmci, jvmci compiler, compressed oops, compressed class ptrs, parallel gc, linux-amd64)
# Problematic frame:
# V  [libjvm.so+0x972714]  JVMCIRuntime::fatal_exception(JVMCIEnv*, char const*)+0x74
#
# Core dump will be written. Default location: Core dumps may be processed with "/usr/share/apport/apport -p%p -s%s -c%c -d%d -P%P -u%u -g%g -- %E" (or dumping to /home/runner/PredatorPrey/core.30)
#
# If you would like to submit a bug report, please visit:
#   https://github.com/oracle/graal/issues
#

---------------  S U M M A R Y ------------

Command Line: -XX:ThreadPriorityPolicy=1 -XX:+UnlockExperimentalVMOptions -XX:+EnableJVMCIProduct -XX:JVMCIThreadsPerNativeLibraryRuntime=1 -XX:-UnlockExperimentalVMOptions -Declipse.application=org.eclipse.jdt.ls.core.id1 -Dosgi.bundles.defaultStartLevel=4 -Declipse.product=org.eclipse.jdt.ls.core.product -Dlog.level=ALL -Xverify:none -XX:+UseParallelGC -XX:GCTimeRatio=4 -XX:AdaptiveSizePolicyWeight=90 -Dsun.zip.disableMemoryMapping=true -Xmx512m -Xms100m /nix/store/m6gcpi1ii6rghy04cjwjddcavv7i90df-jdt-language-server-1.9.0/share/java/plugins/org.eclipse.equinox.launcher_1.6.400.v20210924-0641.jar --add-modules=ALL-SYSTEM --add-opens java.base/java.util=ALL-UNNAMED --add-opens java.base/java.lang=ALL-UNNAMED -configuration /home/runner/.cache/jdt-language-server/config -data /home/runner/.cache/jdt-language-server/data/home/runner/PredatorPrey

Host: AMD EPYC 7B12, 8 cores, 1G, Ubuntu 20.04.2 LTS
Time: Sun Feb 12 06:19:55 2023 UTC elapsed time: 984.991814 seconds (0d 0h 16m 24s)

---------------  T H R E A D  ---------------

Current thread (0x00007fc19c0b2210):  JavaThread "JVMCI-native CompilerThread0" daemon [_thread_in_vm, id=44, stack(0x00007fc180e1a000,0x00007fc18101a000)]


Current CompileTask:
JVMCI-native: 984991 6141   !   4       org.eclipse.osgi.internal.loader.classpath.ClasspathManager::findLocalClass (210 bytes)

Stack: [0x00007fc180e1a000,0x00007fc18101a000],  sp=0x00007fc181018380,  free space=2040k
Native frames: (J=compiled Java code, j=interpreted, Vv=VM code, C=native code)
V  [libjvm.so+0x972714]  JVMCIRuntime::fatal_exception(JVMCIEnv*, char const*)+0x74
V  [libjvm.so+0x93e2fe]  JVMCIEnv::copy_saved_properties()+0x14e
V  [libjvm.so+0x9732a9]  JVMCIRuntime::initialize(JVMCIEnv*)+0xb19
V  [libjvm.so+0x9738a2]  JVMCIRuntime::get_HotSpotJVMCIRuntime(JVMCIEnv*)+0x12
V  [libjvm.so+0x9749f2]  JVMCIRuntime::compile_method(JVMCIEnv*, JVMCICompiler*, methodHandle const&, int)+0xd2
V  [libjvm.so+0x5b0d20]  CompileBroker::invoke_compiler_on_method(CompileTask*)+0x1470
V  [libjvm.so+0x5b12e8]  CompileBroker::compiler_thread_loop()+0x528
V  [libjvm.so+0xd82460]  JavaThread::thread_main_inner()+0xd0
V  [libjvm.so+0xd85a40]  Thread::call_run()+0xc0
V  [libjvm.so+0xbdb1e1]  thread_native_entry(Thread*)+0xe1

Register to memory mapping:

RAX=0x00007fc1a0b81000 points into unknown readable memory: 0x0000000000000058 | 58 00 00 00 00 00 00 00
RBX=0x00007fc1a1c7c398: <offset 0x0000000000ef5398> in /nix/store/gpxl5qgg8kicmcvivwmybwjlpf7wh20l-graalvm17-ce-22.3.0/lib/server/libjvm.so at 0x00007fc1a0d87000
RCX=0x00007fc1a1c341e8: <offset 0x0000000000ead1e8> in /nix/store/gpxl5qgg8kicmcvivwmybwjlpf7wh20l-graalvm17-ce-22.3.0/lib/server/libjvm.so at 0x00007fc1a0d87000
RDX=0x0000000000000649 is an unknown value
RSP=0x00007fc181018380 is pointing into the stack for thread: 0x00007fc19c0b2210
RBP=0x00007fc1810183a0 is pointing into the stack for thread: 0x00007fc19c0b2210
RSI=0x00007fc1a1c7cc48: <offset 0x0000000000ef5c48> in /nix/store/gpxl5qgg8kicmcvivwmybwjlpf7wh20l-graalvm17-ce-22.3.0/lib/server/libjvm.so at 0x00007fc1a0d87000
RDI=0x00000000e0000000 is an oop: [B 
{0x00000000e0000000} - klass: {type array byte}
 - length: 49
R8 =0x00007fc1a1c7c398: <offset 0x0000000000ef5398> in /nix/store/gpxl5qgg8kicmcvivwmybwjlpf7wh20l-graalvm17-ce-22.3.0/lib/server/libjvm.so at 0x00007fc1a0d87000
R9 =0x00007fc181018330 is pointing into the stack for thread: 0x00007fc19c0b2210
R10=0x00007fc181019948 is pointing into the stack for thread: 0x00007fc19c0b2210
R11=0x0000000000000293 is an unknown value
R12=0x0 is NULL
R13=0x00007fc19c0b2210 is a thread
R14=0x00007fc19c000b80 points into unknown readable memory: 0x00007fc1a1eada38 | 38 da ea a1 c1 7f 00 00
R15=0x00007fc1a1fbbe40: <offset 0x0000000001234e40> in /nix/store/gpxl5qgg8kicmcvivwmybwjlpf7wh20l-graalvm17-ce-22.3.0/lib/server/libjvm.so at 0x00007fc1a0d87000


Registers:
RAX=0x00007fc1a0b81000, RBX=0x00007fc1a1c7c398, RCX=0x00007fc1a1c341e8, RDX=0x0000000000000649
RSP=0x00007fc181018380, RBP=0x00007fc1810183a0, RSI=0x00007fc1a1c7cc48, RDI=0x00000000e0000000
R8 =0x00007fc1a1c7c398, R9 =0x00007fc181018330, R10=0x00007fc181019948, R11=0x0000000000000293
R12=0x0000000000000000, R13=0x00007fc19c0b2210, R14=0x00007fc19c000b80, R15=0x00007fc1a1fbbe40
RIP=0x00007fc1a16f9714, EFLAGS=0x0000000000010206, CSGSFS=0x002b000000000033, ERR=0x0000000000000006
  TRAPNO=0x000000000000000e

Top of Stack: (sp=0x00007fc181018380)
0x00007fc181018380:   00007fc181018940 00007fc19c0b2210
0x00007fc181018390:   00007fc1a05128c8 0000000800c417a0
0x00007fc1810183a0:   00007fc181018500 00007fc1a16c52fe
0x00007fc1810183b0:   00007fc1810183e0 00007fc181018440 

Instructions: (pc=0x00007fc1a16f9714)
0x00007fc1a16f9614:   30 e8 f6 cf e8 ff 4c 89 e7 e8 2e 48 d1 ff 84 db
0x00007fc1a16f9624:   75 2a 4d 85 ed 74 04 4d 8b 6d 00 48 83 c4 08 44
0x00007fc1a16f9634:   89 f9 4c 89 f2 4c 89 ee 5b 4c 89 e7 41 5c 41 5d
0x00007fc1a16f9644:   41 5e 41 5f 5d e9 e2 47 d1 ff 66 90 48 83 c4 08
0x00007fc1a16f9654:   5b 41 5c 41 5d 41 5e 41 5f 5d c3 90 31 d2 be 08
0x00007fc1a16f9664:   00 00 00 4c 89 ff e8 b1 78 a3 ff 49 89 c5 e9 37
0x00007fc1a16f9674:   ff ff ff 66 0f 1f 84 00 00 00 00 00 48 8b 7a 08
0x00007fc1a16f9684:   e9 6d ff ff ff 0f 1f 80 00 00 00 00 e8 5b 48 0a
0x00007fc1a16f9694:   00 84 c0 75 89 e9 6a ff ff ff 66 90 55 48 89 e5
0x00007fc1a16f96a4:   41 56 41 55 41 54 49 89 fc 53 48 89 f3 66 48 8d
0x00007fc1a16f96b4:   3d 27 5e 85 00 66 66 48 e8 df 43 8d ff 4c 8b 28
0x00007fc1a16f96c4:   8b 05 be 72 8a 00 85 c0 75 14 ba 01 00 00 00 48
0x00007fc1a16f96d4:   8d 0d ae 72 8a 00 f0 0f b1 11 85 c0 74 4e be c8
0x00007fc1a16f96e4:   00 00 00 4c 89 ef e8 01 0b 41 00 48 8d 05 12 ac
0x00007fc1a16f96f4:   85 00 49 89 d8 48 8d 0d e8 aa 53 00 ba 49 06 00
0x00007fc1a16f9704:   00 48 8d 35 3c 35 58 00 bf 00 00 00 e0 48 8b 00
0x00007fc1a16f9714:   c6 00 58 31 c0 e8 e2 91 c6 ff 5b 41 5c 41 5d 41
0x00007fc1a16f9724:   5e 5d e9 55 34 26 00 0f 1f 44 00 00 48 8d 05 81
0x00007fc1a16f9734:   a3 8b 00 48 89 df 4c 8b 30 e8 9e 43 8d ff 48 89
0x00007fc1a16f9744:   de 48 89 c2 49 8b 06 4c 89 f7 ff 50 08 4c 89 f7
0x00007fc1a16f9754:   e8 a7 5c 27 00 4d 85 e4 74 12 be 01 00 00 00 4c
0x00007fc1a16f9764:   89 e7 e8 35 43 fc ff eb 82 0f 1f 00 be 01 00 00
0x00007fc1a16f9774:   00 4c 89 ef e8 d3 fd ff ff e9 6d ff ff ff 66 66
0x00007fc1a16f9784:   2e 0f 1f 84 00 00 00 00 00 0f 1f 00 55 48 89 e5
0x00007fc1a16f9794:   41 57 41 56 41 55 41 54 53 48 81 ec 08 02 00 00
0x00007fc1a16f97a4:   64 48 8b 04 25 28 00 00 00 48 89 45 c8 8b 07 83
0x00007fc1a16f97b4:   f8 02 0f 84 11 04 00 00 4c 8b 6f 18 49 89 ff 49
0x00007fc1a16f97c4:   89 f4 4d 85 ed 74 14 4c 89 ef e8 5d 57 22 00 41
0x00007fc1a16f97d4:   8b 07 83 f8 02 0f 84 19 04 00 00 48 8d 1d 9a 06
0x00007fc1a16f97e4:   8a 00 4c 8d 35 0b 3c 58 00 eb 38 90 48 85 d2 7f
0x00007fc1a16f97f4:   0d 48 8d 05 b4 c0 85 00 48 83 38 00 7e 0e 41 8b
0x00007fc1a16f9804:   77 2c 4c 89 f7 31 c0 e8 a0 b2 f7 ff 49 8b 7f 18 


Stack slot to memory mapping:
stack at sp + 0 slots: 0x00007fc181018940 is pointing into the stack for thread: 0x00007fc19c0b2210
stack at sp + 1 slots: 0x00007fc19c0b2210 is a thread
stack at sp + 2 slots: 0x00007fc1a05128c8 points into unknown readable memory: 0x65730018d19effff | ff ff 9e d1 18 00 73 65
stack at sp + 3 slots: 0x0000000800c417a0 is a pointer to class: 
jdk.vm.ci.services.Services {0x0000000800c417a0}
 - instance size:     2
 - klass size:        65
 - access:            public final synchronized 
 - state:             fully_initialized
 - name:              'jdk/vm/ci/services/Services'
 - super:             'java/lang/Object'
 - sub:               
 - arrays:            NULL
 - methods:           Array<T>(0x00007fc181844878)
 - method ordering:   Array<T>(0x0000000800928960)
 - default_methods:   Array<T>(0x0000000000000000)
 - local interfaces:  Array<T>(0x00000008005ce810)
 - trans. interfaces: Array<T>(0x00000008005ce810)
 - constants:         constant pool [427] {0x00007fc181843958} for 'jdk/vm/ci/services/Services' cache=0x00007fc181847860
 - class loader data:  loader data: 0x00007fc19c0283f0 of 'bootstrap'
 - source file:       'Services.java'
 - class annotations:       Array<T>(0x0000000000000000)
 - class type annotations:  Array<T>(0x0000000000000000)
 - field annotations:       Array<T>(0x0000000000000000)
 - field type annotations:  Array<T>(0x0000000000000000)
 - inner classes:     Array<T>(0x00007fc181845cb8)
 - nest members:     Array<T>(0x00007fc181845cd8)
 - permitted subclasses:     Array<T>(0x00000008005ce7a0)
 - java mirror:       a 'java/lang/Class'{0x00000000e017a9a8} = 'jdk/vm/ci/services/Services'
 - vtable length      5  (start addr: 0x0000000800c41970)
 - itable length      2 (start addr: 0x0000000800c41998)
 - ---- static fields (3 words):
 - public static final 'IS_BUILDING_NATIVE_IMAGE' 'Z' @128 
 - public static final 'IS_IN_NATIVE_IMAGE' 'Z' @129 
 - private static volatile 'savedProperties' 'Ljava/util/Map;' @112 
 - static final 'JVMCI_ENABLED' 'Z' @130 
 - private static final 'servicesCache' 'Ljava/util/Map;' @116 
 - private static final 'MAX_UNICODE_IN_UTF8_LENGTH' 'I' @120 
 - private static final 'MAX_UTF8_PROPERTY_STRING_LENGTH' 'I' @124 
 - ---- non-static fields (0 words):
 - non-static oop maps: 
stack at sp + 4 slots: 0x00007fc181018500 is pointing into the stack for thread: 0x00007fc19c0b2210
stack at sp + 5 slots: 0x00007fc1a16c52fe: <offset 0x000000000093e2fe> in /nix/store/gpxl5qgg8kicmcvivwmybwjlpf7wh20l-graalvm17-ce-22.3.0/lib/server/libjvm.so at 0x00007fc1a0d87000
stack at sp + 6 slots: 0x00007fc1810183e0 is pointing into the stack for thread: 0x00007fc19c0b2210
stack at sp + 7 slots: 0x00007fc181018440 is pointing into the stack for thread: 0x00007fc19c0b2210


---------------  P R O C E S S  ---------------

Threads class SMR info:
_java_thread_list=0x00007fc100000b70, length=24, elements={
0x00007fc19c026690, 0x00007fc19c0a64d0, 0x00007fc19c0a7910, 0x00007fc19c0ae080,
0x00007fc19c0af430, 0x00007fc19c0b0820, 0x00007fc19c0b2210, 0x00007fc19c0b3720,
0x00007fc19c0b4b70, 0x00007fc19c0d7ae0, 0x00007fc19c1200f0, 0x00007fc19c334680,
0x00007fc19c367d00, 0x00007fc19c369820, 0x00007fc19c62f8d0, 0x00007fc134017120,
0x00007fc1342a06b0, 0x00007fc134304330, 0x00007fc1180010d0, 0x00007fc134487870,
0x00007fc1345ff000, 0x00007fc19c4a29b0, 0x00007fc19c393130, 0x00007fc100002420
}

Java Threads: ( => current thread )
  0x00007fc19c026690 JavaThread "main" [_thread_blocked, id=36, stack(0x00007fc1a0ba2000,0x00007fc1a0ca2000)]
  0x00007fc19c0a64d0 JavaThread "Reference Handler" daemon [_thread_blocked, id=39, stack(0x00007fc181700000,0x00007fc181800000)]
  0x00007fc19c0a7910 JavaThread "Finalizer" daemon [_thread_blocked, id=40, stack(0x00007fc181600000,0x00007fc181700000)]
  0x00007fc19c0ae080 JavaThread "Signal Dispatcher" daemon [_thread_blocked, id=41, stack(0x00007fc18121a000,0x00007fc18131a000)]
  0x00007fc19c0af430 JavaThread "Service Thread" daemon [_thread_blocked, id=42, stack(0x00007fc18111a000,0x00007fc18121a000)]
  0x00007fc19c0b0820 JavaThread "Monitor Deflation Thread" daemon [_thread_blocked, id=43, stack(0x00007fc18101a000,0x00007fc18111a000)]
=>0x00007fc19c0b2210 JavaThread "JVMCI-native CompilerThread0" daemon [_thread_in_vm, id=44, stack(0x00007fc180e1a000,0x00007fc18101a000)]
  0x00007fc19c0b3720 JavaThread "C1 CompilerThread0" daemon [_thread_blocked, id=45, stack(0x00007fc180c1a000,0x00007fc180e1a000)]
  0x00007fc19c0b4b70 JavaThread "Sweeper thread" daemon [_thread_blocked, id=46, stack(0x00007fc180b1a000,0x00007fc180c1a000)]
  0x00007fc19c0d7ae0 JavaThread "Common-Cleaner" daemon [_thread_blocked, id=47, stack(0x00007fc180a1a000,0x00007fc180b1a000)]
  0x00007fc19c1200f0 JavaThread "Notification Thread" daemon [_thread_blocked, id=48, stack(0x00007fc18091a000,0x00007fc180a1a000)]
  0x00007fc19c334680 JavaThread "Active Thread: Equinox Container: 5b7d3c76-386f-4d73-a005-7eccc2d32a8e" [_thread_blocked, id=77, stack(0x00007fc180600000,0x00007fc180700000)]
  0x00007fc19c367d00 JavaThread "Framework Event Dispatcher: Equinox Container: 5b7d3c76-386f-4d73-a005-7eccc2d32a8e" daemon [_thread_blocked, id=87, stack(0x00007fc180400000,0x00007fc180500000)]
  0x00007fc19c369820 JavaThread "Start Level: Equinox Container: 5b7d3c76-386f-4d73-a005-7eccc2d32a8e" daemon [_thread_blocked, id=89, stack(0x00007fc180200000,0x00007fc180300000)]
  0x00007fc19c62f8d0 JavaThread "Refresh Thread: Equinox Container: 5b7d3c76-386f-4d73-a005-7eccc2d32a8e" daemon [_thread_blocked, id=100, stack(0x00007fc180718000,0x00007fc180818000)]
  0x00007fc134017120 JavaThread "SCR Component Actor" daemon [_thread_blocked, id=101, stack(0x00007fc180300000,0x00007fc180400000)]
  0x00007fc1342a06b0 JavaThread "Worker-JM" [_thread_blocked, id=104, stack(0x00007fc180000000,0x00007fc180100000)]
  0x00007fc134304330 JavaThread "Worker-0" [_thread_blocked, id=105, stack(0x00007fc148900000,0x00007fc148a00000)]
  0x00007fc1180010d0 JavaThread "Worker-1: Java indexing... " [_thread_blocked, id=106, stack(0x00007fc148500000,0x00007fc148600000)]
  0x00007fc134487870 JavaThread "Java indexing" daemon [_thread_blocked, id=107, stack(0x00007fc148400000,0x00007fc148500000)]
  0x00007fc1345ff000 JavaThread "Bundle File Closer" daemon [_thread_blocked, id=108, stack(0x00007fc148300000,0x00007fc148400000)]
  0x00007fc19c4a29b0 JavaThread "pool-3-thread-1" [_thread_blocked, id=109, stack(0x00007fc148200000,0x00007fc148300000)]
  0x00007fc19c393130 JavaThread "pool-2-thread-1" [_thread_blocked, id=111, stack(0x00007fc180100000,0x00007fc180200000)]
  0x00007fc100002420 JavaThread "Worker-5" [_thread_blocked, id=160, stack(0x00007fc147c00000,0x00007fc147d00000)]

Other Threads:
  0x00007fc19c0a1c10 VMThread "VM Thread" [stack: 0x00007fc1820e1000,0x00007fc1821e1000] [id=38] _threads_hazard_ptr=0x00007fc100000b70
  0x00007fc19c121a90 WatcherThread [stack: 0x00007fc18081a000,0x00007fc18091a000] [id=49]
  0x00007fc19c03df30 GCTaskThread "GC Thread#0" [stack: 0x00007fc1a0765000,0x00007fc1a0865000] [id=37]

Threads with active compile tasks:
JVMCI-native CompilerThread0   985078 6141   !   4       org.eclipse.osgi.internal.loader.classpath.ClasspathManager::findLocalClass (210 bytes)

VM state: synchronizing (normal execution)

VM Mutex/Monitor currently owned by a thread:  ([mutex/lock_event])
[0x00007fc19c023840] Threads_lock - owner thread: 0x00007fc19c0a1c10
[0x00007fc19c023ff0] Heap_lock - owner thread: 0x00007fc19c393130

OutOfMemory and StackOverflow Exception counts:
OutOfMemoryError java_heap_errors=5
LinkageErrors=36

Heap address: 0x00000000e0000000, size: 512 MB, Compressed Oops mode: 32-bit

CDS archive(s) mapped at: [0x0000000800000000-0x0000000800bc8000-0x0000000800bc8000), size 12353536, SharedBaseAddress: 0x0000000800000000, ArchiveRelocationMode: 0.
Compressed class space mapped at: 0x0000000800c00000-0x0000000840c00000, reserved size: 1073741824
Narrow klass base: 0x0000000800000000, Narrow klass shift: 0, Narrow klass range: 0x100000000

GC Precious Log:
 CPUs: 8 total, 1 available
 Memory: 1024M
 Large Page Support: Disabled
 NUMA Support: Disabled
 Compressed Oops: Enabled (32-bit)
 Alignments: Space 512K, Generation 512K, Heap 2M
 Heap Min Capacity: 100M
 Heap Initial Capacity: 100M
 Heap Max Capacity: 512M
 Pre-touch: Disabled
 Parallel Workers: 1

Heap:
 PSYoungGen      total 52736K, used 24575K [0x00000000f5580000, 0x00000000fa680000, 0x0000000100000000)
  eden space 24576K, 99% used [0x00000000f5580000,0x00000000f6d7fff0,0x00000000f6d80000)
  from space 28160K, 0% used [0x00000000f6d80000,0x00000000f6d80000,0x00000000f8900000)
  to   space 26624K, 0% used [0x00000000f8c80000,0x00000000f8c80000,0x00000000fa680000)
 ParOldGen       total 349696K, used 349693K [0x00000000e0000000, 0x00000000f5580000, 0x00000000f5580000)
  object space 349696K, 99% used [0x00000000e0000000,0x00000000f557f7f0,0x00000000f5580000)
 Metaspace       used 43091K, committed 43840K, reserved 1089536K
  class space    used 4453K, committed 4736K, reserved 1048576K

Card table byte_map: [0x00007fc1a0865000,0x00007fc1a0966000] _byte_map_base: 0x00007fc1a0165000

Marking Bits: (ParMarkBitMap*) 0x00007fc1a1fb54c0
 Begin Bits: [0x00007fc1824b3000, 0x00007fc182cb3000)
 End Bits:   [0x00007fc182cb3000, 0x00007fc1834b3000)

Polling page: 0x00007fc1a0b7f000

Metaspace:

Usage:
  Non-class:     37.73 MB used.
      Class:      4.35 MB used.
       Both:     42.08 MB used.

Virtual space:
  Non-class space:       40.00 MB reserved,      38.19 MB ( 95%) committed,  5 nodes.
      Class space:        1.00 GB reserved,       4.62 MB ( <1%) committed,  1 nodes.
             Both:        1.04 GB reserved,      42.81 MB (  4%) committed. 

Chunk freelists:
   Non-Class:  1.85 MB
       Class:  3.37 MB
        Both:  5.22 MB

MaxMetaspaceSize: unlimited
CompressedClassSpaceSize: 1.00 GB
Initial GC threshold: 21.00 MB
Current GC threshold: 71.25 MB
CDS: on
MetaspaceReclaimPolicy: balanced
 - commit_granule_bytes: 65536.
 - commit_granule_words: 8192.
 - virtual_space_node_default_size: 1048576.
 - enlarge_chunks_in_place: 1.
 - new_chunks_are_fully_committed: 0.
 - uncommit_free_chunks: 1.
 - use_allocation_guard: 0.
 - handle_deallocations: 1.


Internal statistics:

num_allocs_failed_limit: 8.
num_arena_births: 310.
num_arena_deaths: 66.
num_vsnodes_births: 6.
num_vsnodes_deaths: 0.
num_space_committed: 685.
num_space_uncommitted: 0.
num_chunks_returned_to_freelist: 91.
num_chunks_taken_from_freelist: 1882.
num_chunk_merges: 38.
num_chunk_splits: 1215.
num_chunks_enlarged: 755.
num_purges: 10.
num_inconsistent_stats: 0.

CodeHeap 'non-profiled nmethods': size=120036Kb used=2149Kb max_used=2149Kb free=117886Kb
 bounds [0x00007fc18af7a000, 0x00007fc18b1ea000, 0x00007fc1924b3000]
CodeHeap 'profiled nmethods': size=120032Kb used=10456Kb max_used=11569Kb free=109575Kb
 bounds [0x00007fc183a42000, 0x00007fc1845e2000, 0x00007fc18af7a000]
CodeHeap 'non-nmethods': size=5692Kb used=1331Kb max_used=1352Kb free=4360Kb
 bounds [0x00007fc1834b3000, 0x00007fc183723000, 0x00007fc183a42000]
 total_blobs=5416 nmethods=4766 adapters=559
 compilation: enabled
              stopped_count=0, restarted_count=0
 full_count=0

JVMCI Events (20 events):
Event: 509.295 Thread 0x00007fc19c0b2210 compacted oop handles in JVMCI runtime 0 from 62 to 62
Event: 509.295 Thread 0x00007fc19c0b2210 releasing handles for JVMCI runtime 0: oop handles=62, metadata handles={total=119, live=111, blocks=51}
Event: 509.295 Thread 0x00007fc19c0b2210 detached from JVMCI runtime 0
Event: 877.603 Thread 0x00007fc19c0b2210 attached to JVMCI runtime 0
Event: 877.604 Thread 0x00007fc19c0b2210 created JavaVM[3]@0x00007fc14559e340 for JVMCI runtime 0
Event: 877.604 Thread 0x00007fc19c0b2210 initializing JVMCI runtime 0
Event: 877.604 Thread 0x00007fc19c0b2210 done waiting for JavaVM references initialization in JVMCI runtime 0
Event: 896.098 Thread 0x00007fc19c0b2210 initialized JVMCI runtime 0
Event: 908.400 Thread 0x00007fc19c0b2210 compacted oop handles in JVMCI runtime 0 from 49 to 47
Event: 910.995 Thread 0x00007fc19c0b2210 detaching from JVMCI runtime 0: releasing idle compiler thread (0 other threads still attached)
Event: 910.995 Thread 0x00007fc19c0b2210 shutting down HotSpotJVMCIRuntime for JVMCI runtime 0
Event: 910.995 Thread 0x00007fc19c0b2210 shut down JVMCI runtime 0
Event: 910.996 Thread 0x00007fc19c0b2210 destroyed JavaVM[3]@0x00007fc14559e340 for JVMCI runtime 0
Event: 910.996 Thread 0x00007fc19c0b2210 compacted oop handles in JVMCI runtime 0 from 59 to 59
Event: 910.996 Thread 0x00007fc19c0b2210 releasing handles for JVMCI runtime 0: oop handles=59, metadata handles={total=99, live=99, blocks=51}
Event: 910.996 Thread 0x00007fc19c0b2210 detached from JVMCI runtime 0
Event: 975.089 Thread 0x00007fc19c0b2210 attached to JVMCI runtime 0
Event: 975.090 Thread 0x00007fc19c0b2210 created JavaVM[4]@0x00007fc14559e340 for JVMCI runtime 0
Event: 975.090 Thread 0x00007fc19c0b2210 initializing JVMCI runtime 0
Event: 975.090 Thread 0x00007fc19c0b2210 done waiting for JavaVM references initialization in JVMCI runtime 0

Compilation events (20 events):
Event: 788.597 Thread 0x00007fc19c0b3720 nmethod 6132 0x00007fc184421b10 code [0x00007fc184421ca0, 0x00007fc184421e10]
Event: 813.094 Thread 0x00007fc19c0b3720 6133       3       org.eclipse.core.runtime.Path::computeSegments (169 bytes)
Event: 814.222 Thread 0x00007fc19c0b3720 nmethod 6133 0x00007fc183ae9190 code [0x00007fc183ae9520, 0x00007fc183aeb1c0]
Event: 814.222 Thread 0x00007fc19c0b3720 6134       3       org.eclipse.core.runtime.Path::canonicalize (99 bytes)
Event: 814.223 Thread 0x00007fc19c0b3720 nmethod 6134 0x00007fc183cd5510 code [0x00007fc183cd5760, 0x00007fc183cd6090]
Event: 817.607 Thread 0x00007fc19c0b3720 6135       3       org.eclipse.jdt.ls.core.internal.handlers.ProgressReporterManager$ProgressReporter::sendProgress (78 bytes)
Event: 819.906 Thread 0x00007fc19c0b3720 nmethod 6135 0x00007fc183faac10 code [0x00007fc183faae00, 0x00007fc183fab770]
Event: 877.603 Thread 0x00007fc19c0b2210 6136       4       java.util.concurrent.locks.AbstractQueuedSynchronizer::signalNext (34 bytes)
Event: 908.400 Thread 0x00007fc19c0b2210 nmethod 6136 0x00007fc18b192810 code [0x00007fc18b1929a0, 0x00007fc18b192a70]
Event: 908.400 Thread 0x00007fc19c0b2210 6137       4       java.util.Collections$UnmodifiableMap$UnmodifiableEntrySet$1::next (5 bytes)
Event: 909.793 Thread 0x00007fc19c0b2210 nmethod 6137 0x00007fc18b192b90 code [0x00007fc18b192d20, 0x00007fc18b193018]
Event: 924.416 Thread 0x00007fc19c0b3720 6138       3       java.lang.StringBuffer::<init> (6 bytes)
Event: 925.596 Thread 0x00007fc19c0b3720 nmethod 6138 0x00007fc1841a4b90 code [0x00007fc1841a4d40, 0x00007fc1841a4e80]
Event: 951.982 Thread 0x00007fc19c0b3720 6139       3       jdk.internal.loader.ClassLoaders$BootClassLoader::loadClassOrNull (10 bytes)
Event: 954.309 Thread 0x00007fc19c0b3720 nmethod 6139 0x00007fc1841e0990 code [0x00007fc1841e0b60, 0x00007fc1841e0df0]
Event: 955.519 Thread 0x00007fc19c0b3720 6140       1       org.eclipse.core.internal.jobs.InternalJob::setPrevious (6 bytes)
Event: 957.908 Thread 0x00007fc19c0b3720 nmethod 6140 0x00007fc18b193310 code [0x00007fc18b1934a0, 0x00007fc18b193570]
Event: 975.089 Thread 0x00007fc19c0b2210 6141   !   4       org.eclipse.osgi.internal.loader.classpath.ClasspathManager::findLocalClass (210 bytes)
Event: 977.612 Thread 0x00007fc19c0b3720 6142       3       java.util.UUID::<init> (109 bytes)
Event: 978.909 Thread 0x00007fc19c0b3720 nmethod 6142 0x00007fc184285910 code [0x00007fc184285ae0, 0x00007fc184285e50]

GC Heap History (20 events):
Event: 972.527 GC heap before
{Heap before GC invocations=837 (full 759):
 PSYoungGen      total 52736K, used 24575K [0x00000000f5580000, 0x00000000fa680000, 0x0000000100000000)
  eden space 24576K, 99% used [0x00000000f5580000,0x00000000f6d7ffa8,0x00000000f6d80000)
  from space 28160K, 0% used [0x00000000f6d80000,0x00000000f6d80000,0x00000000f8900000)
  to   space 26624K, 0% used [0x00000000f8c80000,0x00000000f8c80000,0x00000000fa680000)
 ParOldGen       total 349696K, used 349695K [0x00000000e0000000, 0x00000000f5580000, 0x00000000f5580000)
  object space 349696K, 99% used [0x00000000e0000000,0x00000000f557fe90,0x00000000f5580000)
 Metaspace       used 43090K, committed 43840K, reserved 1089536K
  class space    used 4453K, committed 4736K, reserved 1048576K
}
Event: 973.799 GC heap after
{Heap after GC invocations=837 (full 759):
 PSYoungGen      total 51200K, used 24575K [0x00000000f5580000, 0x00000000fa680000, 0x0000000100000000)
  eden space 24576K, 99% used [0x00000000f5580000,0x00000000f6d7ffa8,0x00000000f6d80000)
  from space 26624K, 0% used [0x00000000f8c80000,0x00000000f8c80000,0x00000000fa680000)
  to   space 28160K, 0% used [0x00000000f6d80000,0x00000000f6d80000,0x00000000f8900000)
 ParOldGen       total 349696K, used 349695K [0x00000000e0000000, 0x00000000f5580000, 0x00000000f5580000)
  object space 349696K, 99% used [0x00000000e0000000,0x00000000f557fe90,0x00000000f5580000)
 Metaspace       used 43090K, committed 43840K, reserved 1089536K
  class space    used 4453K, committed 4736K, reserved 1048576K
}
Event: 973.799 GC heap before
{Heap before GC invocations=838 (full 760):
 PSYoungGen      total 51200K, used 24575K [0x00000000f5580000, 0x00000000fa680000, 0x0000000100000000)
  eden space 24576K, 99% used [0x00000000f5580000,0x00000000f6d7ffa8,0x00000000f6d80000)
  from space 26624K, 0% used [0x00000000f8c80000,0x00000000f8c80000,0x00000000fa680000)
  to   space 28160K, 0% used [0x00000000f6d80000,0x00000000f6d80000,0x00000000f8900000)
 ParOldGen       total 349696K, used 349695K [0x00000000e0000000, 0x00000000f5580000, 0x00000000f5580000)
  object space 349696K, 99% used [0x00000000e0000000,0x00000000f557fe90,0x00000000f5580000)
 Metaspace       used 43090K, committed 43840K, reserved 1089536K
  class space    used 4453K, committed 4736K, reserved 1048576K
}
Event: 975.088 GC heap after
{Heap after GC invocations=838 (full 760):
 PSYoungGen      total 52736K, used 24575K [0x00000000f5580000, 0x00000000fa680000, 0x0000000100000000)
  eden space 24576K, 99% used [0x00000000f5580000,0x00000000f6d7ffa8,0x00000000f6d80000)
  from space 28160K, 0% used [0x00000000f6d80000,0x00000000f6d80000,0x00000000f8900000)
  to   space 26624K, 0% used [0x00000000f8c80000,0x00000000f8c80000,0x00000000fa680000)
 ParOldGen       total 349696K, used 349695K [0x00000000e0000000, 0x00000000f5580000, 0x00000000f5580000)
  object space 349696K, 99% used [0x00000000e0000000,0x00000000f557fe90,0x00000000f5580000)
 Metaspace       used 43090K, committed 43840K, reserved 1089536K
  class space    used 4453K, committed 4736K, reserved 1048576K
}
Event: 975.090 GC heap before
{Heap before GC invocations=839 (full 761):
 PSYoungGen      total 52736K, used 24576K [0x00000000f5580000, 0x00000000fa680000, 0x0000000100000000)
  eden space 24576K, 100% used [0x00000000f5580000,0x00000000f6d80000,0x00000000f6d80000)
  from space 28160K, 0% used [0x00000000f6d80000,0x00000000f6d80000,0x00000000f8900000)
  to   space 26624K, 0% used [0x00000000f8c80000,0x00000000f8c80000,0x00000000fa680000)
 ParOldGen       total 349696K, used 349695K [0x00000000e0000000, 0x00000000f5580000, 0x00000000f5580000)
  object space 349696K, 99% used [0x00000000e0000000,0x00000000f557ffd8,0x00000000f5580000)
 Metaspace       used 43090K, committed 43840K, reserved 1089536K
  class space    used 4453K, committed 4736K, reserved 1048576K
}
Event: 976.405 GC heap after
{Heap after GC invocations=839 (full 761):
 PSYoungGen      total 51200K, used 24575K [0x00000000f5580000, 0x00000000fa680000, 0x0000000100000000)
  eden space 24576K, 99% used [0x00000000f5580000,0x00000000f6d7ff98,0x00000000f6d80000)
  from space 26624K, 0% used [0x00000000f8c80000,0x00000000f8c80000,0x00000000fa680000)
  to   space 28160K, 0% used [0x00000000f6d80000,0x00000000f6d80000,0x00000000f8900000)
 ParOldGen       total 349696K, used 349689K [0x00000000e0000000, 0x00000000f5580000, 0x00000000f5580000)
  object space 349696K, 99% used [0x00000000e0000000,0x00000000f557e630,0x00000000f5580000)
 Metaspace       used 43090K, committed 43840K, reserved 1089536K
  class space    used 4453K, committed 4736K, reserved 1048576K
}
Event: 976.405 GC heap before
{Heap before GC invocations=840 (full 762):
 PSYoungGen      total 51200K, used 24575K [0x00000000f5580000, 0x00000000fa680000, 0x0000000100000000)
  eden space 24576K, 99% used [0x00000000f5580000,0x00000000f6d7fff0,0x00000000f6d80000)
  from space 26624K, 0% used [0x00000000f8c80000,0x00000000f8c80000,0x00000000fa680000)
  to   space 28160K, 0% used [0x00000000f6d80000,0x00000000f6d80000,0x00000000f8900000)
 ParOldGen       total 349696K, used 349689K [0x00000000e0000000, 0x00000000f5580000, 0x00000000f5580000)
  object space 349696K, 99% used [0x00000000e0000000,0x00000000f557e630,0x00000000f5580000)
 Metaspace       used 43090K, committed 43840K, reserved 1089536K
  class space    used 4453K, committed 4736K, reserved 1048576K
}
Event: 977.611 GC heap after
{Heap after GC invocations=840 (full 762):
 PSYoungGen      total 52736K, used 24575K [0x00000000f5580000, 0x00000000fa680000, 0x0000000100000000)
  eden space 24576K, 99% used [0x00000000f5580000,0x00000000f6d7fff0,0x00000000f6d80000)
  from space 28160K, 0% used [0x00000000f6d80000,0x00000000f6d80000,0x00000000f8900000)
  to   space 26624K, 0% used [0x00000000f8c80000,0x00000000f8c80000,0x00000000fa680000)
 ParOldGen       total 349696K, used 349689K [0x00000000e0000000, 0x00000000f5580000, 0x00000000f5580000)
  object space 349696K, 99% used [0x00000000e0000000,0x00000000f557e630,0x00000000f5580000)
 Metaspace       used 43090K, committed 43840K, reserved 1089536K
  class space    used 4453K, committed 4736K, reserved 1048576K
}
Event: 977.612 GC heap before
{Heap before GC invocations=841 (full 763):
 PSYoungGen      total 52736K, used 24576K [0x00000000f5580000, 0x00000000fa680000, 0x0000000100000000)
  eden space 24576K, 100% used [0x00000000f5580000,0x00000000f6d80000,0x00000000f6d80000)
  from space 28160K, 0% used [0x00000000f6d80000,0x00000000f6d80000,0x00000000f8900000)
  to   space 26624K, 0% used [0x00000000f8c80000,0x00000000f8c80000,0x00000000fa680000)
 ParOldGen       total 349696K, used 349691K [0x00000000e0000000, 0x00000000f5580000, 0x00000000f5580000)
  object space 349696K, 99% used [0x00000000e0000000,0x00000000f557ec40,0x00000000f5580000)
 Metaspace       used 43090K, committed 43840K, reserved 1089536K
  class space    used 4453K, committed 4736K, reserved 1048576K
}
Event: 978.909 GC heap after
{Heap after GC invocations=841 (full 763):
 PSYoungGen      total 51200K, used 24575K [0x00000000f5580000, 0x00000000fa680000, 0x0000000100000000)
  eden space 24576K, 99% used [0x00000000f5580000,0x00000000f6d7ff98,0x00000000f6d80000)
  from space 26624K, 0% used [0x00000000f8c80000,0x00000000f8c80000,0x00000000fa680000)
  to   space 28160K, 0% used [0x00000000f6d80000,0x00000000f6d80000,0x00000000f8900000)
 ParOldGen       total 349696K, used 349690K [0x00000000e0000000, 0x00000000f5580000, 0x00000000f5580000)
  object space 349696K, 99% used [0x00000000e0000000,0x00000000f557e8a0,0x00000000f5580000)
 Metaspace       used 43090K, committed 43840K, reserved 1089536K
  class space    used 4453K, committed 4736K, reserved 1048576K
}
Event: 978.910 GC heap before
{Heap before GC invocations=842 (full 764):
 PSYoungGen      total 51200K, used 24575K [0x00000000f5580000, 0x00000000fa680000, 0x0000000100000000)
  eden space 24576K, 99% used [0x00000000f5580000,0x00000000f6d7fff8,0x00000000f6d80000)
  from space 26624K, 0% used [0x00000000f8c80000,0x00000000f8c80000,0x00000000fa680000)
  to   space 28160K, 0% used [0x00000000f6d80000,0x00000000f6d80000,0x00000000f8900000)
 ParOldGen       total 349696K, used 349690K [0x00000000e0000000, 0x00000000f5580000, 0x00000000f5580000)
  object space 349696K, 99% used [0x00000000e0000000,0x00000000f557e8a0,0x00000000f5580000)
 Metaspace       used 43091K, committed 43840K, reserved 1089536K
  class space    used 4453K, committed 4736K, reserved 1048576K
}
Event: 980.221 GC heap after
{Heap after GC invocations=842 (full 764):
 PSYoungGen      total 52736K, used 24575K [0x00000000f5580000, 0x00000000fa680000, 0x0000000100000000)
  eden space 24576K, 99% used [0x00000000f5580000,0x00000000f6d7ff98,0x00000000f6d80000)
  from space 28160K, 0% used [0x00000000f6d80000,0x00000000f6d80000,0x00000000f8900000)
  to   space 26624K, 0% used [0x00000000f8c80000,0x00000000f8c80000,0x00000000fa680000)
 ParOldGen       total 349696K, used 349690K [0x00000000e0000000, 0x00000000f5580000, 0x00000000f5580000)
  object space 349696K, 99% used [0x00000000e0000000,0x00000000f557e8a0,0x00000000f5580000)
 Metaspace       used 43091K, committed 43840K, reserved 1089536K
  class space    used 4453K, committed 4736K, reserved 1048576K
}
Event: 980.222 GC heap before
{Heap before GC invocations=843 (full 765):
 PSYoungGen      total 52736K, used 24575K [0x00000000f5580000, 0x00000000fa680000, 0x0000000100000000)
  eden space 24576K, 99% used [0x00000000f5580000,0x00000000f6d7fff8,0x00000000f6d80000)
  from space 28160K, 0% used [0x00000000f6d80000,0x00000000f6d80000,0x00000000f8900000)
  to   space 26624K, 0% used [0x00000000f8c80000,0x00000000f8c80000,0x00000000fa680000)
 ParOldGen       total 349696K, used 349690K [0x00000000e0000000, 0x00000000f5580000, 0x00000000f5580000)
  object space 349696K, 99% used [0x00000000e0000000,0x00000000f557e8a0,0x00000000f5580000)
 Metaspace       used 43091K, committed 43840K, reserved 1089536K
  class space    used 4453K, committed 4736K, reserved 1048576K
}
Event: 981.407 GC heap after
{Heap after GC invocations=843 (full 765):
 PSYoungGen      total 51200K, used 24575K [0x00000000f5580000, 0x00000000fa680000, 0x0000000100000000)
  eden space 24576K, 99% used [0x00000000f5580000,0x00000000f6d7ff98,0x00000000f6d80000)
  from space 26624K, 0% used [0x00000000f8c80000,0x00000000f8c80000,0x00000000fa680000)
  to   space 28160K, 0% used [0x00000000f6d80000,0x00000000f6d80000,0x00000000f8900000)
 ParOldGen       total 349696K, used 349690K [0x00000000e0000000, 0x00000000f5580000, 0x00000000f5580000)
  object space 349696K, 99% used [0x00000000e0000000,0x00000000f557e8a0,0x00000000f5580000)
 Metaspace       used 43091K, committed 43840K, reserved 1089536K
  class space    used 4453K, committed 4736K, reserved 1048576K
}
Event: 981.408 GC heap before
{Heap before GC invocations=844 (full 766):
 PSYoungGen      total 51200K, used 24576K [0x00000000f5580000, 0x00000000fa680000, 0x0000000100000000)
  eden space 24576K, 100% used [0x00000000f5580000,0x00000000f6d80000,0x00000000f6d80000)
  from space 26624K, 0% used [0x00000000f8c80000,0x00000000f8c80000,0x00000000fa680000)
  to   space 28160K, 0% used [0x00000000f6d80000,0x00000000f6d80000,0x00000000f8900000)
 ParOldGen       total 349696K, used 349690K [0x00000000e0000000, 0x00000000f5580000, 0x00000000f5580000)
  object space 349696K, 99% used [0x00000000e0000000,0x00000000f557e8a0,0x00000000f5580000)
 Metaspace       used 43091K, committed 43840K, reserved 1089536K
  class space    used 4453K, committed 4736K, reserved 1048576K
}
Event: 982.596 GC heap after
{Heap after GC invocations=844 (full 766):
 PSYoungGen      total 52736K, used 24575K [0x00000000f5580000, 0x00000000fa680000, 0x0000000100000000)
  eden space 24576K, 99% used [0x00000000f5580000,0x00000000f6d7ffb0,0x00000000f6d80000)
  from space 28160K, 0% used [0x00000000f6d80000,0x00000000f6d80000,0x00000000f8900000)
  to   space 26624K, 0% used [0x00000000f8c80000,0x00000000f8c80000,0x00000000fa680000)
 ParOldGen       total 349696K, used 349690K [0x00000000e0000000, 0x00000000f5580000, 0x00000000f5580000)
  object space 349696K, 99% used [0x00000000e0000000,0x00000000f557e8a0,0x00000000f5580000)
 Metaspace       used 43091K, committed 43840K, reserved 1089536K
  class space    used 4453K, committed 4736K, reserved 1048576K
}
Event: 982.598 GC heap before
{Heap before GC invocations=845 (full 767):
 PSYoungGen      total 52736K, used 24576K [0x00000000f5580000, 0x00000000fa680000, 0x0000000100000000)
  eden space 24576K, 100% used [0x00000000f5580000,0x00000000f6d80000,0x00000000f6d80000)
  from space 28160K, 0% used [0x00000000f6d80000,0x00000000f6d80000,0x00000000f8900000)
  to   space 26624K, 0% used [0x00000000f8c80000,0x00000000f8c80000,0x00000000fa680000)
 ParOldGen       total 349696K, used 349695K [0x00000000e0000000, 0x00000000f5580000, 0x00000000f5580000)
  object space 349696K, 99% used [0x00000000e0000000,0x00000000f557fc90,0x00000000f5580000)
 Metaspace       used 43091K, committed 43840K, reserved 1089536K
  class space    used 4453K, committed 4736K, reserved 1048576K
}
Event: 983.808 GC heap after
{Heap after GC invocations=845 (full 767):
 PSYoungGen      total 51200K, used 24575K [0x00000000f5580000, 0x00000000fa680000, 0x0000000100000000)
  eden space 24576K, 99% used [0x00000000f5580000,0x00000000f6d7ffc0,0x00000000f6d80000)
  from space 26624K, 0% used [0x00000000f8c80000,0x00000000f8c80000,0x00000000fa680000)
  to   space 28160K, 0% used [0x00000000f6d80000,0x00000000f6d80000,0x00000000f8900000)
 ParOldGen       total 349696K, used 349693K [0x00000000e0000000, 0x00000000f5580000, 0x00000000f5580000)
  object space 349696K, 99% used [0x00000000e0000000,0x00000000f557f780,0x00000000f5580000)
 Metaspace       used 43091K, committed 43840K, reserved 1089536K
  class space    used 4453K, committed 4736K, reserved 1048576K
}
Event: 983.808 GC heap before
{Heap before GC invocations=846 (full 768):
 PSYoungGen      total 51200K, used 24575K [0x00000000f5580000, 0x00000000fa680000, 0x0000000100000000)
  eden space 24576K, 99% used [0x00000000f5580000,0x00000000f6d7ffc0,0x00000000f6d80000)
  from space 26624K, 0% used [0x00000000f8c80000,0x00000000f8c80000,0x00000000fa680000)
  to   space 28160K, 0% used [0x00000000f6d80000,0x00000000f6d80000,0x00000000f8900000)
 ParOldGen       total 349696K, used 349693K [0x00000000e0000000, 0x00000000f5580000, 0x00000000f5580000)
  object space 349696K, 99% used [0x00000000e0000000,0x00000000f557f780,0x00000000f5580000)
 Metaspace       used 43091K, committed 43840K, reserved 1089536K
  class space    used 4453K, committed 4736K, reserved 1048576K
}
Event: 984.987 GC heap after
{Heap after GC invocations=846 (full 768):
 PSYoungGen      total 52736K, used 24575K [0x00000000f5580000, 0x00000000fa680000, 0x0000000100000000)
  eden space 24576K, 99% used [0x00000000f5580000,0x00000000f6d7ffc0,0x00000000f6d80000)
  from space 28160K, 0% used [0x00000000f6d80000,0x00000000f6d80000,0x00000000f8900000)
  to   space 26624K, 0% used [0x00000000f8c80000,0x00000000f8c80000,0x00000000fa680000)
 ParOldGen       total 349696K, used 349693K [0x00000000e0000000, 0x00000000f5580000, 0x00000000f5580000)
  object space 349696K, 99% used [0x00000000e0000000,0x00000000f557f780,0x00000000f5580000)
 Metaspace       used 43091K, committed 43840K, reserved 1089536K
  class space    used 4453K, committed 4736K, reserved 1048576K
}

Dll operation events (9 events):
Event: 0.002 Loaded shared library /nix/store/gpxl5qgg8kicmcvivwmybwjlpf7wh20l-graalvm17-ce-22.3.0/lib/libjava.so
Event: 0.008 Loaded shared library /nix/store/gpxl5qgg8kicmcvivwmybwjlpf7wh20l-graalvm17-ce-22.3.0/lib/libjsvml.so
Event: 0.191 Loaded shared library /nix/store/gpxl5qgg8kicmcvivwmybwjlpf7wh20l-graalvm17-ce-22.3.0/lib/libnio.so
Event: 0.193 Loaded shared library /nix/store/gpxl5qgg8kicmcvivwmybwjlpf7wh20l-graalvm17-ce-22.3.0/lib/libzip.so
Event: 0.196 Loaded shared library /nix/store/gpxl5qgg8kicmcvivwmybwjlpf7wh20l-graalvm17-ce-22.3.0/lib/libjvmcicompiler.so
Event: 0.499 Loaded shared library /nix/store/gpxl5qgg8kicmcvivwmybwjlpf7wh20l-graalvm17-ce-22.3.0/lib/libjimage.so
Event: 1.098 Loaded shared library /nix/store/gpxl5qgg8kicmcvivwmybwjlpf7wh20l-graalvm17-ce-22.3.0/lib/libnet.so
Event: 4.878 Loaded shared library /home/runner/.cache/jdt-language-server/config/org.eclipse.equinox.launcher/org.eclipse.equinox.launcher.gtk.linux.x86_64_1.2.400.v20211117-0650/eclipse_11600.so
Event: 16.177 Loaded shared library /nix/store/gpxl5qgg8kicmcvivwmybwjlpf7wh20l-graalvm17-ce-22.3.0/lib/libextnet.so

Deoptimization events (20 events):
Event: 51.489 Thread 0x00007fc134487870 DEOPT PACKING pc=0x00007fc184233e5d sp=0x00007fc1484fe530
Event: 51.489 Thread 0x00007fc134487870 DEOPT UNPACKING pc=0x00007fc183505325 sp=0x00007fc1484fda20 mode 0
Event: 392.207 Thread 0x00007fc19c393130 Uncommon trap: trap_request=0xffffffed fr.pc=0x00007fc18b08eb47 relative=0x0000000000000ee7
Event: 392.207 Thread 0x00007fc19c393130 Uncommon trap: reason=null_assert_or_unreached0 action=reinterpret pc=0x00007fc18b08eb47 method=com.google.gson.stream.JsonReader.doPeek()I @ 0 jvmci
Event: 392.207 Thread 0x00007fc19c393130 DEOPT PACKING pc=0x00007fc18b08eb47 sp=0x00007fc1801fe3b0
Event: 392.207 Thread 0x00007fc19c393130 DEOPT UNPACKING pc=0x00007fc183505325 sp=0x00007fc1801fd878 mode 3
Event: 443.111 Thread 0x00007fc19c393130 DEOPT PACKING pc=0x00007fc18423ef73 sp=0x00007fc1801fdc70
Event: 443.111 Thread 0x00007fc19c393130 DEOPT UNPACKING pc=0x00007fc183505325 sp=0x00007fc1801fd140 mode 0
Event: 632.893 Thread 0x00007fc19c393130 Uncommon trap: trap_request=0xffffffed fr.pc=0x00007fc18b12015a relative=0x000000000000013a
Event: 632.893 Thread 0x00007fc19c393130 Uncommon trap: reason=null_assert_or_unreached0 action=reinterpret pc=0x00007fc18b12015a method=org.eclipse.core.runtime.Path.computeLength()I @ 0 jvmci
Event: 632.893 Thread 0x00007fc19c393130 DEOPT PACKING pc=0x00007fc18b12015a sp=0x00007fc1801fd5c0
Event: 632.893 Thread 0x00007fc19c393130 DEOPT UNPACKING pc=0x00007fc183505325 sp=0x00007fc1801fca48 mode 3
Event: 916.996 Thread 0x00007fc19c393130 DEOPT PACKING pc=0x00007fc18b0a8f74 sp=0x00007fc1801fb050
Event: 916.996 Thread 0x00007fc19c393130 DEOPT UNPACKING pc=0x00007fc183505325 sp=0x00007fc1801fa538 mode 1
Event: 916.996 Thread 0x00007fc19c393130 DEOPT PACKING pc=0x00007fc18b0a8f74 sp=0x00007fc1801fcb30
Event: 916.996 Thread 0x00007fc19c393130 DEOPT UNPACKING pc=0x00007fc183505325 sp=0x00007fc1801fc018 mode 1
Event: 972.527 Thread 0x00007fc19c393130 Uncommon trap: trap_request=0xffffff8f fr.pc=0x00007fc18aff2b10 relative=0x00000000000005f0
Event: 972.527 Thread 0x00007fc19c393130 Uncommon trap: reason=constraint action=none pc=0x00007fc18aff2b10 method=jdk.internal.org.objectweb.asm.ByteVector.putUTF8(Ljava/lang/String;)Ljdk/internal/org/objectweb/asm/ByteVector; @ 0 jvmci
Event: 972.527 Thread 0x00007fc19c393130 DEOPT PACKING pc=0x00007fc18aff2b10 sp=0x00007fc1801fd230
Event: 972.527 Thread 0x00007fc19c393130 DEOPT UNPACKING pc=0x00007fc183505325 sp=0x00007fc1801fc6d0 mode 3

Classes unloaded (20 events):
Event: 157.875 Thread 0x00007fc19c0a1c10 Unloading class 0x0000000800d05800 'java/lang/invoke/LambdaForm$MH+0x0000000800d05800'
Event: 157.875 Thread 0x00007fc19c0a1c10 Unloading class 0x0000000800d05000 'java/lang/invoke/LambdaForm$MH+0x0000000800d05000'
Event: 157.875 Thread 0x00007fc19c0a1c10 Unloading class 0x0000000800d04c00 'java/lang/invoke/LambdaForm$MH+0x0000000800d04c00'
Event: 157.875 Thread 0x00007fc19c0a1c10 Unloading class 0x0000000800d04800 'java/lang/invoke/LambdaForm$MH+0x0000000800d04800'
Event: 164.383 Thread 0x00007fc19c0a1c10 Unloading class 0x0000000800ef5000 'jdk/internal/reflect/GeneratedConstructorAccessor12'
Event: 164.383 Thread 0x00007fc19c0a1c10 Unloading class 0x0000000800ef4800 'jdk/internal/reflect/GeneratedConstructorAccessor10'
Event: 164.384 Thread 0x00007fc19c0a1c10 Unloading class 0x0000000800ef4400 'jdk/internal/reflect/GeneratedConstructorAccessor9'
Event: 164.384 Thread 0x00007fc19c0a1c10 Unloading class 0x0000000800ef4000 'jdk/internal/reflect/GeneratedConstructorAccessor8'
Event: 167.078 Thread 0x00007fc19c0a1c10 Unloading class 0x0000000801069400 'java/lang/invoke/LambdaForm$MH+0x0000000801069400'
Event: 167.078 Thread 0x00007fc19c0a1c10 Unloading class 0x0000000801069000 'java/lang/invoke/LambdaForm$MH+0x0000000801069000'
Event: 167.078 Thread 0x00007fc19c0a1c10 Unloading class 0x0000000801068c00 'java/lang/invoke/LambdaForm$MH+0x0000000801068c00'
Event: 167.078 Thread 0x00007fc19c0a1c10 Unloading class 0x0000000801068800 'java/lang/invoke/LambdaForm$MH+0x0000000801068800'
Event: 167.078 Thread 0x00007fc19c0a1c10 Unloading class 0x0000000801068400 'java/lang/invoke/LambdaForm$MH+0x0000000801068400'
Event: 167.078 Thread 0x00007fc19c0a1c10 Unloading class 0x0000000801068000 'java/lang/invoke/LambdaForm$MH+0x0000000801068000'
Event: 167.078 Thread 0x00007fc19c0a1c10 Unloading class 0x0000000800d98400 'java/lang/invoke/LambdaForm$MH+0x0000000800d98400'
Event: 167.078 Thread 0x00007fc19c0a1c10 Unloading class 0x0000000800d04000 'java/lang/invoke/LambdaForm$MH+0x0000000800d04000'
Event: 173.113 Thread 0x00007fc19c0a1c10 Unloading class 0x0000000801089000 'jdk/internal/reflect/GeneratedSerializationConstructorAccessor4'
Event: 173.113 Thread 0x00007fc19c0a1c10 Unloading class 0x0000000801088c00 'jdk/internal/reflect/GeneratedSerializationConstructorAccessor3'
Event: 173.113 Thread 0x00007fc19c0a1c10 Unloading class 0x0000000801088800 'jdk/internal/reflect/GeneratedSerializationConstructorAccessor2'
Event: 173.113 Thread 0x00007fc19c0a1c10 Unloading class 0x0000000801088400 'jdk/internal/reflect/GeneratedSerializationConstructorAccessor1'

Classes redefined (0 events):
No events

Internal exceptions (20 events):
Event: 24.187 Thread 0x00007fc134487870 Implicit null exception at 0x00007fc18b0c2cb0 to 0x00007fc18b0c2d57
Event: 25.278 Thread 0x00007fc100000ff0 Implicit null exception at 0x00007fc18b038fb1 to 0x00007fc18b038fd2
Event: 25.684 Thread 0x00007fc100000ff0 Exception <a 'sun/nio/fs/UnixException'{0x00000000f604faf8}> (0x00000000f604faf8) 
thrown [src/hotspot/share/prims/jni.cpp, line 516]
Event: 25.687 Thread 0x00007fc100000ff0 Exception <a 'sun/nio/fs/UnixException'{0x00000000f61eaf40}> (0x00000000f61eaf40) 
thrown [src/hotspot/share/prims/jni.cpp, line 516]
Event: 25.688 Thread 0x00007fc100000ff0 Exception <a 'sun/nio/fs/UnixException'{0x00000000f6204b68}> (0x00000000f6204b68) 
thrown [src/hotspot/share/prims/jni.cpp, line 516]
Event: 25.983 Thread 0x00007fc11c000ff0 Exception <a 'java/lang/NoSuchMethodError'{0x00000000f5c97c48}: 'java.lang.Object java.lang.invoke.DirectMethodHandle$Holder.newInvokeSpecial(java.lang.Object, java.lang.Object, java.lang.Object, java.lang.Object, java.lang.Object, java.lang.Object, java.lang.Object, java.lang.Object)'> (0x00000000f5c97c48) 
thrown [src/hotspot/share/interpreter/linkResolver.cpp, line 758]
Event: 25.983 Thread 0x00007fc11c000ff0 Exception <a 'java/lang/NoSuchMethodError'{0x00000000f5cc8698}: 'java.lang.Object java.lang.invoke.DirectMethodHandle$Holder.invokeSpecial(java.lang.Object, java.lang.Object, java.lang.Object, java.lang.Object, java.lang.Object, java.lang.Object, java.lang.Object, java.lang.Object, java.lang.Object)'> (0x00000000f5cc8698) 
thrown [src/hotspot/share/interpreter/linkResolver.cpp, line 758]
Event: 25.983 Thread 0x00007fc11c000ff0 Exception <a 'java/lang/NoSuchMethodError'{0x00000000f5ccd2c0}: 'java.lang.Object java.lang.invoke.Invokers$Holder.linkToTargetMethod(java.lang.Object, java.lang.Object, java.lang.Object, java.lang.Object, java.lang.Object, java.lang.Object, java.lang.Object, java.lang.Object)'> (0x00000000f5ccd2c0) 
thrown [src/hotspot/share/interpreter/linkResolver.cpp, line 758]
Event: 26.088 Thread 0x00007fc100002420 Exception <a 'java/io/FileNotFoundException'{0x00000000f603e2b8}> (0x00000000f603e2b8) 
thrown [src/hotspot/share/prims/jni.cpp, line 516]
Event: 26.088 Thread 0x00007fc100002420 Exception <a 'java/io/FileNotFoundException'{0x00000000f6040090}> (0x00000000f6040090) 
thrown [src/hotspot/share/prims/jni.cpp, line 516]
Event: 26.088 Thread 0x00007fc100002420 Exception <a 'java/io/FileNotFoundException'{0x00000000f60412d8}> (0x00000000f60412d8) 
thrown [src/hotspot/share/prims/jni.cpp, line 516]
Event: 35.177 Thread 0x00007fc134487870 Implicit null exception at 0x00007fc18b0f1046 to 0x00007fc18b0f4cd2
Event: 558.004 Thread 0x00007fc19c393130 Exception <a 'java/lang/NoSuchMethodError'{0x00000000f555b4b8}: 'java.lang.Object java.lang.invoke.DirectMethodHandle$Holder.invokeInterface(java.lang.Object, java.lang.Object, java.lang.Object)'> (0x00000000f555b4b8) 
thrown [src/hotspot/share/interpreter/linkResolver.cpp, line 758]
Event: 916.996 Thread 0x00007fc19c393130 Exception <a 'java/lang/OutOfMemoryError'{0x00000000e000fa50}> (0x00000000e000fa50) 
thrown [src/hotspot/share/gc/shared/memAllocator.cpp, line 136]
Event: 951.982 Thread 0x00007fc19c393130 Exception <a 'java/lang/reflect/InvocationTargetException'{0x00000000f557e688}> (0x00000000f557e688) 
thrown [src/hotspot/share/runtime/reflection.cpp, line 1119]
Event: 970.179 Thread 0x00007fc1180010d0 Exception <a 'java/lang/OutOfMemoryError'{0x00000000e000fd20}> (0x00000000e000fd20) 
thrown [src/hotspot/share/gc/shared/memAllocator.cpp, line 136]
Event: 972.527 Thread 0x00007fc19c393130 Exception <a 'java/lang/OutOfMemoryError'{0x00000000e000fff0}> (0x00000000e000fff0) 
thrown [src/hotspot/share/gc/shared/memAllocator.cpp, line 138]
Event: 972.527 Thread 0x00007fc19c393130 Implicit null exception at 0x00007fc18aff28b1 to 0x00007fc18aff2af5
Event: 975.088 Thread 0x00007fc19c393130 Exception <a 'java/lang/OutOfMemoryError'{0x00000000e0010310}> (0x00000000e0010310) 
thrown [src/hotspot/share/gc/shared/memAllocator.cpp, line 136]
Event: 984.987 Thread 0x00007fc19c0b2210 Exception <a 'java/lang/OutOfMemoryError'{0x00000000e0010040}> (0x00000000e0010040) 
thrown [src/hotspot/share/gc/shared/memAllocator.cpp, line 136]

VM Operations (20 events):
Event: 967.717 Executing VM operation: ParallelGCFailedAllocation
Event: 970.179 Executing VM operation: ParallelGCFailedAllocation done
Event: 970.179 Executing VM operation: ParallelGCFailedAllocation
Event: 972.527 Executing VM operation: ParallelGCFailedAllocation done
Event: 972.527 Executing VM operation: ParallelGCFailedAllocation
Event: 975.088 Executing VM operation: ParallelGCFailedAllocation done
Event: 975.090 Executing VM operation: ParallelGCFailedAllocation
Event: 976.405 Executing VM operation: ParallelGCFailedAllocation done
Event: 976.405 Executing VM operation: ParallelGCFailedAllocation
Event: 977.611 Executing VM operation: ParallelGCFailedAllocation done
Event: 977.612 Executing VM operation: ParallelGCFailedAllocation
Event: 978.909 Executing VM operation: ParallelGCFailedAllocation done
Event: 978.910 Executing VM operation: ParallelGCFailedAllocation
Event: 980.221 Executing VM operation: ParallelGCFailedAllocation done
Event: 980.221 Executing VM operation: ParallelGCFailedAllocation
Event: 981.407 Executing VM operation: ParallelGCFailedAllocation done
Event: 981.408 Executing VM operation: ParallelGCFailedAllocation
Event: 982.597 Executing VM operation: ParallelGCFailedAllocation done
Event: 982.597 Executing VM operation: ParallelGCFailedAllocation
Event: 984.987 Executing VM operation: ParallelGCFailedAllocation done

Events (20 events):
Event: 43.880 Thread 0x00007fc19c0b4b70 flushing nmethod 0x00007fc18b0ce510
Event: 43.885 Thread 0x00007fc19c0b4b70 flushing nmethod 0x00007fc18410cb90
Event: 43.887 Thread 0x00007fc19c0b4b70 flushing nmethod 0x00007fc184355f10
Event: 43.887 Thread 0x00007fc19c0b4b70 flushing nmethod 0x00007fc184435390
Event: 43.887 Thread 0x00007fc19c0b4b70 flushing nmethod 0x00007fc184436390
Event: 43.887 Thread 0x00007fc19c0b4b70 flushing nmethod 0x00007fc184436d10
Event: 43.887 Thread 0x00007fc19c0b4b70 flushing nmethod 0x00007fc18444ac10
Event: 43.887 Thread 0x00007fc19c0b4b70 flushing nmethod 0x00007fc184450d10
Event: 43.887 Thread 0x00007fc19c0b4b70 flushing nmethod 0x00007fc1844e3090
Event: 43.887 Thread 0x00007fc19c0b4b70 flushing nmethod 0x00007fc18452a090
Event: 43.887 Thread 0x00007fc19c0b4b70 flushing nmethod 0x00007fc184531890
Event: 43.887 Thread 0x00007fc19c0b4b70 flushing nmethod 0x00007fc184532510
Event: 43.887 Thread 0x00007fc19c0b4b70 flushing nmethod 0x00007fc184539690
Event: 43.888 Thread 0x00007fc19c0b4b70 flushing nmethod 0x00007fc184577d10
Event: 62.383 Thread 0x00007fc19c227080 Thread exited: 0x00007fc19c227080
Event: 86.502 Thread 0x00007fc100000ff0 Thread exited: 0x00007fc100000ff0
Event: 86.502 Thread 0x00007fc11c000ff0 Thread exited: 0x00007fc11c000ff0
Event: 87.796 Thread 0x00007fc10c001130 Thread exited: 0x00007fc10c001130
Event: 443.111 loading class jdk/internal/reflect/UnsafeIntegerFieldAccessorImpl
Event: 449.380 loading class jdk/internal/reflect/UnsafeIntegerFieldAccessorImpl done


Dynamic libraries:
e0000000-f5580000 rw-p 00000000 00:00 0 
f5580000-fa680000 rw-p 00000000 00:00 0 
fa680000-100000000 ---p 00000000 00:00 0 
800000000-800449000 rw-p 00001000 00:f6e 4611686019135357769             /nix/store/gpxl5qgg8kicmcvivwmybwjlpf7wh20l-graalvm17-ce-22.3.0/lib/server/classes.jsa
800449000-800bc8000 r--p 0044a000 00:f6e 4611686019135357769             /nix/store/gpxl5qgg8kicmcvivwmybwjlpf7wh20l-graalvm17-ce-22.3.0/lib/server/classes.jsa
800bc8000-800c00000 ---p 00000000 00:00 0 
800c00000-800c20000 rw-p 00000000 00:00 0 
800c20000-800c40000 rw-p 00000000 00:00 0 
800c40000-800cc0000 rw-p 00000000 00:00 0 
800cc0000-800d00000 rw-p 00000000 00:00 0 
800d00000-800dc0000 rw-p 00000000 00:00 0 
800dc0000-800e00000 rw-p 00000000 00:00 0 
800e00000-800f40000 rw-p 00000000 00:00 0 
800f40000-800fc0000 rw-p 00000000 00:00 0 
800fc0000-800ff0000 rw-p 00000000 00:00 0 
800ff0000-801000000 ---p 00000000 00:00 0 
801000000-8010b0000 rw-p 00000000 00:00 0 
8010b0000-840c00000 ---p 00000000 00:00 0 
55929fdf0000-55929fdf1000 r-xp 00000000 00:f6e 4611686019099417844       /nix/store/gpxl5qgg8kicmcvivwmybwjlpf7wh20l-graalvm17-ce-22.3.0/bin/.java-wrapped
55929fdf2000-55929fdf3000 r--p 00001000 00:f6e 4611686019099417844       /nix/store/gpxl5qgg8kicmcvivwmybwjlpf7wh20l-graalvm17-ce-22.3.0/bin/.java-wrapped
55929fdf3000-55929fdf4000 rw-p 00002000 00:f6e 4611686019099417844       /nix/store/gpxl5qgg8kicmcvivwmybwjlpf7wh20l-graalvm17-ce-22.3.0/bin/.java-wrapped
55929fdf4000-55929fdf5000 rw-p 00004000 00:f6e 4611686019099417844       /nix/store/gpxl5qgg8kicmcvivwmybwjlpf7wh20l-graalvm17-ce-22.3.0/bin/.java-wrapped
55929fdf5000-55929fdf6000 rw-p 00005000 00:f6e 4611686019099417844       /nix/store/gpxl5qgg8kicmcvivwmybwjlpf7wh20l-graalvm17-ce-22.3.0/bin/.java-wrapped
5592a1bc8000-5592a1c10000 rw-p 00000000 00:00 0                          [heap]
7fc0e8000000-7fc0e8021000 rw-p 00000000 00:00 0 
7fc0e8021000-7fc0ec000000 ---p 00000000 00:00 0 
7fc0ee4b3000-7fc0f8000000 r--s 00000000 00:f6e 4611686019135192581       /nix/store/gpxl5qgg8kicmcvivwmybwjlpf7wh20l-graalvm17-ce-22.3.0/lib/modules
7fc0f8000000-7fc0f8021000 rw-p 00000000 00:00 0 
7fc0f8021000-7fc0fc000000 ---p 00000000 00:00 0 
7fc0fc000000-7fc0fc0c6000 rw-p 00000000 00:00 0 
7fc0fc0c6000-7fc100000000 ---p 00000000 00:00 0 
7fc100000000-7fc100021000 rw-p 00000000 00:00 0 
7fc100021000-7fc104000000 ---p 00000000 00:00 0 
7fc104000000-7fc1040e3000 rw-p 00000000 00:00 0 
7fc1040e3000-7fc108000000 ---p 00000000 00:00 0 
7fc108000000-7fc108021000 rw-p 00000000 00:00 0 
7fc108021000-7fc10c000000 ---p 00000000 00:00 0 
7fc10c000000-7fc10c11e000 rw-p 00000000 00:00 0 
7fc10c11e000-7fc110000000 ---p 00000000 00:00 0 
7fc110000000-7fc110061000 rw-p 00000000 00:00 0 
7fc110061000-7fc114000000 ---p 00000000 00:00 0 
7fc114000000-7fc114021000 rw-p 00000000 00:00 0 
7fc114021000-7fc118000000 ---p 00000000 00:00 0 
7fc118000000-7fc11833f000 rw-p 00000000 00:00 0 
7fc11833f000-7fc11c000000 ---p 00000000 00:00 0 
7fc11c000000-7fc11c045000 rw-p 00000000 00:00 0 
7fc11c045000-7fc120000000 ---p 00000000 00:00 0 
7fc120000000-7fc12007c000 rw-p 00000000 00:00 0 
7fc12007c000-7fc124000000 ---p 00000000 00:00 0 
7fc124000000-7fc124021000 rw-p 00000000 00:00 0 
7fc124021000-7fc128000000 ---p 00000000 00:00 0 
7fc128000000-7fc12802d000 rw-p 00000000 00:00 0 
7fc12802d000-7fc12c000000 ---p 00000000 00:00 0 
7fc12c000000-7fc12c021000 rw-p 00000000 00:00 0 
7fc12c021000-7fc130000000 ---p 00000000 00:00 0 
7fc130000000-7fc130021000 rw-p 00000000 00:00 0 
7fc130021000-7fc134000000 ---p 00000000 00:00 0 
7fc134000000-7fc1348ca000 rw-p 00000000 00:00 0 
7fc1348ca000-7fc138000000 ---p 00000000 00:00 0 
7fc138000000-7fc138021000 rw-p 00000000 00:00 0 
7fc138021000-7fc13c000000 ---p 00000000 00:00 0 
7fc140000000-7fc140021000 rw-p 00000000 00:00 0 
7fc140021000-7fc144000000 ---p 00000000 00:00 0 
7fc144900000-7fc144a00000 ---p 00000000 00:00 0 
7fc144a00000-7fc144faf000 r--p 01122000 00:f6e 4611686019135190040       /nix/store/gpxl5qgg8kicmcvivwmybwjlpf7wh20l-graalvm17-ce-22.3.0/lib/libjvmcicompiler.so
7fc144faf000-7fc145100000 r--p 00000000 00:00 0 
7fc145100000-7fc14513d000 rw-p 00000000 00:00 0 
7fc14513d000-7fc14565d000 rw-p 0185f000 00:f6e 4611686019135190040       /nix/store/gpxl5qgg8kicmcvivwmybwjlpf7wh20l-graalvm17-ce-22.3.0/lib/libjvmcicompiler.so
7fc14565d000-7fc145a44000 r--p 01d7f000 00:f6e 4611686019135190040       /nix/store/gpxl5qgg8kicmcvivwmybwjlpf7wh20l-graalvm17-ce-22.3.0/lib/libjvmcicompiler.so
7fc145b00000-7fc145b04000 ---p 00000000 00:00 0 
7fc145b04000-7fc146240000 rw-p 00000000 00:00 0 
7fc146240000-7fc146400000 ---p 00000000 00:00 0 
7fc146400000-7fc1464c0000 rw-p 00000000 00:00 0 
7fc1464c0000-7fc146500000 rw-p 00000000 00:00 0 
7fc146500000-7fc146700000 rw-p 00000000 00:00 0 
7fc146700000-7fc146900000 rw-p 00000000 00:00 0 
7fc146900000-7fc146a00000 rw-p 00000000 00:00 0 
7fc146a00000-7fc146b00000 rw-p 00000000 00:00 0 
7fc146b00000-7fc146bf0000 rw-p 00000000 00:00 0 
7fc146bf0000-7fc146c00000 ---p 00000000 00:00 0 
7fc146c00000-7fc146d00000 rw-p 00000000 00:00 0 
7fc146d00000-7fc146e00000 rw-p 00000000 00:00 0 
7fc146e00000-7fc147380000 rw-p 00000000 00:00 0 
7fc147380000-7fc147400000 rw-p 00000000 00:00 0 
7fc147400000-7fc147500000 rw-p 00000000 00:00 0 
7fc147500000-7fc147600000 rw-p 00000000 00:00 0 
7fc147600000-7fc147900000 rw-p 00000000 00:00 0 
7fc147900000-7fc147a00000 rw-p 00000000 00:00 0 
7fc147a00000-7fc147c00000 rw-p 00000000 00:00 0 
7fc147c00000-7fc147c04000 ---p 00000000 00:00 0 
7fc147c04000-7fc147d00000 rw-p 00000000 00:00 0 
7fc147d00000-7fc147d04000 ---p 00000000 00:00 0 
7fc147d04000-7fc147e00000 rw-p 00000000 00:00 0 
7fc148000000-7fc148004000 ---p 00000000 00:00 0 
7fc148004000-7fc148100000 rw-p 00000000 00:00 0 
7fc148100000-7fc148104000 ---p 00000000 00:00 0 
7fc148104000-7fc148200000 rw-p 00000000 00:00 0 
7fc148200000-7fc148204000 ---p 00000000 00:00 0 
7fc148204000-7fc148300000 rw-p 00000000 00:00 0 
7fc148300000-7fc148304000 ---p 00000000 00:00 0 
7fc148304000-7fc148400000 rw-p 00000000 00:00 0 
7fc148400000-7fc148404000 ---p 00000000 00:00 0 
7fc148404000-7fc148500000 rw-p 00000000 00:00 0 
7fc148500000-7fc148504000 ---p 00000000 00:00 0 
7fc148504000-7fc148600000 rw-p 00000000 00:00 0 
7fc148600000-7fc148610000 r-xp 00000000 00:f63 355                       /home/runner/.cache/jdt-language-server/config/org.eclipse.equinox.launcher/org.eclipse.equinox.launcher.gtk.linux.x86_64_1.2.400.v20211117-0650/eclipse_11600.so
7fc148610000-7fc14880f000 ---p 00010000 00:f63 355                       /home/runner/.cache/jdt-language-server/config/org.eclipse.equinox.launcher/org.eclipse.equinox.launcher.gtk.linux.x86_64_1.2.400.v20211117-0650/eclipse_11600.so
7fc14880f000-7fc148810000 r--p 0000f000 00:f63 355                       /home/runner/.cache/jdt-language-server/config/org.eclipse.equinox.launcher/org.eclipse.equinox.launcher.gtk.linux.x86_64_1.2.400.v20211117-0650/eclipse_11600.so
7fc148810000-7fc148811000 rw-p 00010000 00:f63 355                       /home/runner/.cache/jdt-language-server/config/org.eclipse.equinox.launcher/org.eclipse.equinox.launcher.gtk.linux.x86_64_1.2.400.v20211117-0650/eclipse_11600.so
7fc148900000-7fc148904000 ---p 00000000 00:00 0 
7fc148904000-7fc148a00000 rw-p 00000000 00:00 0 
7fc149668000-7fc149b00000 rw-p 00000000 00:00 0 
7fc149c00000-7fc14bd6a000 r-xp 00000000 00:f6e 4611686019135190040       /nix/store/gpxl5qgg8kicmcvivwmybwjlpf7wh20l-graalvm17-ce-22.3.0/lib/libjvmcicompiler.so
7fc14bd6a000-7fc14bf69000 ---p 0216a000 00:f6e 4611686019135190040       /nix/store/gpxl5qgg8kicmcvivwmybwjlpf7wh20l-graalvm17-ce-22.3.0/lib/libjvmcicompiler.so
7fc14bf69000-7fc14bf6a000 r--p 02169000 00:f6e 4611686019135190040       /nix/store/gpxl5qgg8kicmcvivwmybwjlpf7wh20l-graalvm17-ce-22.3.0/lib/libjvmcicompiler.so
7fc14bf6a000-7fc14bf6c000 rw-p 0216a000 00:f6e 4611686019135190040       /nix/store/gpxl5qgg8kicmcvivwmybwjlpf7wh20l-graalvm17-ce-22.3.0/lib/libjvmcicompiler.so
7fc14bf6c000-7fc14bf6d000 rw-p 00000000 00:00 0 
7fc14bf6d000-7fc14bf72000 rw-p 023c3000 00:f6e 4611686019135190040       /nix/store/gpxl5qgg8kicmcvivwmybwjlpf7wh20l-graalvm17-ce-22.3.0/lib/libjvmcicompiler.so
7fc14c000000-7fc14c021000 rw-p 00000000 00:00 0 
7fc14c021000-7fc150000000 ---p 00000000 00:00 0 
7fc150000000-7fc150021000 rw-p 00000000 00:00 0 
7fc150021000-7fc154000000 ---p 00000000 00:00 0 
7fc154000000-7fc154021000 rw-p 00000000 00:00 0 
7fc154021000-7fc158000000 ---p 00000000 00:00 0 
7fc158000000-7fc158021000 rw-p 00000000 00:00 0 
7fc158021000-7fc15c000000 ---p 00000000 00:00 0 
7fc15c000000-7fc15c0d3000 rw-p 00000000 00:00 0 
7fc15c0d3000-7fc160000000 ---p 00000000 00:00 0 
7fc160000000-7fc1607c1000 rw-p 00000000 00:00 0 
7fc1607c1000-7fc164000000 ---p 00000000 00:00 0 
7fc164000000-7fc164021000 rw-p 00000000 00:00 0 
7fc164021000-7fc168000000 ---p 00000000 00:00 0 
7fc168000000-7fc168021000 rw-p 00000000 00:00 0 
7fc168021000-7fc16c000000 ---p 00000000 00:00 0 
7fc16c000000-7fc16c021000 rw-p 00000000 00:00 0 
7fc16c021000-7fc170000000 ---p 00000000 00:00 0 
7fc170000000-7fc170021000 rw-p 00000000 00:00 0 
7fc170021000-7fc174000000 ---p 00000000 00:00 0 
7fc174000000-7fc174021000 rw-p 00000000 00:00 0 
7fc174021000-7fc178000000 ---p 00000000 00:00 0 
7fc178000000-7fc178021000 rw-p 00000000 00:00 0 
7fc178021000-7fc17c000000 ---p 00000000 00:00 0 
7fc17c000000-7fc17c055000 rw-p 00000000 00:00 0 
7fc17c055000-7fc180000000 ---p 00000000 00:00 0 
7fc180000000-7fc180004000 ---p 00000000 00:00 0 
7fc180004000-7fc180100000 rw-p 00000000 00:00 0 
7fc180100000-7fc180104000 ---p 00000000 00:00 0 
7fc180104000-7fc180200000 rw-p 00000000 00:00 0 
7fc180200000-7fc180204000 ---p 00000000 00:00 0 
7fc180204000-7fc180300000 rw-p 00000000 00:00 0 
7fc180300000-7fc180304000 ---p 00000000 00:00 0 
7fc180304000-7fc180400000 rw-p 00000000 00:00 0 
7fc180400000-7fc180404000 ---p 00000000 00:00 0 
7fc180404000-7fc180500000 rw-p 00000000 00:00 0 
7fc180500000-7fc180504000 ---p 00000000 00:00 0 
7fc180504000-7fc180600000 rw-p 00000000 00:00 0 
7fc180600000-7fc180604000 ---p 00000000 00:00 0 
7fc180604000-7fc180700000 rw-p 00000000 00:00 0 
7fc180718000-7fc18071c000 ---p 00000000 00:00 0 
7fc18071c000-7fc180818000 rw-p 00000000 00:00 0 
7fc180818000-7fc180819000 ---p 00000000 00:00 0 
7fc180819000-7fc18091a000 rw-p 00000000 00:00 0 
7fc18091a000-7fc18091e000 ---p 00000000 00:00 0 
7fc18091e000-7fc180a1a000 rw-p 00000000 00:00 0 
7fc180a1a000-7fc180a1e000 ---p 00000000 00:00 0 
7fc180a1e000-7fc180b1a000 rw-p 00000000 00:00 0 
7fc180b1a000-7fc180b1e000 ---p 00000000 00:00 0 
7fc180b1e000-7fc180c1a000 rw-p 00000000 00:00 0 
7fc180c1a000-7fc180c1e000 ---p 00000000 00:00 0 
7fc180c1e000-7fc180e1a000 rw-p 00000000 00:00 0 
7fc180e1a000-7fc180e1e000 ---p 00000000 00:00 0 
7fc180e1e000-7fc18101a000 rw-p 00000000 00:00 0 
7fc18101a000-7fc18101e000 ---p 00000000 00:00 0 
7fc18101e000-7fc18111a000 rw-p 00000000 00:00 0 
7fc18111a000-7fc18111e000 ---p 00000000 00:00 0 
7fc18111e000-7fc18121a000 rw-p 00000000 00:00 0 
7fc18121a000-7fc18121e000 ---p 00000000 00:00 0 
7fc18121e000-7fc18131a000 rw-p 00000000 00:00 0 
7fc18131a000-7fc181600000 r--p 00000000 00:d38 28444448                  /usr/lib/locale/locale-archive
7fc181600000-7fc181604000 ---p 00000000 00:00 0 
7fc181604000-7fc181700000 rw-p 00000000 00:00 0 
7fc181700000-7fc181704000 ---p 00000000 00:00 0 
7fc181704000-7fc181c00000 rw-p 00000000 00:00 0 
7fc181c00000-7fc181f00000 rw-p 00000000 00:00 0 
7fc181f00000-7fc182000000 rw-p 00000000 00:00 0 
7fc1820df000-7fc1820e0000 ---p 00000000 00:00 0 
7fc1820e0000-7fc1821e1000 rw-p 00000000 00:00 0 
7fc1821e1000-7fc1822af000 r-xp 00000000 00:f6e 4611686019135190036       /nix/store/gpxl5qgg8kicmcvivwmybwjlpf7wh20l-graalvm17-ce-22.3.0/lib/libjsvml.so
7fc1822af000-7fc1822b0000 r--p 000cd000 00:f6e 4611686019135190036       /nix/store/gpxl5qgg8kicmcvivwmybwjlpf7wh20l-graalvm17-ce-22.3.0/lib/libjsvml.so
7fc1822b0000-7fc1822b1000 rw-p 000ce000 00:f6e 4611686019135190036       /nix/store/gpxl5qgg8kicmcvivwmybwjlpf7wh20l-graalvm17-ce-22.3.0/lib/libjsvml.so
7fc1822b1000-7fc1834b3000 rw-p 00000000 00:00 0 
7fc1834b3000-7fc183723000 rwxp 00000000 00:00 0 
7fc183723000-7fc183a42000 ---p 00000000 00:00 0 
7fc183a42000-7fc1845e2000 rwxp 00000000 00:00 0 
7fc1845e2000-7fc18af7a000 ---p 00000000 00:00 0 
7fc18af7a000-7fc18b1ea000 rwxp 00000000 00:00 0 
7fc18b1ea000-7fc1924b3000 ---p 00000000 00:00 0 
7fc1924b3000-7fc19c000000 r--s 00000000 00:f6e 4611686019135192581       /nix/store/gpxl5qgg8kicmcvivwmybwjlpf7wh20l-graalvm17-ce-22.3.0/lib/modules
7fc19c000000-7fc19c633000 rw-p 00000000 00:00 0 
7fc19c633000-7fc1a0000000 ---p 00000000 00:00 0 
7fc1a0025000-7fc1a0027000 r-xp 00000000 00:f6e 4611686019135190017       /nix/store/gpxl5qgg8kicmcvivwmybwjlpf7wh20l-graalvm17-ce-22.3.0/lib/libextnet.so
7fc1a0027000-7fc1a0028000 r--p 00001000 00:f6e 4611686019135190017       /nix/store/gpxl5qgg8kicmcvivwmybwjlpf7wh20l-graalvm17-ce-22.3.0/lib/libextnet.so
7fc1a0028000-7fc1a0029000 rw-p 00002000 00:f6e 4611686019135190017       /nix/store/gpxl5qgg8kicmcvivwmybwjlpf7wh20l-graalvm17-ce-22.3.0/lib/libextnet.so
7fc1a0029000-7fc1a002a000 rw-p 00004000 00:f6e 4611686019135190017       /nix/store/gpxl5qgg8kicmcvivwmybwjlpf7wh20l-graalvm17-ce-22.3.0/lib/libextnet.so
7fc1a002a000-7fc1a002e000 ---p 00000000 00:00 0 
7fc1a002e000-7fc1a004c000 rw-p 00000000 00:00 0 
7fc1a004c000-7fc1a0053000 r-xp 00000000 00:f6e 4611686019135192580       /nix/store/gpxl5qgg8kicmcvivwmybwjlpf7wh20l-graalvm17-ce-22.3.0/lib/libzip.so
7fc1a0053000-7fc1a0054000 ---p 00007000 00:f6e 4611686019135192580       /nix/store/gpxl5qgg8kicmcvivwmybwjlpf7wh20l-graalvm17-ce-22.3.0/lib/libzip.so
7fc1a0054000-7fc1a0055000 r--p 00007000 00:f6e 4611686019135192580       /nix/store/gpxl5qgg8kicmcvivwmybwjlpf7wh20l-graalvm17-ce-22.3.0/lib/libzip.so
7fc1a0055000-7fc1a0056000 rw-p 00008000 00:f6e 4611686019135192580       /nix/store/gpxl5qgg8kicmcvivwmybwjlpf7wh20l-graalvm17-ce-22.3.0/lib/libzip.so
7fc1a0056000-7fc1a0058000 rw-p 0000b000 00:f6e 4611686019135192580       /nix/store/gpxl5qgg8kicmcvivwmybwjlpf7wh20l-graalvm17-ce-22.3.0/lib/libzip.so
7fc1a0058000-7fc1a006d000 r-xp 00000000 00:f6e 4611686019135192570       /nix/store/gpxl5qgg8kicmcvivwmybwjlpf7wh20l-graalvm17-ce-22.3.0/lib/libnet.so
7fc1a006d000-7fc1a006e000 ---p 00015000 00:f6e 4611686019135192570       /nix/store/gpxl5qgg8kicmcvivwmybwjlpf7wh20l-graalvm17-ce-22.3.0/lib/libnet.so
7fc1a006e000-7fc1a006f000 r--p 00015000 00:f6e 4611686019135192570       /nix/store/gpxl5qgg8kicmcvivwmybwjlpf7wh20l-graalvm17-ce-22.3.0/lib/libnet.so
7fc1a006f000-7fc1a0070000 rw-p 00016000 00:f6e 4611686019135192570       /nix/store/gpxl5qgg8kicmcvivwmybwjlpf7wh20l-graalvm17-ce-22.3.0/lib/libnet.so
7fc1a0070000-7fc1a0073000 rw-p 0001b000 00:f6e 4611686019135192570       /nix/store/gpxl5qgg8kicmcvivwmybwjlpf7wh20l-graalvm17-ce-22.3.0/lib/libnet.so
7fc1a0073000-7fc1a0086000 r-xp 00000000 00:f6e 4611686019135192571       /nix/store/gpxl5qgg8kicmcvivwmybwjlpf7wh20l-graalvm17-ce-22.3.0/lib/libnio.so
7fc1a0086000-7fc1a0087000 r--p 00012000 00:f6e 4611686019135192571       /nix/store/gpxl5qgg8kicmcvivwmybwjlpf7wh20l-graalvm17-ce-22.3.0/lib/libnio.so
7fc1a0087000-7fc1a0088000 rw-p 00013000 00:f6e 4611686019135192571       /nix/store/gpxl5qgg8kicmcvivwmybwjlpf7wh20l-graalvm17-ce-22.3.0/lib/libnio.so
7fc1a0088000-7fc1a008d000 rw-p 00019000 00:f6e 4611686019135192571       /nix/store/gpxl5qgg8kicmcvivwmybwjlpf7wh20l-graalvm17-ce-22.3.0/lib/libnio.so
7fc1a008d000-7fc1a0763000 rw-p 00000000 00:00 0 
7fc1a0763000-7fc1a0764000 ---p 00000000 00:00 0 
7fc1a0764000-7fc1a090f000 rw-p 00000000 00:00 0 
7fc1a090f000-7fc1a0939000 rw-p 00000000 00:00 0 
7fc1a0939000-7fc1a0965000 ---p 00000000 00:00 0 
7fc1a0965000-7fc1a096b000 rw-p 00000000 00:00 0 
7fc1a096b000-7fc1a0a51000 ---p 00000000 00:00 0 
7fc1a0a51000-7fc1a0a69000 rw-p 00000000 00:00 0 
7fc1a0a69000-7fc1a0b3c000 ---p 00000000 00:00 0 
7fc1a0b3c000-7fc1a0b41000 rw-p 00000000 00:00 0 
7fc1a0b41000-7fc1a0b48000 ---p 00000000 00:00 0 
7fc1a0b48000-7fc1a0b6c000 r-xp 00000000 00:f6e 4611686019135190028       /nix/store/gpxl5qgg8kicmcvivwmybwjlpf7wh20l-graalvm17-ce-22.3.0/lib/libjava.so
7fc1a0b6c000-7fc1a0b6d000 ---p 00024000 00:f6e 4611686019135190028       /nix/store/gpxl5qgg8kicmcvivwmybwjlpf7wh20l-graalvm17-ce-22.3.0/lib/libjava.so
7fc1a0b6d000-7fc1a0b6e000 r--p 00024000 00:f6e 4611686019135190028       /nix/store/gpxl5qgg8kicmcvivwmybwjlpf7wh20l-graalvm17-ce-22.3.0/lib/libjava.so
7fc1a0b6e000-7fc1a0b6f000 rw-p 00025000 00:f6e 4611686019135190028       /nix/store/gpxl5qgg8kicmcvivwmybwjlpf7wh20l-graalvm17-ce-22.3.0/lib/libjava.so
7fc1a0b6f000-7fc1a0b70000 rw-p 00000000 00:00 0 
7fc1a0b70000-7fc1a0b77000 rw-p 0002f000 00:f6e 4611686019135190028       /nix/store/gpxl5qgg8kicmcvivwmybwjlpf7wh20l-graalvm17-ce-22.3.0/lib/libjava.so
7fc1a0b77000-7fc1a0b7f000 rw-s 00000000 00:b3 352                        /tmp/hsperfdata_runner/30
7fc1a0b7f000-7fc1a0b80000 ---p 00000000 00:00 0 
7fc1a0b80000-7fc1a0b81000 r--p 00000000 00:00 0 
7fc1a0b81000-7fc1a0b82000 rwxp 00000000 00:00 0 
7fc1a0b82000-7fc1a0b9d000 r-xp 00000000 00:f6e 4611686019135190032       /nix/store/gpxl5qgg8kicmcvivwmybwjlpf7wh20l-graalvm17-ce-22.3.0/lib/libjimage.so
7fc1a0b9d000-7fc1a0b9e000 ---p 0001b000 00:f6e 4611686019135190032       /nix/store/gpxl5qgg8kicmcvivwmybwjlpf7wh20l-graalvm17-ce-22.3.0/lib/libjimage.so
7fc1a0b9e000-7fc1a0ba0000 r--p 0001b000 00:f6e 4611686019135190032       /nix/store/gpxl5qgg8kicmcvivwmybwjlpf7wh20l-graalvm17-ce-22.3.0/lib/libjimage.so
7fc1a0ba0000-7fc1a0ba1000 rw-p 0001d000 00:f6e 4611686019135190032       /nix/store/gpxl5qgg8kicmcvivwmybwjlpf7wh20l-graalvm17-ce-22.3.0/lib/libjimage.so
7fc1a0ba1000-7fc1a0ba2000 rw-p 00024000 00:f6e 4611686019135190032       /nix/store/gpxl5qgg8kicmcvivwmybwjlpf7wh20l-graalvm17-ce-22.3.0/lib/libjimage.so
7fc1a0ba2000-7fc1a0ba6000 ---p 00000000 00:00 0 
7fc1a0ba6000-7fc1a0ca2000 rw-p 00000000 00:00 0 
7fc1a0ca2000-7fc1a0cb0000 r--p 00000000 00:f6e 4611686019027979927       /nix/store/4nlgxhb09sdr51nc9hdm8az5b08vzkgx-glibc-2.35-163/lib/libm.so.6
7fc1a0cb0000-7fc1a0d23000 r-xp 0000e000 00:f6e 4611686019027979927       /nix/store/4nlgxhb09sdr51nc9hdm8az5b08vzkgx-glibc-2.35-163/lib/libm.so.6
7fc1a0d23000-7fc1a0d80000 r--p 00081000 00:f6e 4611686019027979927       /nix/store/4nlgxhb09sdr51nc9hdm8az5b08vzkgx-glibc-2.35-163/lib/libm.so.6
7fc1a0d80000-7fc1a0d81000 r--p 000dd000 00:f6e 4611686019027979927       /nix/store/4nlgxhb09sdr51nc9hdm8az5b08vzkgx-glibc-2.35-163/lib/libm.so.6
7fc1a0d81000-7fc1a0d82000 rw-p 000de000 00:f6e 4611686019027979927       /nix/store/4nlgxhb09sdr51nc9hdm8az5b08vzkgx-glibc-2.35-163/lib/libm.so.6
7fc1a0d82000-7fc1a0d83000 r--p 00000000 00:f6e 4611686019027979946       /nix/store/4nlgxhb09sdr51nc9hdm8az5b08vzkgx-glibc-2.35-163/lib/librt.so.1
7fc1a0d83000-7fc1a0d84000 r-xp 00001000 00:f6e 4611686019027979946       /nix/store/4nlgxhb09sdr51nc9hdm8az5b08vzkgx-glibc-2.35-163/lib/librt.so.1
7fc1a0d84000-7fc1a0d85000 r--p 00002000 00:f6e 4611686019027979946       /nix/store/4nlgxhb09sdr51nc9hdm8az5b08vzkgx-glibc-2.35-163/lib/librt.so.1
7fc1a0d85000-7fc1a0d86000 r--p 00002000 00:f6e 4611686019027979946       /nix/store/4nlgxhb09sdr51nc9hdm8az5b08vzkgx-glibc-2.35-163/lib/librt.so.1
7fc1a0d86000-7fc1a0d87000 rw-p 00003000 00:f6e 4611686019027979946       /nix/store/4nlgxhb09sdr51nc9hdm8az5b08vzkgx-glibc-2.35-163/lib/librt.so.1
7fc1a0d87000-7fc1a1e9a000 r-xp 00000000 00:f6e 4611686019135360866       /nix/store/gpxl5qgg8kicmcvivwmybwjlpf7wh20l-graalvm17-ce-22.3.0/lib/server/libjvm.so
7fc1a1e9a000-7fc1a1e9b000 ---p 01113000 00:f6e 4611686019135360866       /nix/store/gpxl5qgg8kicmcvivwmybwjlpf7wh20l-graalvm17-ce-22.3.0/lib/server/libjvm.so
7fc1a1e9b000-7fc1a1f50000 r--p 01113000 00:f6e 4611686019135360866       /nix/store/gpxl5qgg8kicmcvivwmybwjlpf7wh20l-graalvm17-ce-22.3.0/lib/server/libjvm.so
7fc1a1f50000-7fc1a1f84000 rw-p 011c8000 00:f6e 4611686019135360866       /nix/store/gpxl5qgg8kicmcvivwmybwjlpf7wh20l-graalvm17-ce-22.3.0/lib/server/libjvm.so
7fc1a1f84000-7fc1a1fe0000 rw-p 00000000 00:00 0 
7fc1a1fe0000-7fc1a2008000 r--p 00000000 00:f6e 4611686019027979918       /nix/store/4nlgxhb09sdr51nc9hdm8az5b08vzkgx-glibc-2.35-163/lib/libc.so.6
7fc1a2008000-7fc1a217e000 r-xp 00028000 00:f6e 4611686019027979918       /nix/store/4nlgxhb09sdr51nc9hdm8az5b08vzkgx-glibc-2.35-163/lib/libc.so.6
7fc1a217e000-7fc1a21d6000 r--p 0019e000 00:f6e 4611686019027979918       /nix/store/4nlgxhb09sdr51nc9hdm8az5b08vzkgx-glibc-2.35-163/lib/libc.so.6
7fc1a21d6000-7fc1a21da000 r--p 001f6000 00:f6e 4611686019027979918       /nix/store/4nlgxhb09sdr51nc9hdm8az5b08vzkgx-glibc-2.35-163/lib/libc.so.6
7fc1a21da000-7fc1a21dc000 rw-p 001fa000 00:f6e 4611686019027979918       /nix/store/4nlgxhb09sdr51nc9hdm8az5b08vzkgx-glibc-2.35-163/lib/libc.so.6
7fc1a21dc000-7fc1a21eb000 rw-p 00000000 00:00 0 
7fc1a21eb000-7fc1a21ec000 r--p 00000000 00:f6e 4611686019027979923       /nix/store/4nlgxhb09sdr51nc9hdm8az5b08vzkgx-glibc-2.35-163/lib/libdl.so.2
7fc1a21ec000-7fc1a21ed000 r-xp 00001000 00:f6e 4611686019027979923       /nix/store/4nlgxhb09sdr51nc9hdm8az5b08vzkgx-glibc-2.35-163/lib/libdl.so.2
7fc1a21ed000-7fc1a21ee000 r--p 00002000 00:f6e 4611686019027979923       /nix/store/4nlgxhb09sdr51nc9hdm8az5b08vzkgx-glibc-2.35-163/lib/libdl.so.2
7fc1a21ee000-7fc1a21ef000 r--p 00002000 00:f6e 4611686019027979923       /nix/store/4nlgxhb09sdr51nc9hdm8az5b08vzkgx-glibc-2.35-163/lib/libdl.so.2
7fc1a21ef000-7fc1a21f0000 rw-p 00003000 00:f6e 4611686019027979923       /nix/store/4nlgxhb09sdr51nc9hdm8az5b08vzkgx-glibc-2.35-163/lib/libdl.so.2
7fc1a21f0000-7fc1a21f1000 r--p 00000000 00:f6e 4611686019027979942       /nix/store/4nlgxhb09sdr51nc9hdm8az5b08vzkgx-glibc-2.35-163/lib/libpthread.so.0
7fc1a21f1000-7fc1a21f2000 r-xp 00001000 00:f6e 4611686019027979942       /nix/store/4nlgxhb09sdr51nc9hdm8az5b08vzkgx-glibc-2.35-163/lib/libpthread.so.0
7fc1a21f2000-7fc1a21f3000 r--p 00002000 00:f6e 4611686019027979942       /nix/store/4nlgxhb09sdr51nc9hdm8az5b08vzkgx-glibc-2.35-163/lib/libpthread.so.0
7fc1a21f3000-7fc1a21f4000 r--p 00002000 00:f6e 4611686019027979942       /nix/store/4nlgxhb09sdr51nc9hdm8az5b08vzkgx-glibc-2.35-163/lib/libpthread.so.0
7fc1a21f4000-7fc1a21f5000 rw-p 00003000 00:f6e 4611686019027979942       /nix/store/4nlgxhb09sdr51nc9hdm8az5b08vzkgx-glibc-2.35-163/lib/libpthread.so.0
7fc1a21f5000-7fc1a2203000 r-xp 00000000 00:f6e 4611686019135190033       /nix/store/gpxl5qgg8kicmcvivwmybwjlpf7wh20l-graalvm17-ce-22.3.0/lib/libjli.so
7fc1a2203000-7fc1a2204000 ---p 0000e000 00:f6e 4611686019135190033       /nix/store/gpxl5qgg8kicmcvivwmybwjlpf7wh20l-graalvm17-ce-22.3.0/lib/libjli.so
7fc1a2204000-7fc1a2205000 r--p 0000e000 00:f6e 4611686019135190033       /nix/store/gpxl5qgg8kicmcvivwmybwjlpf7wh20l-graalvm17-ce-22.3.0/lib/libjli.so
7fc1a2205000-7fc1a2206000 rw-p 0000f000 00:f6e 4611686019135190033       /nix/store/gpxl5qgg8kicmcvivwmybwjlpf7wh20l-graalvm17-ce-22.3.0/lib/libjli.so
7fc1a2206000-7fc1a2207000 rw-p 00012000 00:f6e 4611686019135190033       /nix/store/gpxl5qgg8kicmcvivwmybwjlpf7wh20l-graalvm17-ce-22.3.0/lib/libjli.so
7fc1a2207000-7fc1a220a000 r--p 00000000 00:f6e 4611686019106210071       /nix/store/026hln0aq1hyshaxsdvhg0kmcm6yf45r-zlib-1.2.13/lib/libz.so.1.2.13
7fc1a220a000-7fc1a221c000 r-xp 00003000 00:f6e 4611686019106210071       /nix/store/026hln0aq1hyshaxsdvhg0kmcm6yf45r-zlib-1.2.13/lib/libz.so.1.2.13
7fc1a221c000-7fc1a2223000 r--p 00015000 00:f6e 4611686019106210071       /nix/store/026hln0aq1hyshaxsdvhg0kmcm6yf45r-zlib-1.2.13/lib/libz.so.1.2.13
7fc1a2223000-7fc1a2224000 r--p 0001b000 00:f6e 4611686019106210071       /nix/store/026hln0aq1hyshaxsdvhg0kmcm6yf45r-zlib-1.2.13/lib/libz.so.1.2.13
7fc1a2224000-7fc1a2225000 rw-p 0001c000 00:f6e 4611686019106210071       /nix/store/026hln0aq1hyshaxsdvhg0kmcm6yf45r-zlib-1.2.13/lib/libz.so.1.2.13
7fc1a2225000-7fc1a2227000 rw-p 00000000 00:00 0 
7fc1a2227000-7fc1a2229000 r--p 00000000 00:f6e 4611686019027979912       /nix/store/4nlgxhb09sdr51nc9hdm8az5b08vzkgx-glibc-2.35-163/lib/ld-linux-x86-64.so.2
7fc1a2229000-7fc1a2250000 r-xp 00002000 00:f6e 4611686019027979912       /nix/store/4nlgxhb09sdr51nc9hdm8az5b08vzkgx-glibc-2.35-163/lib/ld-linux-x86-64.so.2
7fc1a2250000-7fc1a225c000 r--p 00029000 00:f6e 4611686019027979912       /nix/store/4nlgxhb09sdr51nc9hdm8az5b08vzkgx-glibc-2.35-163/lib/ld-linux-x86-64.so.2
7fc1a225c000-7fc1a225e000 r--p 00034000 00:f6e 4611686019027979912       /nix/store/4nlgxhb09sdr51nc9hdm8az5b08vzkgx-glibc-2.35-163/lib/ld-linux-x86-64.so.2
7fc1a225e000-7fc1a2260000 rw-p 00036000 00:f6e 4611686019027979912       /nix/store/4nlgxhb09sdr51nc9hdm8az5b08vzkgx-glibc-2.35-163/lib/ld-linux-x86-64.so.2
7ffc74ace000-7ffc74af2000 rw-p 00000000 00:00 0                          [stack]
7ffc74bda000-7ffc74bde000 r--p 00000000 00:00 0                          [vvar]
7ffc74bde000-7ffc74be0000 r-xp 00000000 00:00 0                          [vdso]
ffffffffff600000-ffffffffff601000 --xp 00000000 00:00 0                  [vsyscall]


VM Arguments:
jvm_args: -XX:ThreadPriorityPolicy=1 -XX:+UnlockExperimentalVMOptions -XX:+EnableJVMCIProduct -XX:JVMCIThreadsPerNativeLibraryRuntime=1 -XX:-UnlockExperimentalVMOptions -Declipse.application=org.eclipse.jdt.ls.core.id1 -Dosgi.bundles.defaultStartLevel=4 -Declipse.product=org.eclipse.jdt.ls.core.product -Dlog.level=ALL -Xverify:none -XX:+UseParallelGC -XX:GCTimeRatio=4 -XX:AdaptiveSizePolicyWeight=90 -Dsun.zip.disableMemoryMapping=true -Xmx512m -Xms100m 
java_command: /nix/store/m6gcpi1ii6rghy04cjwjddcavv7i90df-jdt-language-server-1.9.0/share/java/plugins/org.eclipse.equinox.launcher_1.6.400.v20210924-0641.jar --add-modules=ALL-SYSTEM --add-opens java.base/java.util=ALL-UNNAMED --add-opens java.base/java.lang=ALL-UNNAMED -configuration /home/runner/.cache/jdt-language-server/config -data /home/runner/.cache/jdt-language-server/data/home/runner/PredatorPrey
java_class_path (initial): /nix/store/m6gcpi1ii6rghy04cjwjddcavv7i90df-jdt-language-server-1.9.0/share/java/plugins/org.eclipse.equinox.launcher_1.6.400.v20210924-0641.jar
Launcher Type: SUN_STANDARD

[Global flags]
    uintx AdaptiveSizePolicyWeight                 = 90                                        {product} {command line}
     intx CICompilerCount                          = 2                                         {product} {ergonomic}
     bool EnableJVMCIProduct                       = true                                {JVMCI product} {jimage}
    uintx GCTimeRatio                              = 4                                         {product} {command line}
   size_t InitialHeapSize                          = 104857600                                 {product} {command line}
     uint JVMCIThreadsPerNativeLibraryRuntime      = 1                                   {JVMCI product} {jimage}
   size_t MaxHeapSize                              = 536870912                                 {product} {command line}
   size_t MaxNewSize                               = 178782208                                 {product} {ergonomic}
   size_t MinHeapDeltaBytes                        = 524288                                    {product} {ergonomic}
   size_t MinHeapSize                              = 104857600                                 {product} {command line}
   size_t NewSize                                  = 34603008                                  {product} {ergonomic}
    uintx NonNMethodCodeHeapSize                   = 5826188                                {pd product} {ergonomic}
    uintx NonProfiledCodeHeapSize                  = 122916026                              {pd product} {ergonomic}
   size_t OldSize                                  = 70254592                                  {product} {ergonomic}
    uintx ProfiledCodeHeapSize                     = 122916026                              {pd product} {ergonomic}
    uintx ReservedCodeCacheSize                    = 251658240                              {pd product} {ergonomic}
     bool SegmentedCodeCache                       = true                                      {product} {ergonomic}
   size_t SoftMaxHeapSize                          = 536870912                              {manageable} {ergonomic}
     intx ThreadPriorityPolicy                     = 1                                         {product} {jimage}
     bool UseCompressedClassPointers               = true                           {product lp64_product} {ergonomic}
     bool UseCompressedOops                        = true                           {product lp64_product} {ergonomic}
     bool UseParallelGC                            = true                                      {product} {command line}

Logging:
Log output configuration:
 #0: stdout all=warning uptime,level,tags
 #1: stderr all=off uptime,level,tags

Environment Variables:
JAVA_HOME=/nix/store/gpxl5qgg8kicmcvivwmybwjlpf7wh20l-graalvm17-ce-22.3.0
PATH=/nix/store/1d6ian3r8kdzspw8hacjhl3xkp40g1lj-binutils-wrapper-2.39/bin:/nix/store/dq0xwmsk1g0i2ayg6pb7y87na2knzylh-gcc-wrapper-11.3.0/bin:/nix/store/bap4d0lpcrhpwmpb8ayjcgkmvfj62lnq-bash-interactive-5.1-p16/bin:/nix/store/pr5n59mb4jzmfx6kanwxly0l07p861fg-patchelf-0.15.0/bin:/nix/store/1gf2flfqnpqbr1b4p4qz2f72y42bs56r-gcc-11.3.0/bin:/nix/store/57xv61c5zi8pphjbcwxxjlgc34p61ic9-glibc-2.35-163-bin/bin:/nix/store/a7gvj343m05j2s32xcnwr35v31ynlypr-coreutils-9.1/bin:/nix/store/039g378vc3pc3dvi9dzdlrd0i4q93qwf-binutils-2.39/bin:/nix/store/gpxl5qgg8kicmcvivwmybwjlpf7wh20l-graalvm17-ce-22.3.0/bin:/nix/store/6z9ag3ihc8mq2hzsw48lhbznvzny65nz-apache-maven-3.8.6/bin:/nix/store/m6gcpi1ii6rghy04cjwjddcavv7i90df-jdt-language-server-1.9.0/bin:/nix/store/84xs5alhs01zrbr4ywm05kxbjbp5590l-java-debug/bin:/nix/store/mydc6f4k2z73xlcz7ilif3v2lcaiqvza-findutils-4.9.0/bin:/nix/store/j9p3g8472iijd50vhdprx0nmk2fqn5gv-diffutils-3.8/bin:/nix/store/89zs7rms6x00xfq4dq6m7mjnhkr8a6r4-gnused-4.8/bin:/nix/store/86bp03jkmsl6f92w0yzg4s59g5mhxwmy-gnugrep-3.7/bin:/nix/store/hwcdqw4jrjnd37wxqgsd47hd0j8bnj09-gawk-5.1.1/bin:/nix/store/cfbhw8r8ags41vwqaz47r583d0p4h4a1-gnutar-1.34/bin:/nix/store/p3m1ndl1lapwrlh698bnb5lvvxh67378-gzip-1.12/bin:/nix/store/a8mhcagrsly7c7mpjrpsnaahk4aax056-bzip2-1.0.8-bin/bin:/nix/store/mblgz65m3zv9x548a3d5m96fj2pbwr09-gnumake-4.3/bin:/nix/store/dsd5gz46hdbdk2rfdimqddhq6m8m8fqs-bash-5.1-p16/bin:/nix/store/v7ljksji50mg3w61dykaa3n3y79n6nil-patch-2.7.6/bin:/nix/store/zlcnmqq14jz5x9439jf937mvayyl63da-xz-5.2.7-bin/bin:/nix/store/y6aj732zm9m87c82fpvf103a1xb22blp-file-5.43/bin:/nix/store/sgqd0ajghcv2axfl1lad0b1alyavp0dc-prybar-elisp-0.0.0-67f7a00/bin:/nix/store/p3hsvljpgs68jqwar41lc0jqhjj734lf-prybar-lua-0.0.0-67f7a00/bin:/nix/store/qzxs2gybds3s9kb1vkaflpgm2nwr85fh-prybar-python3-0.0.0-67f7a00/bin:/nix/store/km94z9mxp8w4m8gxxp5mbfpdf3nkfvd8-prybar-sqlite-0.0.0-67f7a00/bin:/nix/store/2pnc7b76asw0z59c4l6h6qy8arwqrii1-prybar-tcl-0.0.0-67f7a00/bin:/nix/store/hpbvrlwd5viqmvcaisb3x0118i913a9n-st
LD_LIBRARY_PATH=/nix/store/a4pff549sk2idnkpzk5nsfps3mdkdnvm-cups-2.4.2-lib/lib:/nix/store/72mqxxhh3cy5yifh92wh2yb8cl2hikyy-cairo-1.16.0/lib:/nix/store/2k366jrbsra97gjfxwvrhvixjfxdach5-glib-2.74.1/lib:/nix/store/2j2znigd8ak37rlwh9khz0ry3clqlw1l-gtk+3-3.24.34/lib:/nix/store/hisqvx32cd57apbpcsnkpx6k3549wql1-libglvnd-1.4.0/lib:/nix/store/p36pgcv991mq5srvg765b78yqpxvk3qs-mesa-21.3.3-drivers/lib:/nix/store/mav4251if1ahjq5vkpwycyyvnmy459c4-pulseaudio-14.2/lib
DISPLAY=:0
LANG=en_US.UTF-8

Signal Handlers:
   SIGSEGV: crash_handler in libjvm.so, mask=11100100010111111101111111111110, flags=SA_RESTART|SA_SIGINFO
    SIGBUS: crash_handler in libjvm.so, mask=11100100010111111101111111111110, flags=SA_RESTART|SA_SIGINFO
    SIGFPE: crash_handler in libjvm.so, mask=11100100010111111101111111111110, flags=SA_RESTART|SA_SIGINFO
   SIGPIPE: IsolateEnterStub_IgnoreSIGPIPEStartupHook_noopSignalHandler_8f19bff2f35b5f630d83b364d6b2339320d4ec70_216e8361c6bc87a8f89f58cc10d3b2fd4415bf87 in libjvmcicompiler.so, mask=00000000000000000000000000000000, flags=SA_RESTART
  *** Handler was modified!
  *** Expected: javaSignalHandler in libjvm.so, mask=11100100110111111111111111111110, flags=SA_RESTART|SA_SIGINFO
   SIGXFSZ: javaSignalHandler in libjvm.so, mask=11100100010111111101111111111110, flags=SA_RESTART|SA_SIGINFO
    SIGILL: crash_handler in libjvm.so, mask=11100100010111111101111111111110, flags=SA_RESTART|SA_SIGINFO
   SIGUSR2: SR_handler in libjvm.so, mask=00000000000000000000000000000000, flags=SA_RESTART|SA_SIGINFO
    SIGHUP: UserHandler in libjvm.so, mask=11100100010111111101111111111110, flags=SA_RESTART|SA_SIGINFO
    SIGINT: UserHandler in libjvm.so, mask=11100100010111111101111111111110, flags=SA_RESTART|SA_SIGINFO
   SIGTERM: UserHandler in libjvm.so, mask=11100100010111111101111111111110, flags=SA_RESTART|SA_SIGINFO
   SIGQUIT: UserHandler in libjvm.so, mask=11100100010111111101111111111110, flags=SA_RESTART|SA_SIGINFO
  *** Handler was modified!
  *** Expected: javaSignalHandler in libjvm.so, mask=11100100110111111111111111111110, flags=SA_RESTART|SA_SIGINFO
   SIGTRAP: crash_handler in libjvm.so, mask=11100100010111111101111111111110, flags=SA_RESTART|SA_SIGINFO


---------------  S Y S T E M  ---------------

OS:
DISTRIB_ID=Ubuntu
DISTRIB_RELEASE=20.04
DISTRIB_CODENAME=focal
DISTRIB_DESCRIPTION="Ubuntu 20.04.2 LTS"
uname: Linux 5.15.0-1027-gcp #34~20.04.1-Ubuntu SMP Mon Jan 9 18:40:09 UTC 2023 x86_64
OS uptime: 0 days 3:45 hours
libc: glibc 2.35 NPTL 2.35 
rlimit (soft/hard): STACK 8192k/infinity , CORE infinity/infinity , NPROC infinity/infinity , NOFILE 5242/5242 , AS infinity/infinity , CPU infinity/infinity , DATA infinity/infinity , FSIZE infinity/infinity , MEMLOCK 64k/64k
load average: 8.36 7.02 7.02

/proc/meminfo:
MemTotal:       65852736 kB
MemFree:        41425676 kB
MemAvailable:   54367576 kB
Buffers:         1741048 kB
Cached:         10215668 kB
SwapCached:            0 kB
Active:          5233276 kB
Inactive:       15886388 kB
Active(anon):      11888 kB
Inactive(anon):  8967100 kB
Active(file):    5221388 kB
Inactive(file):  6919288 kB
Unevictable:       44836 kB
Mlocked:           44836 kB
SwapTotal:             0 kB
SwapFree:              0 kB
Dirty:             12348 kB
Writeback:            56 kB
AnonPages:       8267936 kB
Mapped:          1548284 kB
Shmem:             48760 kB
KReclaimable:    1527824 kB
Slab:            2474716 kB
SReclaimable:    1527824 kB
SUnreclaim:       946892 kB
KernelStack:      365204 kB
PageTables:        97552 kB
NFS_Unstable:          0 kB
Bounce:                0 kB
WritebackTmp:          0 kB
CommitLimit:    32926368 kB
Committed_AS:   39577536 kB
VmallocTotal:   34359738367 kB
VmallocUsed:      393380 kB
VmallocChunk:          0 kB
Percpu:            40576 kB
HardwareCorrupted:     0 kB
AnonHugePages:    503808 kB
ShmemHugePages:        0 kB
ShmemPmdMapped:        0 kB
FileHugePages:         0 kB
FilePmdMapped:         0 kB
HugePages_Total:       0
HugePages_Free:        0
HugePages_Rsvd:        0
HugePages_Surp:        0
Hugepagesize:       2048 kB
Hugetlb:               0 kB
DirectMap4k:     2929472 kB
DirectMap2M:    27475968 kB
DirectMap1G:    38797312 kB

/sys/kernel/mm/transparent_hugepage/enabled: always [madvise] never
/sys/kernel/mm/transparent_hugepage/defrag (defrag/compaction efforts parameter): always defer defer+madvise [madvise] never

Process Memory:
Virtual Size: 4506236K (peak: 4599612K)
Resident Set Size: 725132K (peak: 757408K) (anon: 530472K, file: 194660K, shmem: 0K)
Swapped out: 0K
C-Heap outstanding allocations: 37862K, retained: 7817K
glibc malloc tunables: (default)

/proc/sys/kernel/threads-max (system-wide limit on the number of threads): 514406
/proc/sys/vm/max_map_count (maximum number of memory map areas a process may have): 65530
/proc/sys/kernel/pid_max (system-wide limit on number of process identifiers): 4194304

container (cgroup) information:
container_type: cgroupv1
cpu_cpuset_cpus: 2-7
cpu_memory_nodes: 0
active_processor_count: 1
cpu_quota: 50000
cpu_period: 100000
cpu_shares: 512
memory_limit_in_bytes: 1048576 k
memory_and_swap_limit_in_bytes: 1048576 k
memory_soft_limit_in_bytes: 524288 k
memory_usage_in_bytes: 995872 k
memory_max_usage_in_bytes: 1048576 k
maximum number of tasks: 1000
current number of tasks: 46

KVM virtualization detected
Steal ticks since vm start: 0
Steal ticks percentage since vm start:  0.000

CPU: total 8 (initial active 1) (8 cores per cpu, 2 threads per core) family 23 model 49 stepping 0 microcode 0xffffffff, cx8, cmov, fxsr, ht, mmx, 3dnowpref, sse, sse2, sse3, ssse3, sse4a, sse4.1, sse4.2, popcnt, lzcnt, tsc, tscinvbit, avx, avx2, aes, clmul, bmi1, bmi2, adx, sha, fma, vzeroupper, clflush, clflushopt, hv
CPU Model and flags from /proc/cpuinfo:
model name	: AMD EPYC 7B12
flags		: fpu vme de pse tsc msr pae mce cx8 apic sep mtrr pge mca cmov pat pse36 clflush mmx fxsr sse sse2 ht syscall nx mmxext fxsr_opt pdpe1gb rdtscp lm constant_tsc rep_good nopl nonstop_tsc cpuid extd_apicid tsc_known_freq pni pclmulqdq ssse3 fma cx16 sse4_1 sse4_2 movbe popcnt aes xsave avx f16c rdrand hypervisor lahf_lm cmp_legacy cr8_legacy abm sse4a misalignsse 3dnowprefetch osvw topoext ssbd ibrs ibpb stibp vmmcall fsgsbase tsc_adjust bmi1 avx2 smep bmi2 rdseed adx smap clflushopt clwb sha_ni xsaveopt xsavec xgetbv1 clzero xsaveerptr arat npt nrip_save umip rdpid

Online cpus: 0-7
Offline cpus: 
BIOS frequency limitation: <Not Available>
Frequency switch latency (ns): <Not Available>
Available cpu frequencies: <Not Available>
Current governor: <Not Available>
Core performance/turbo boost: <Not Available>

Memory: 4k page, physical 1048576k(52696k free), swap 0k(0k free)
Page Sizes: 4k

vm_info: OpenJDK 64-Bit Server VM (17.0.5+8-jvmci-22.3-b08) for linux-amd64 JRE (17.0.5+8-jvmci-22.3-b08), built on Oct 19 2022 09:01:27 by "buildslave" with gcc 10.3.0

END.
